{"D:\\newBTL\\Badminton-manager-project\\Backend\\index.js": {"path":"D:\\newBTL\\Badminton-manager-project\\Backend\\index.js","statementMap":{"0":{"start":{"line":36,"column":0},"end":{"line":38,"column":1}},"1":{"start":{"line":37,"column":2},"end":{"line":37,"column":18}},"2":{"start":{"line":40,"column":12},"end":{"line":40,"column":21}},"3":{"start":{"line":41,"column":23},"end":{"line":41,"column":96}},"4":{"start":{"line":41,"column":77},"end":{"line":41,"column":83}},"5":{"start":{"line":44,"column":0},"end":{"line":59,"column":2}},"6":{"start":{"line":60,"column":0},"end":{"line":60,"column":41}},"7":{"start":{"line":61,"column":0},"end":{"line":68,"column":2}},"8":{"start":{"line":69,"column":0},"end":{"line":69,"column":24}},"9":{"start":{"line":72,"column":0},"end":{"line":84,"column":2}},"10":{"start":{"line":87,"column":0},"end":{"line":89,"column":3}},"11":{"start":{"line":88,"column":2},"end":{"line":88,"column":43}},"12":{"start":{"line":93,"column":18},"end":{"line":93,"column":52}},"13":{"start":{"line":95,"column":0},"end":{"line":96,"column":29}},"14":{"start":{"line":99,"column":0},"end":{"line":99,"column":34}},"15":{"start":{"line":100,"column":0},"end":{"line":100,"column":37}},"16":{"start":{"line":101,"column":0},"end":{"line":101,"column":45}},"17":{"start":{"line":102,"column":0},"end":{"line":102,"column":39}},"18":{"start":{"line":103,"column":0},"end":{"line":103,"column":39}},"19":{"start":{"line":104,"column":0},"end":{"line":104,"column":51}},"20":{"start":{"line":105,"column":0},"end":{"line":105,"column":34}},"21":{"start":{"line":106,"column":0},"end":{"line":106,"column":51}},"22":{"start":{"line":107,"column":0},"end":{"line":107,"column":55}},"23":{"start":{"line":108,"column":0},"end":{"line":108,"column":52}},"24":{"start":{"line":109,"column":0},"end":{"line":109,"column":50}},"25":{"start":{"line":110,"column":0},"end":{"line":110,"column":44}},"26":{"start":{"line":111,"column":0},"end":{"line":111,"column":56}},"27":{"start":{"line":112,"column":0},"end":{"line":112,"column":38}},"28":{"start":{"line":113,"column":0},"end":{"line":113,"column":43}},"29":{"start":{"line":114,"column":0},"end":{"line":114,"column":38}},"30":{"start":{"line":115,"column":0},"end":{"line":115,"column":56}},"31":{"start":{"line":117,"column":15},"end":{"line":117,"column":37}},"32":{"start":{"line":120,"column":11},"end":{"line":126,"column":2}},"33":{"start":{"line":127,"column":0},"end":{"line":127,"column":15}},"34":{"start":{"line":128,"column":0},"end":{"line":128,"column":15}},"35":{"start":{"line":132,"column":0},"end":{"line":139,"column":1}},"36":{"start":{"line":133,"column":2},"end":{"line":133,"column":14}},"37":{"start":{"line":134,"column":15},"end":{"line":134,"column":39}},"38":{"start":{"line":135,"column":2},"end":{"line":135,"column":74}},"39":{"start":{"line":135,"column":28},"end":{"line":135,"column":72}},"40":{"start":{"line":138,"column":4},"end":{"line":138,"column":101}},"41":{"start":{"line":141,"column":0},"end":{"line":143,"column":3}},"42":{"start":{"line":142,"column":2},"end":{"line":142,"column":33}},"43":{"start":{"line":146,"column":0},"end":{"line":149,"column":3}},"44":{"start":{"line":147,"column":2},"end":{"line":147,"column":27}},"45":{"start":{"line":148,"column":2},"end":{"line":148,"column":79}}},"fnMap":{"0":{"name":"(anonymous_0)","decl":{"start":{"line":41,"column":57},"end":{"line":41,"column":58}},"loc":{"start":{"line":41,"column":77},"end":{"line":41,"column":83}},"line":41},"1":{"name":"(anonymous_1)","decl":{"start":{"line":87,"column":43},"end":{"line":87,"column":44}},"loc":{"start":{"line":87,"column":57},"end":{"line":89,"column":1}},"line":87},"2":{"name":"(anonymous_2)","decl":{"start":{"line":135,"column":22},"end":{"line":135,"column":23}},"loc":{"start":{"line":135,"column":28},"end":{"line":135,"column":72}},"line":135},"3":{"name":"(anonymous_3)","decl":{"start":{"line":141,"column":13},"end":{"line":141,"column":14}},"loc":{"start":{"line":141,"column":27},"end":{"line":143,"column":1}},"line":141},"4":{"name":"(anonymous_4)","decl":{"start":{"line":146,"column":8},"end":{"line":146,"column":9}},"loc":{"start":{"line":146,"column":33},"end":{"line":149,"column":1}},"line":146}},"branchMap":{"0":{"loc":{"start":{"line":36,"column":0},"end":{"line":38,"column":1}},"type":"if","locations":[{"start":{"line":36,"column":0},"end":{"line":38,"column":1}},{"start":{},"end":{}}],"line":36},"1":{"loc":{"start":{"line":41,"column":23},"end":{"line":41,"column":96}},"type":"cond-expr","locations":[{"start":{"line":41,"column":57},"end":{"line":41,"column":83}},{"start":{"line":41,"column":86},"end":{"line":41,"column":96}}],"line":41},"2":{"loc":{"start":{"line":74,"column":12},"end":{"line":74,"column":59}},"type":"binary-expr","locations":[{"start":{"line":74,"column":12},"end":{"line":74,"column":38}},{"start":{"line":74,"column":42},"end":{"line":74,"column":59}}],"line":74},"3":{"loc":{"start":{"line":81,"column":16},"end":{"line":81,"column":70}},"type":"cond-expr","locations":[{"start":{"line":81,"column":56},"end":{"line":81,"column":62}},{"start":{"line":81,"column":65},"end":{"line":81,"column":70}}],"line":81},"4":{"loc":{"start":{"line":132,"column":0},"end":{"line":139,"column":1}},"type":"if","locations":[{"start":{"line":132,"column":0},"end":{"line":139,"column":1}},{"start":{"line":136,"column":7},"end":{"line":139,"column":1}}],"line":132},"5":{"loc":{"start":{"line":134,"column":15},"end":{"line":134,"column":39}},"type":"binary-expr","locations":[{"start":{"line":134,"column":15},"end":{"line":134,"column":31}},{"start":{"line":134,"column":35},"end":{"line":134,"column":39}}],"line":134}},"s":{"0":0,"1":0,"2":0,"3":0,"4":0,"5":0,"6":0,"7":0,"8":0,"9":0,"10":0,"11":0,"12":0,"13":0,"14":0,"15":0,"16":0,"17":0,"18":0,"19":0,"20":0,"21":0,"22":0,"23":0,"24":0,"25":0,"26":0,"27":0,"28":0,"29":0,"30":0,"31":0,"32":0,"33":0,"34":0,"35":0,"36":0,"37":0,"38":0,"39":0,"40":0,"41":0,"42":0,"43":0,"44":0,"45":0},"f":{"0":0,"1":0,"2":0,"3":0,"4":0},"b":{"0":[0,0],"1":[0,0],"2":[0,0],"3":[0,0],"4":[0,0],"5":[0,0]}}
,"D:\\newBTL\\Badminton-manager-project\\Backend\\config\\Mongodb.js": {"path":"D:\\newBTL\\Badminton-manager-project\\Backend\\config\\Mongodb.js","statementMap":{"0":{"start":{"line":3,"column":0},"end":{"line":5,"column":1}},"1":{"start":{"line":4,"column":2},"end":{"line":4,"column":18}},"2":{"start":{"line":9,"column":18},"end":{"line":42,"column":1}},"3":{"start":{"line":12,"column":2},"end":{"line":17,"column":3}},"4":{"start":{"line":13,"column":4},"end":{"line":13,"column":101}},"5":{"start":{"line":16,"column":4},"end":{"line":16,"column":11}},"6":{"start":{"line":19,"column":2},"end":{"line":41,"column":3}},"7":{"start":{"line":20,"column":31},"end":{"line":20,"column":52}},"8":{"start":{"line":22,"column":4},"end":{"line":25,"column":5}},"9":{"start":{"line":23,"column":6},"end":{"line":23,"column":87}},"10":{"start":{"line":24,"column":6},"end":{"line":24,"column":22}},"11":{"start":{"line":27,"column":4},"end":{"line":27,"column":41}},"12":{"start":{"line":28,"column":4},"end":{"line":28,"column":36}},"13":{"start":{"line":29,"column":4},"end":{"line":29,"column":66}},"14":{"start":{"line":31,"column":4},"end":{"line":36,"column":7}},"15":{"start":{"line":37,"column":4},"end":{"line":37,"column":60}},"16":{"start":{"line":39,"column":4},"end":{"line":39,"column":62}},"17":{"start":{"line":40,"column":4},"end":{"line":40,"column":20}}},"fnMap":{"0":{"name":"(anonymous_0)","decl":{"start":{"line":9,"column":18},"end":{"line":9,"column":19}},"loc":{"start":{"line":9,"column":30},"end":{"line":42,"column":1}},"line":9}},"branchMap":{"0":{"loc":{"start":{"line":3,"column":0},"end":{"line":5,"column":1}},"type":"if","locations":[{"start":{"line":3,"column":0},"end":{"line":5,"column":1}},{"start":{},"end":{}}],"line":3},"1":{"loc":{"start":{"line":12,"column":2},"end":{"line":17,"column":3}},"type":"if","locations":[{"start":{"line":12,"column":2},"end":{"line":17,"column":3}},{"start":{},"end":{}}],"line":12},"2":{"loc":{"start":{"line":22,"column":4},"end":{"line":25,"column":5}},"type":"if","locations":[{"start":{"line":22,"column":4},"end":{"line":25,"column":5}},{"start":{},"end":{}}],"line":22}},"s":{"0":0,"1":0,"2":0,"3":0,"4":0,"5":0,"6":0,"7":0,"8":0,"9":0,"10":0,"11":0,"12":0,"13":0,"14":0,"15":0,"16":0,"17":0},"f":{"0":0},"b":{"0":[0,0],"1":[0,0],"2":[0,0]}}
,"D:\\newBTL\\Badminton-manager-project\\Backend\\config\\dbChangeStream.js": {"path":"D:\\newBTL\\Badminton-manager-project\\Backend\\config\\dbChangeStream.js","statementMap":{"0":{"start":{"line":5,"column":35},"end":{"line":45,"column":1}},"1":{"start":{"line":6,"column":2},"end":{"line":44,"column":3}},"2":{"start":{"line":8,"column":25},"end":{"line":8,"column":76}},"3":{"start":{"line":10,"column":4},"end":{"line":37,"column":7}},"4":{"start":{"line":11,"column":6},"end":{"line":11,"column":82}},"5":{"start":{"line":13,"column":6},"end":{"line":36,"column":7}},"6":{"start":{"line":21,"column":8},"end":{"line":29,"column":9}},"7":{"start":{"line":22,"column":10},"end":{"line":22,"column":61}},"8":{"start":{"line":23,"column":10},"end":{"line":23,"column":42}},"9":{"start":{"line":27,"column":10},"end":{"line":27,"column":48}},"10":{"start":{"line":28,"column":10},"end":{"line":28,"column":56}},"11":{"start":{"line":30,"column":8},"end":{"line":30,"column":72}},"12":{"start":{"line":33,"column":24},"end":{"line":33,"column":67}},"13":{"start":{"line":35,"column":8},"end":{"line":35,"column":53}},"14":{"start":{"line":39,"column":4},"end":{"line":41,"column":7}},"15":{"start":{"line":40,"column":6},"end":{"line":40,"column":62}},"16":{"start":{"line":43,"column":4},"end":{"line":43,"column":68}}},"fnMap":{"0":{"name":"(anonymous_0)","decl":{"start":{"line":5,"column":35},"end":{"line":5,"column":36}},"loc":{"start":{"line":5,"column":43},"end":{"line":45,"column":1}},"line":5},"1":{"name":"(anonymous_1)","decl":{"start":{"line":10,"column":30},"end":{"line":10,"column":31}},"loc":{"start":{"line":10,"column":48},"end":{"line":37,"column":5}},"line":10},"2":{"name":"(anonymous_2)","decl":{"start":{"line":39,"column":29},"end":{"line":39,"column":30}},"loc":{"start":{"line":39,"column":40},"end":{"line":41,"column":5}},"line":39}},"branchMap":{"0":{"loc":{"start":{"line":13,"column":6},"end":{"line":36,"column":7}},"type":"if","locations":[{"start":{"line":13,"column":6},"end":{"line":36,"column":7}},{"start":{},"end":{}}],"line":13},"1":{"loc":{"start":{"line":14,"column":8},"end":{"line":18,"column":70}},"type":"binary-expr","locations":[{"start":{"line":14,"column":8},"end":{"line":14,"column":41}},{"start":{"line":15,"column":9},"end":{"line":15,"column":42}},{"start":{"line":16,"column":10},"end":{"line":16,"column":48}},{"start":{"line":17,"column":10},"end":{"line":17,"column":55}},{"start":{"line":18,"column":10},"end":{"line":18,"column":69}}],"line":14},"2":{"loc":{"start":{"line":21,"column":8},"end":{"line":29,"column":9}},"type":"if","locations":[{"start":{"line":21,"column":8},"end":{"line":29,"column":9}},{"start":{"line":24,"column":15},"end":{"line":29,"column":9}}],"line":21}},"s":{"0":0,"1":0,"2":0,"3":0,"4":0,"5":0,"6":0,"7":0,"8":0,"9":0,"10":0,"11":0,"12":0,"13":0,"14":0,"15":0,"16":0},"f":{"0":0,"1":0,"2":0},"b":{"0":[0,0],"1":[0,0,0,0,0],"2":[0,0]}}
,"D:\\newBTL\\Badminton-manager-project\\Backend\\config\\inMemoryCache.js": {"path":"D:\\newBTL\\Badminton-manager-project\\Backend\\config\\inMemoryCache.js","statementMap":{"0":{"start":{"line":4,"column":22},"end":{"line":4,"column":56}}},"fnMap":{},"branchMap":{},"s":{"0":0},"f":{},"b":{}}
,"D:\\newBTL\\Badminton-manager-project\\Backend\\config\\socket.js": {"path":"D:\\newBTL\\Badminton-manager-project\\Backend\\config\\socket.js","statementMap":{"0":{"start":{"line":5,"column":14},"end":{"line":5,"column":89}},"1":{"start":{"line":7,"column":26},"end":{"line":61,"column":1}},"2":{"start":{"line":8,"column":2},"end":{"line":39,"column":5}},"3":{"start":{"line":9,"column":4},"end":{"line":9,"column":48}},"4":{"start":{"line":12,"column":24},"end":{"line":12,"column":33}},"5":{"start":{"line":15,"column":4},"end":{"line":32,"column":7}},"6":{"start":{"line":16,"column":6},"end":{"line":16,"column":73}},"7":{"start":{"line":19,"column":6},"end":{"line":22,"column":9}},"8":{"start":{"line":20,"column":8},"end":{"line":20,"column":27}},"9":{"start":{"line":21,"column":8},"end":{"line":21,"column":62}},"10":{"start":{"line":23,"column":6},"end":{"line":23,"column":26}},"11":{"start":{"line":26,"column":6},"end":{"line":31,"column":9}},"12":{"start":{"line":27,"column":21},"end":{"line":27,"column":42}},"13":{"start":{"line":28,"column":8},"end":{"line":28,"column":26}},"14":{"start":{"line":29,"column":8},"end":{"line":29,"column":30}},"15":{"start":{"line":30,"column":8},"end":{"line":30,"column":64}},"16":{"start":{"line":34,"column":4},"end":{"line":38,"column":7}},"17":{"start":{"line":35,"column":6},"end":{"line":35,"column":53}},"18":{"start":{"line":37,"column":6},"end":{"line":37,"column":26}},"19":{"start":{"line":42,"column":2},"end":{"line":57,"column":5}},"20":{"start":{"line":43,"column":4},"end":{"line":43,"column":77}},"21":{"start":{"line":44,"column":18},"end":{"line":44,"column":32}},"22":{"start":{"line":45,"column":4},"end":{"line":56,"column":5}},"23":{"start":{"line":46,"column":23},"end":{"line":46,"column":31}},"24":{"start":{"line":47,"column":19},"end":{"line":47,"column":27}},"25":{"start":{"line":48,"column":6},"end":{"line":48,"column":109}},"26":{"start":{"line":49,"column":22},"end":{"line":49,"column":65}},"27":{"start":{"line":50,"column":6},"end":{"line":50,"column":62}},"28":{"start":{"line":51,"column":19},"end":{"line":51,"column":40}},"29":{"start":{"line":52,"column":6},"end":{"line":52,"column":62}},"30":{"start":{"line":53,"column":6},"end":{"line":53,"column":82}},"31":{"start":{"line":55,"column":6},"end":{"line":55,"column":111}},"32":{"start":{"line":60,"column":2},"end":{"line":60,"column":26}}},"fnMap":{"0":{"name":"(anonymous_0)","decl":{"start":{"line":7,"column":26},"end":{"line":7,"column":27}},"loc":{"start":{"line":7,"column":34},"end":{"line":61,"column":1}},"line":7},"1":{"name":"(anonymous_1)","decl":{"start":{"line":8,"column":22},"end":{"line":8,"column":23}},"loc":{"start":{"line":8,"column":34},"end":{"line":39,"column":3}},"line":8},"2":{"name":"(anonymous_2)","decl":{"start":{"line":15,"column":36},"end":{"line":15,"column":37}},"loc":{"start":{"line":15,"column":61},"end":{"line":32,"column":5}},"line":15},"3":{"name":"(anonymous_3)","decl":{"start":{"line":19,"column":26},"end":{"line":19,"column":27}},"loc":{"start":{"line":19,"column":36},"end":{"line":22,"column":7}},"line":19},"4":{"name":"(anonymous_4)","decl":{"start":{"line":26,"column":20},"end":{"line":26,"column":21}},"loc":{"start":{"line":26,"column":30},"end":{"line":31,"column":7}},"line":26},"5":{"name":"(anonymous_5)","decl":{"start":{"line":34,"column":28},"end":{"line":34,"column":29}},"loc":{"start":{"line":34,"column":34},"end":{"line":38,"column":5}},"line":34},"6":{"name":"(anonymous_6)","decl":{"start":{"line":42,"column":30},"end":{"line":42,"column":31}},"loc":{"start":{"line":42,"column":52},"end":{"line":57,"column":3}},"line":42}},"branchMap":{"0":{"loc":{"start":{"line":45,"column":4},"end":{"line":56,"column":5}},"type":"if","locations":[{"start":{"line":45,"column":4},"end":{"line":56,"column":5}},{"start":{"line":54,"column":11},"end":{"line":56,"column":5}}],"line":45},"1":{"loc":{"start":{"line":45,"column":8},"end":{"line":45,"column":52}},"type":"binary-expr","locations":[{"start":{"line":45,"column":8},"end":{"line":45,"column":26}},{"start":{"line":45,"column":30},"end":{"line":45,"column":52}}],"line":45}},"s":{"0":0,"1":0,"2":0,"3":0,"4":0,"5":0,"6":0,"7":0,"8":0,"9":0,"10":0,"11":0,"12":0,"13":0,"14":0,"15":0,"16":0,"17":0,"18":0,"19":0,"20":0,"21":0,"22":0,"23":0,"24":0,"25":0,"26":0,"27":0,"28":0,"29":0,"30":0,"31":0,"32":0},"f":{"0":0,"1":0,"2":0,"3":0,"4":0,"5":0,"6":0},"b":{"0":[0,0],"1":[0,0]}}
,"D:\\newBTL\\Badminton-manager-project\\Backend\\controllers\\accountController.js": {"path":"D:\\newBTL\\Badminton-manager-project\\Backend\\controllers\\accountController.js","statementMap":{"0":{"start":{"line":3,"column":34},"end":{"line":25,"column":1}},"1":{"start":{"line":4,"column":2},"end":{"line":24,"column":3}},"2":{"start":{"line":5,"column":20},"end":{"line":5,"column":31}},"3":{"start":{"line":6,"column":49},"end":{"line":6,"column":57}},"4":{"start":{"line":8,"column":25},"end":{"line":12,"column":6}},"5":{"start":{"line":14,"column":4},"end":{"line":21,"column":7}},"6":{"start":{"line":23,"column":4},"end":{"line":23,"column":51}}},"fnMap":{"0":{"name":"(anonymous_0)","decl":{"start":{"line":3,"column":34},"end":{"line":3,"column":35}},"loc":{"start":{"line":3,"column":54},"end":{"line":25,"column":1}},"line":3}},"branchMap":{},"s":{"0":0,"1":0,"2":0,"3":0,"4":0,"5":0,"6":0},"f":{"0":0},"b":{}}
,"D:\\newBTL\\Badminton-manager-project\\Backend\\controllers\\adminController.js": {"path":"D:\\newBTL\\Badminton-manager-project\\Backend\\controllers\\adminController.js","statementMap":{"0":{"start":{"line":10,"column":2},"end":{"line":48,"column":3}},"1":{"start":{"line":11,"column":35},"end":{"line":11,"column":43}},"2":{"start":{"line":14,"column":4},"end":{"line":19,"column":5}},"3":{"start":{"line":15,"column":6},"end":{"line":18,"column":9}},"4":{"start":{"line":22,"column":29},"end":{"line":22,"column":72}},"5":{"start":{"line":25,"column":4},"end":{"line":29,"column":7}},"6":{"start":{"line":32,"column":4},"end":{"line":41,"column":7}},"7":{"start":{"line":43,"column":4},"end":{"line":43,"column":61}},"8":{"start":{"line":44,"column":4},"end":{"line":47,"column":7}}},"fnMap":{"0":{"name":"loginAdmin","decl":{"start":{"line":9,"column":22},"end":{"line":9,"column":32}},"loc":{"start":{"line":9,"column":49},"end":{"line":49,"column":1}},"line":9}},"branchMap":{"0":{"loc":{"start":{"line":14,"column":4},"end":{"line":19,"column":5}},"type":"if","locations":[{"start":{"line":14,"column":4},"end":{"line":19,"column":5}},{"start":{},"end":{}}],"line":14},"1":{"loc":{"start":{"line":14,"column":8},"end":{"line":14,"column":30}},"type":"binary-expr","locations":[{"start":{"line":14,"column":8},"end":{"line":14,"column":17}},{"start":{"line":14,"column":21},"end":{"line":14,"column":30}}],"line":14},"2":{"loc":{"start":{"line":46,"column":15},"end":{"line":46,"column":57}},"type":"binary-expr","locations":[{"start":{"line":46,"column":15},"end":{"line":46,"column":28}},{"start":{"line":46,"column":32},"end":{"line":46,"column":57}}],"line":46}},"s":{"0":0,"1":0,"2":0,"3":0,"4":0,"5":0,"6":0,"7":0,"8":0},"f":{"0":0},"b":{"0":[0,0],"1":[0,0],"2":[0,0]}}
,"D:\\newBTL\\Badminton-manager-project\\Backend\\controllers\\billManageController.js": {"path":"D:\\newBTL\\Badminton-manager-project\\Backend\\controllers\\billManageController.js","statementMap":{"0":{"start":{"line":4,"column":37},"end":{"line":19,"column":1}},"1":{"start":{"line":5,"column":4},"end":{"line":18,"column":5}},"2":{"start":{"line":6,"column":22},"end":{"line":6,"column":52}},"3":{"start":{"line":7,"column":8},"end":{"line":11,"column":11}},"4":{"start":{"line":13,"column":8},"end":{"line":13,"column":66}},"5":{"start":{"line":14,"column":8},"end":{"line":17,"column":11}},"6":{"start":{"line":22,"column":42},"end":{"line":46,"column":1}},"7":{"start":{"line":23,"column":4},"end":{"line":45,"column":5}},"8":{"start":{"line":24,"column":35},"end":{"line":24,"column":43}},"9":{"start":{"line":26,"column":8},"end":{"line":31,"column":9}},"10":{"start":{"line":27,"column":12},"end":{"line":30,"column":15}},"11":{"start":{"line":33,"column":28},"end":{"line":33,"column":73}},"12":{"start":{"line":34,"column":8},"end":{"line":38,"column":11}},"13":{"start":{"line":40,"column":8},"end":{"line":40,"column":71}},"14":{"start":{"line":41,"column":8},"end":{"line":44,"column":11}},"15":{"start":{"line":49,"column":37},"end":{"line":73,"column":1}},"16":{"start":{"line":50,"column":4},"end":{"line":72,"column":5}},"17":{"start":{"line":51,"column":26},"end":{"line":51,"column":35}},"18":{"start":{"line":53,"column":8},"end":{"line":58,"column":9}},"19":{"start":{"line":54,"column":12},"end":{"line":57,"column":15}},"20":{"start":{"line":60,"column":22},"end":{"line":60,"column":53}},"21":{"start":{"line":61,"column":8},"end":{"line":65,"column":11}},"22":{"start":{"line":67,"column":8},"end":{"line":67,"column":66}},"23":{"start":{"line":68,"column":8},"end":{"line":71,"column":11}},"24":{"start":{"line":76,"column":39},"end":{"line":91,"column":1}},"25":{"start":{"line":77,"column":4},"end":{"line":90,"column":5}},"26":{"start":{"line":78,"column":24},"end":{"line":78,"column":52}},"27":{"start":{"line":79,"column":8},"end":{"line":83,"column":11}},"28":{"start":{"line":85,"column":8},"end":{"line":85,"column":68}},"29":{"start":{"line":86,"column":8},"end":{"line":89,"column":11}},"30":{"start":{"line":94,"column":44},"end":{"line":124,"column":1}},"31":{"start":{"line":95,"column":4},"end":{"line":123,"column":5}},"32":{"start":{"line":96,"column":63},"end":{"line":96,"column":71}},"33":{"start":{"line":98,"column":8},"end":{"line":103,"column":9}},"34":{"start":{"line":99,"column":12},"end":{"line":102,"column":15}},"35":{"start":{"line":105,"column":32},"end":{"line":110,"column":10}},"36":{"start":{"line":112,"column":8},"end":{"line":116,"column":11}},"37":{"start":{"line":118,"column":8},"end":{"line":118,"column":73}},"38":{"start":{"line":119,"column":8},"end":{"line":122,"column":11}},"39":{"start":{"line":127,"column":45},"end":{"line":157,"column":1}},"40":{"start":{"line":128,"column":4},"end":{"line":156,"column":5}},"41":{"start":{"line":129,"column":53},"end":{"line":129,"column":61}},"42":{"start":{"line":131,"column":8},"end":{"line":136,"column":9}},"43":{"start":{"line":132,"column":12},"end":{"line":135,"column":15}},"44":{"start":{"line":138,"column":28},"end":{"line":143,"column":10}},"45":{"start":{"line":145,"column":8},"end":{"line":149,"column":11}},"46":{"start":{"line":151,"column":8},"end":{"line":151,"column":74}},"47":{"start":{"line":152,"column":8},"end":{"line":155,"column":11}}},"fnMap":{"0":{"name":"(anonymous_0)","decl":{"start":{"line":4,"column":37},"end":{"line":4,"column":38}},"loc":{"start":{"line":4,"column":57},"end":{"line":19,"column":1}},"line":4},"1":{"name":"(anonymous_1)","decl":{"start":{"line":22,"column":42},"end":{"line":22,"column":43}},"loc":{"start":{"line":22,"column":62},"end":{"line":46,"column":1}},"line":22},"2":{"name":"(anonymous_2)","decl":{"start":{"line":49,"column":37},"end":{"line":49,"column":38}},"loc":{"start":{"line":49,"column":57},"end":{"line":73,"column":1}},"line":49},"3":{"name":"(anonymous_3)","decl":{"start":{"line":76,"column":39},"end":{"line":76,"column":40}},"loc":{"start":{"line":76,"column":59},"end":{"line":91,"column":1}},"line":76},"4":{"name":"(anonymous_4)","decl":{"start":{"line":94,"column":44},"end":{"line":94,"column":45}},"loc":{"start":{"line":94,"column":64},"end":{"line":124,"column":1}},"line":94},"5":{"name":"(anonymous_5)","decl":{"start":{"line":127,"column":45},"end":{"line":127,"column":46}},"loc":{"start":{"line":127,"column":65},"end":{"line":157,"column":1}},"line":127}},"branchMap":{"0":{"loc":{"start":{"line":16,"column":21},"end":{"line":16,"column":73}},"type":"binary-expr","locations":[{"start":{"line":16,"column":21},"end":{"line":16,"column":34}},{"start":{"line":16,"column":38},"end":{"line":16,"column":73}}],"line":16},"1":{"loc":{"start":{"line":26,"column":8},"end":{"line":31,"column":9}},"type":"if","locations":[{"start":{"line":26,"column":8},"end":{"line":31,"column":9}},{"start":{},"end":{}}],"line":26},"2":{"loc":{"start":{"line":26,"column":12},"end":{"line":26,"column":30}},"type":"binary-expr","locations":[{"start":{"line":26,"column":12},"end":{"line":26,"column":19}},{"start":{"line":26,"column":23},"end":{"line":26,"column":30}}],"line":26},"3":{"loc":{"start":{"line":43,"column":21},"end":{"line":43,"column":79}},"type":"binary-expr","locations":[{"start":{"line":43,"column":21},"end":{"line":43,"column":34}},{"start":{"line":43,"column":38},"end":{"line":43,"column":79}}],"line":43},"4":{"loc":{"start":{"line":53,"column":8},"end":{"line":58,"column":9}},"type":"if","locations":[{"start":{"line":53,"column":8},"end":{"line":58,"column":9}},{"start":{},"end":{}}],"line":53},"5":{"loc":{"start":{"line":70,"column":21},"end":{"line":70,"column":74}},"type":"binary-expr","locations":[{"start":{"line":70,"column":21},"end":{"line":70,"column":34}},{"start":{"line":70,"column":38},"end":{"line":70,"column":74}}],"line":70},"6":{"loc":{"start":{"line":88,"column":21},"end":{"line":88,"column":78}},"type":"binary-expr","locations":[{"start":{"line":88,"column":21},"end":{"line":88,"column":34}},{"start":{"line":88,"column":38},"end":{"line":88,"column":78}}],"line":88},"7":{"loc":{"start":{"line":98,"column":8},"end":{"line":103,"column":9}},"type":"if","locations":[{"start":{"line":98,"column":8},"end":{"line":103,"column":9}},{"start":{},"end":{}}],"line":98},"8":{"loc":{"start":{"line":98,"column":12},"end":{"line":98,"column":64}},"type":"binary-expr","locations":[{"start":{"line":98,"column":12},"end":{"line":98,"column":21}},{"start":{"line":98,"column":25},"end":{"line":98,"column":35}},{"start":{"line":98,"column":39},"end":{"line":98,"column":49}},{"start":{"line":98,"column":53},"end":{"line":98,"column":64}}],"line":98},"9":{"loc":{"start":{"line":121,"column":21},"end":{"line":121,"column":78}},"type":"binary-expr","locations":[{"start":{"line":121,"column":21},"end":{"line":121,"column":34}},{"start":{"line":121,"column":38},"end":{"line":121,"column":78}}],"line":121},"10":{"loc":{"start":{"line":131,"column":8},"end":{"line":136,"column":9}},"type":"if","locations":[{"start":{"line":131,"column":8},"end":{"line":136,"column":9}},{"start":{},"end":{}}],"line":131},"11":{"loc":{"start":{"line":131,"column":12},"end":{"line":131,"column":54}},"type":"binary-expr","locations":[{"start":{"line":131,"column":12},"end":{"line":131,"column":19}},{"start":{"line":131,"column":23},"end":{"line":131,"column":32}},{"start":{"line":131,"column":36},"end":{"line":131,"column":45}},{"start":{"line":131,"column":49},"end":{"line":131,"column":54}}],"line":131},"12":{"loc":{"start":{"line":154,"column":21},"end":{"line":154,"column":74}},"type":"binary-expr","locations":[{"start":{"line":154,"column":21},"end":{"line":154,"column":34}},{"start":{"line":154,"column":38},"end":{"line":154,"column":74}}],"line":154}},"s":{"0":0,"1":0,"2":0,"3":0,"4":0,"5":0,"6":0,"7":0,"8":0,"9":0,"10":0,"11":0,"12":0,"13":0,"14":0,"15":0,"16":0,"17":0,"18":0,"19":0,"20":0,"21":0,"22":0,"23":0,"24":0,"25":0,"26":0,"27":0,"28":0,"29":0,"30":0,"31":0,"32":0,"33":0,"34":0,"35":0,"36":0,"37":0,"38":0,"39":0,"40":0,"41":0,"42":0,"43":0,"44":0,"45":0,"46":0,"47":0},"f":{"0":0,"1":0,"2":0,"3":0,"4":0,"5":0},"b":{"0":[0,0],"1":[0,0],"2":[0,0],"3":[0,0],"4":[0,0],"5":[0,0],"6":[0,0],"7":[0,0],"8":[0,0,0,0],"9":[0,0],"10":[0,0],"11":[0,0,0,0],"12":[0,0]}}
,"D:\\newBTL\\Badminton-manager-project\\Backend\\controllers\\bookingController.js": {"path":"D:\\newBTL\\Badminton-manager-project\\Backend\\controllers\\bookingController.js","statementMap":{"0":{"start":{"line":16,"column":47},"end":{"line":27,"column":1}},"1":{"start":{"line":17,"column":2},"end":{"line":26,"column":3}},"2":{"start":{"line":19,"column":19},"end":{"line":19,"column":42}},"3":{"start":{"line":20,"column":61},"end":{"line":20,"column":69}},"4":{"start":{"line":21,"column":20},"end":{"line":21,"column":113}},"5":{"start":{"line":22,"column":4},"end":{"line":22,"column":41}},"6":{"start":{"line":24,"column":4},"end":{"line":24,"column":74}},"7":{"start":{"line":25,"column":4},"end":{"line":25,"column":67}},"8":{"start":{"line":29,"column":44},"end":{"line":44,"column":1}},"9":{"start":{"line":30,"column":2},"end":{"line":43,"column":3}},"10":{"start":{"line":31,"column":44},"end":{"line":31,"column":52}},"11":{"start":{"line":33,"column":19},"end":{"line":33,"column":42}},"12":{"start":{"line":34,"column":17},"end":{"line":34,"column":30}},"13":{"start":{"line":36,"column":20},"end":{"line":36,"column":87}},"14":{"start":{"line":37,"column":4},"end":{"line":37,"column":22}},"15":{"start":{"line":38,"column":4},"end":{"line":38,"column":41}},"16":{"start":{"line":40,"column":4},"end":{"line":40,"column":73}},"17":{"start":{"line":42,"column":4},"end":{"line":42,"column":67}},"18":{"start":{"line":46,"column":43},"end":{"line":66,"column":1}},"19":{"start":{"line":47,"column":2},"end":{"line":65,"column":3}},"20":{"start":{"line":48,"column":64},"end":{"line":48,"column":72}},"21":{"start":{"line":50,"column":19},"end":{"line":50,"column":42}},"22":{"start":{"line":52,"column":19},"end":{"line":59,"column":6}},"23":{"start":{"line":60,"column":4},"end":{"line":60,"column":125}},"24":{"start":{"line":62,"column":4},"end":{"line":62,"column":78}},"25":{"start":{"line":64,"column":4},"end":{"line":64,"column":67}},"26":{"start":{"line":68,"column":49},"end":{"line":83,"column":1}},"27":{"start":{"line":69,"column":2},"end":{"line":82,"column":3}},"28":{"start":{"line":70,"column":19},"end":{"line":70,"column":42}},"29":{"start":{"line":71,"column":25},"end":{"line":71,"column":33}},"30":{"start":{"line":72,"column":19},"end":{"line":72,"column":66}},"31":{"start":{"line":73,"column":24},"end":{"line":73,"column":62}},"32":{"start":{"line":74,"column":20},"end":{"line":74,"column":70}},"33":{"start":{"line":75,"column":4},"end":{"line":77,"column":5}},"34":{"start":{"line":76,"column":6},"end":{"line":76,"column":71}},"35":{"start":{"line":78,"column":4},"end":{"line":78,"column":40}},"36":{"start":{"line":80,"column":4},"end":{"line":80,"column":78}},"37":{"start":{"line":81,"column":4},"end":{"line":81,"column":67}},"38":{"start":{"line":85,"column":43},"end":{"line":94,"column":1}},"39":{"start":{"line":86,"column":2},"end":{"line":93,"column":3}},"40":{"start":{"line":87,"column":31},"end":{"line":87,"column":40}},"41":{"start":{"line":88,"column":20},"end":{"line":88,"column":63}},"42":{"start":{"line":89,"column":4},"end":{"line":89,"column":41}},"43":{"start":{"line":91,"column":4},"end":{"line":91,"column":73}},"44":{"start":{"line":92,"column":4},"end":{"line":92,"column":67}},"45":{"start":{"line":96,"column":47},"end":{"line":106,"column":1}},"46":{"start":{"line":97,"column":2},"end":{"line":105,"column":3}},"47":{"start":{"line":98,"column":31},"end":{"line":98,"column":40}},"48":{"start":{"line":99,"column":19},"end":{"line":99,"column":42}},"49":{"start":{"line":100,"column":20},"end":{"line":100,"column":71}},"50":{"start":{"line":101,"column":4},"end":{"line":101,"column":41}},"51":{"start":{"line":103,"column":4},"end":{"line":103,"column":78}},"52":{"start":{"line":104,"column":4},"end":{"line":104,"column":67}},"53":{"start":{"line":108,"column":44},"end":{"line":126,"column":1}},"54":{"start":{"line":109,"column":2},"end":{"line":125,"column":3}},"55":{"start":{"line":110,"column":19},"end":{"line":110,"column":31}},"56":{"start":{"line":111,"column":25},"end":{"line":111,"column":34}},"57":{"start":{"line":112,"column":27},"end":{"line":116,"column":6}},"58":{"start":{"line":117,"column":4},"end":{"line":121,"column":7}},"59":{"start":{"line":123,"column":4},"end":{"line":123,"column":83}},"60":{"start":{"line":124,"column":4},"end":{"line":124,"column":67}},"61":{"start":{"line":128,"column":39},"end":{"line":142,"column":1}},"62":{"start":{"line":129,"column":2},"end":{"line":141,"column":3}},"63":{"start":{"line":130,"column":19},"end":{"line":130,"column":31}},"64":{"start":{"line":131,"column":19},"end":{"line":131,"column":53}},"65":{"start":{"line":132,"column":4},"end":{"line":136,"column":7}},"66":{"start":{"line":138,"column":4},"end":{"line":138,"column":62}},"67":{"start":{"line":140,"column":4},"end":{"line":140,"column":69}},"68":{"start":{"line":144,"column":44},"end":{"line":153,"column":1}},"69":{"start":{"line":145,"column":2},"end":{"line":152,"column":3}},"70":{"start":{"line":146,"column":19},"end":{"line":146,"column":31}},"71":{"start":{"line":147,"column":19},"end":{"line":147,"column":51}},"72":{"start":{"line":148,"column":4},"end":{"line":148,"column":46}},"73":{"start":{"line":150,"column":4},"end":{"line":150,"column":67}},"74":{"start":{"line":151,"column":4},"end":{"line":151,"column":69}},"75":{"start":{"line":155,"column":43},"end":{"line":182,"column":1}},"76":{"start":{"line":156,"column":2},"end":{"line":181,"column":3}},"77":{"start":{"line":157,"column":19},"end":{"line":157,"column":31}},"78":{"start":{"line":158,"column":37},"end":{"line":158,"column":46}},"79":{"start":{"line":161,"column":83},"end":{"line":165,"column":5}},"80":{"start":{"line":167,"column":4},"end":{"line":174,"column":7}},"81":{"start":{"line":176,"column":4},"end":{"line":176,"column":59}},"82":{"start":{"line":177,"column":4},"end":{"line":180,"column":7}},"83":{"start":{"line":184,"column":39},"end":{"line":196,"column":1}},"84":{"start":{"line":185,"column":2},"end":{"line":195,"column":3}},"85":{"start":{"line":186,"column":26},"end":{"line":186,"column":34}},"86":{"start":{"line":187,"column":20},"end":{"line":187,"column":57}},"87":{"start":{"line":188,"column":4},"end":{"line":190,"column":5}},"88":{"start":{"line":189,"column":6},"end":{"line":189,"column":106}},"89":{"start":{"line":191,"column":4},"end":{"line":191,"column":41}},"90":{"start":{"line":193,"column":4},"end":{"line":193,"column":62}},"91":{"start":{"line":194,"column":4},"end":{"line":194,"column":69}}},"fnMap":{"0":{"name":"(anonymous_0)","decl":{"start":{"line":16,"column":47},"end":{"line":16,"column":48}},"loc":{"start":{"line":16,"column":67},"end":{"line":27,"column":1}},"line":16},"1":{"name":"(anonymous_1)","decl":{"start":{"line":29,"column":44},"end":{"line":29,"column":45}},"loc":{"start":{"line":29,"column":64},"end":{"line":44,"column":1}},"line":29},"2":{"name":"(anonymous_2)","decl":{"start":{"line":46,"column":43},"end":{"line":46,"column":44}},"loc":{"start":{"line":46,"column":63},"end":{"line":66,"column":1}},"line":46},"3":{"name":"(anonymous_3)","decl":{"start":{"line":68,"column":49},"end":{"line":68,"column":50}},"loc":{"start":{"line":68,"column":69},"end":{"line":83,"column":1}},"line":68},"4":{"name":"(anonymous_4)","decl":{"start":{"line":85,"column":43},"end":{"line":85,"column":44}},"loc":{"start":{"line":85,"column":63},"end":{"line":94,"column":1}},"line":85},"5":{"name":"(anonymous_5)","decl":{"start":{"line":96,"column":47},"end":{"line":96,"column":48}},"loc":{"start":{"line":96,"column":67},"end":{"line":106,"column":1}},"line":96},"6":{"name":"(anonymous_6)","decl":{"start":{"line":108,"column":44},"end":{"line":108,"column":45}},"loc":{"start":{"line":108,"column":64},"end":{"line":126,"column":1}},"line":108},"7":{"name":"(anonymous_7)","decl":{"start":{"line":128,"column":39},"end":{"line":128,"column":40}},"loc":{"start":{"line":128,"column":59},"end":{"line":142,"column":1}},"line":128},"8":{"name":"(anonymous_8)","decl":{"start":{"line":144,"column":44},"end":{"line":144,"column":45}},"loc":{"start":{"line":144,"column":64},"end":{"line":153,"column":1}},"line":144},"9":{"name":"(anonymous_9)","decl":{"start":{"line":155,"column":43},"end":{"line":155,"column":44}},"loc":{"start":{"line":155,"column":63},"end":{"line":182,"column":1}},"line":155},"10":{"name":"(anonymous_10)","decl":{"start":{"line":184,"column":39},"end":{"line":184,"column":40}},"loc":{"start":{"line":184,"column":59},"end":{"line":196,"column":1}},"line":184}},"branchMap":{"0":{"loc":{"start":{"line":21,"column":103},"end":{"line":21,"column":112}},"type":"binary-expr","locations":[{"start":{"line":21,"column":103},"end":{"line":21,"column":106}},{"start":{"line":21,"column":110},"end":{"line":21,"column":112}}],"line":21},"1":{"loc":{"start":{"line":75,"column":4},"end":{"line":77,"column":5}},"type":"if","locations":[{"start":{"line":75,"column":4},"end":{"line":77,"column":5}},{"start":{},"end":{}}],"line":75},"2":{"loc":{"start":{"line":158,"column":12},"end":{"line":158,"column":20}},"type":"default-arg","locations":[{"start":{"line":158,"column":19},"end":{"line":158,"column":20}}],"line":158},"3":{"loc":{"start":{"line":158,"column":22},"end":{"line":158,"column":32}},"type":"default-arg","locations":[{"start":{"line":158,"column":30},"end":{"line":158,"column":32}}],"line":158},"4":{"loc":{"start":{"line":179,"column":15},"end":{"line":179,"column":69}},"type":"binary-expr","locations":[{"start":{"line":179,"column":15},"end":{"line":179,"column":29}},{"start":{"line":179,"column":33},"end":{"line":179,"column":69}}],"line":179},"5":{"loc":{"start":{"line":188,"column":4},"end":{"line":190,"column":5}},"type":"if","locations":[{"start":{"line":188,"column":4},"end":{"line":190,"column":5}},{"start":{},"end":{}}],"line":188}},"s":{"0":0,"1":0,"2":0,"3":0,"4":0,"5":0,"6":0,"7":0,"8":0,"9":0,"10":0,"11":0,"12":0,"13":0,"14":0,"15":0,"16":0,"17":0,"18":0,"19":0,"20":0,"21":0,"22":0,"23":0,"24":0,"25":0,"26":0,"27":0,"28":0,"29":0,"30":0,"31":0,"32":0,"33":0,"34":0,"35":0,"36":0,"37":0,"38":0,"39":0,"40":0,"41":0,"42":0,"43":0,"44":0,"45":0,"46":0,"47":0,"48":0,"49":0,"50":0,"51":0,"52":0,"53":0,"54":0,"55":0,"56":0,"57":0,"58":0,"59":0,"60":0,"61":0,"62":0,"63":0,"64":0,"65":0,"66":0,"67":0,"68":0,"69":0,"70":0,"71":0,"72":0,"73":0,"74":0,"75":0,"76":0,"77":0,"78":0,"79":0,"80":0,"81":0,"82":0,"83":0,"84":0,"85":0,"86":0,"87":0,"88":0,"89":0,"90":0,"91":0},"f":{"0":0,"1":0,"2":0,"3":0,"4":0,"5":0,"6":0,"7":0,"8":0,"9":0,"10":0},"b":{"0":[0,0],"1":[0,0],"2":[0],"3":[0],"4":[0,0],"5":[0,0]}}
,"D:\\newBTL\\Badminton-manager-project\\Backend\\controllers\\centerController.js": {"path":"D:\\newBTL\\Badminton-manager-project\\Backend\\controllers\\centerController.js","statementMap":{"0":{"start":{"line":12,"column":43},"end":{"line":24,"column":1}},"1":{"start":{"line":13,"column":2},"end":{"line":23,"column":3}},"2":{"start":{"line":14,"column":25},"end":{"line":14,"column":34}},"3":{"start":{"line":15,"column":19},"end":{"line":15,"column":52}},"4":{"start":{"line":16,"column":4},"end":{"line":19,"column":7}},"5":{"start":{"line":21,"column":4},"end":{"line":21,"column":66}},"6":{"start":{"line":22,"column":4},"end":{"line":22,"column":70}},"7":{"start":{"line":29,"column":42},"end":{"line":38,"column":1}},"8":{"start":{"line":30,"column":2},"end":{"line":37,"column":3}},"9":{"start":{"line":31,"column":41},"end":{"line":31,"column":49}},"10":{"start":{"line":32,"column":18},"end":{"line":32,"column":66}},"11":{"start":{"line":33,"column":4},"end":{"line":33,"column":39}},"12":{"start":{"line":35,"column":4},"end":{"line":35,"column":65}},"13":{"start":{"line":36,"column":4},"end":{"line":36,"column":67}},"14":{"start":{"line":40,"column":46},"end":{"line":55,"column":1}},"15":{"start":{"line":41,"column":2},"end":{"line":54,"column":3}},"16":{"start":{"line":42,"column":25},"end":{"line":42,"column":34}},"17":{"start":{"line":43,"column":4},"end":{"line":45,"column":5}},"18":{"start":{"line":44,"column":6},"end":{"line":44,"column":81}},"19":{"start":{"line":46,"column":19},"end":{"line":46,"column":54}},"20":{"start":{"line":47,"column":4},"end":{"line":49,"column":5}},"21":{"start":{"line":48,"column":6},"end":{"line":48,"column":91}},"22":{"start":{"line":50,"column":4},"end":{"line":50,"column":64}},"23":{"start":{"line":52,"column":4},"end":{"line":52,"column":65}},"24":{"start":{"line":53,"column":4},"end":{"line":53,"column":74}},"25":{"start":{"line":57,"column":43},"end":{"line":72,"column":1}},"26":{"start":{"line":58,"column":2},"end":{"line":71,"column":3}},"27":{"start":{"line":59,"column":25},"end":{"line":59,"column":34}},"28":{"start":{"line":60,"column":4},"end":{"line":62,"column":5}},"29":{"start":{"line":61,"column":6},"end":{"line":61,"column":81}},"30":{"start":{"line":63,"column":19},"end":{"line":63,"column":54}},"31":{"start":{"line":64,"column":4},"end":{"line":66,"column":5}},"32":{"start":{"line":65,"column":6},"end":{"line":65,"column":81}},"33":{"start":{"line":67,"column":4},"end":{"line":67,"column":47}},"34":{"start":{"line":69,"column":4},"end":{"line":69,"column":66}},"35":{"start":{"line":70,"column":4},"end":{"line":70,"column":74}},"36":{"start":{"line":75,"column":39},"end":{"line":82,"column":1}},"37":{"start":{"line":76,"column":2},"end":{"line":81,"column":3}},"38":{"start":{"line":77,"column":20},"end":{"line":77,"column":41}},"39":{"start":{"line":78,"column":4},"end":{"line":78,"column":59}},"40":{"start":{"line":80,"column":4},"end":{"line":80,"column":69}}},"fnMap":{"0":{"name":"(anonymous_0)","decl":{"start":{"line":12,"column":43},"end":{"line":12,"column":44}},"loc":{"start":{"line":12,"column":63},"end":{"line":24,"column":1}},"line":12},"1":{"name":"(anonymous_1)","decl":{"start":{"line":29,"column":42},"end":{"line":29,"column":43}},"loc":{"start":{"line":29,"column":62},"end":{"line":38,"column":1}},"line":29},"2":{"name":"(anonymous_2)","decl":{"start":{"line":40,"column":46},"end":{"line":40,"column":47}},"loc":{"start":{"line":40,"column":66},"end":{"line":55,"column":1}},"line":40},"3":{"name":"(anonymous_3)","decl":{"start":{"line":57,"column":43},"end":{"line":57,"column":44}},"loc":{"start":{"line":57,"column":63},"end":{"line":72,"column":1}},"line":57},"4":{"name":"(anonymous_4)","decl":{"start":{"line":75,"column":39},"end":{"line":75,"column":40}},"loc":{"start":{"line":75,"column":59},"end":{"line":82,"column":1}},"line":75}},"branchMap":{"0":{"loc":{"start":{"line":43,"column":4},"end":{"line":45,"column":5}},"type":"if","locations":[{"start":{"line":43,"column":4},"end":{"line":45,"column":5}},{"start":{},"end":{}}],"line":43},"1":{"loc":{"start":{"line":47,"column":4},"end":{"line":49,"column":5}},"type":"if","locations":[{"start":{"line":47,"column":4},"end":{"line":49,"column":5}},{"start":{},"end":{}}],"line":47},"2":{"loc":{"start":{"line":60,"column":4},"end":{"line":62,"column":5}},"type":"if","locations":[{"start":{"line":60,"column":4},"end":{"line":62,"column":5}},{"start":{},"end":{}}],"line":60},"3":{"loc":{"start":{"line":64,"column":4},"end":{"line":66,"column":5}},"type":"if","locations":[{"start":{"line":64,"column":4},"end":{"line":66,"column":5}},{"start":{},"end":{}}],"line":64}},"s":{"0":0,"1":0,"2":0,"3":0,"4":0,"5":0,"6":0,"7":0,"8":0,"9":0,"10":0,"11":0,"12":0,"13":0,"14":0,"15":0,"16":0,"17":0,"18":0,"19":0,"20":0,"21":0,"22":0,"23":0,"24":0,"25":0,"26":0,"27":0,"28":0,"29":0,"30":0,"31":0,"32":0,"33":0,"34":0,"35":0,"36":0,"37":0,"38":0,"39":0,"40":0},"f":{"0":0,"1":0,"2":0,"3":0,"4":0},"b":{"0":[0,0],"1":[0,0],"2":[0,0],"3":[0,0]}}
,"D:\\newBTL\\Badminton-manager-project\\Backend\\controllers\\centerStatusController.js": {"path":"D:\\newBTL\\Badminton-manager-project\\Backend\\controllers\\centerStatusController.js","statementMap":{"0":{"start":{"line":5,"column":39},"end":{"line":16,"column":1}},"1":{"start":{"line":6,"column":4},"end":{"line":15,"column":5}},"2":{"start":{"line":8,"column":24},"end":{"line":8,"column":45}},"3":{"start":{"line":11,"column":8},"end":{"line":11,"column":63}},"4":{"start":{"line":13,"column":8},"end":{"line":13,"column":81}},"5":{"start":{"line":14,"column":8},"end":{"line":14,"column":100}},"6":{"start":{"line":19,"column":40},"end":{"line":37,"column":1}},"7":{"start":{"line":20,"column":4},"end":{"line":36,"column":5}},"8":{"start":{"line":21,"column":35},"end":{"line":21,"column":44}},"9":{"start":{"line":24,"column":8},"end":{"line":26,"column":9}},"10":{"start":{"line":25,"column":12},"end":{"line":25,"column":105}},"11":{"start":{"line":29,"column":24},"end":{"line":29,"column":67}},"12":{"start":{"line":32,"column":8},"end":{"line":32,"column":38}},"13":{"start":{"line":34,"column":8},"end":{"line":34,"column":76}},"14":{"start":{"line":35,"column":8},"end":{"line":35,"column":95}},"15":{"start":{"line":40,"column":43},"end":{"line":58,"column":1}},"16":{"start":{"line":41,"column":4},"end":{"line":57,"column":5}},"17":{"start":{"line":42,"column":29},"end":{"line":42,"column":38}},"18":{"start":{"line":45,"column":8},"end":{"line":47,"column":9}},"19":{"start":{"line":46,"column":12},"end":{"line":46,"column":95}},"20":{"start":{"line":50,"column":23},"end":{"line":50,"column":56}},"21":{"start":{"line":53,"column":8},"end":{"line":53,"column":62}},"22":{"start":{"line":55,"column":8},"end":{"line":55,"column":75}},"23":{"start":{"line":56,"column":8},"end":{"line":56,"column":94}}},"fnMap":{"0":{"name":"(anonymous_0)","decl":{"start":{"line":5,"column":39},"end":{"line":5,"column":40}},"loc":{"start":{"line":5,"column":59},"end":{"line":16,"column":1}},"line":5},"1":{"name":"(anonymous_1)","decl":{"start":{"line":19,"column":40},"end":{"line":19,"column":41}},"loc":{"start":{"line":19,"column":60},"end":{"line":37,"column":1}},"line":19},"2":{"name":"(anonymous_2)","decl":{"start":{"line":40,"column":43},"end":{"line":40,"column":44}},"loc":{"start":{"line":40,"column":63},"end":{"line":58,"column":1}},"line":40}},"branchMap":{"0":{"loc":{"start":{"line":24,"column":8},"end":{"line":26,"column":9}},"type":"if","locations":[{"start":{"line":24,"column":8},"end":{"line":26,"column":9}},{"start":{},"end":{}}],"line":24},"1":{"loc":{"start":{"line":24,"column":12},"end":{"line":24,"column":30}},"type":"binary-expr","locations":[{"start":{"line":24,"column":12},"end":{"line":24,"column":21}},{"start":{"line":24,"column":25},"end":{"line":24,"column":30}}],"line":24},"2":{"loc":{"start":{"line":45,"column":8},"end":{"line":47,"column":9}},"type":"if","locations":[{"start":{"line":45,"column":8},"end":{"line":47,"column":9}},{"start":{},"end":{}}],"line":45}},"s":{"0":0,"1":0,"2":0,"3":0,"4":0,"5":0,"6":0,"7":0,"8":0,"9":0,"10":0,"11":0,"12":0,"13":0,"14":0,"15":0,"16":0,"17":0,"18":0,"19":0,"20":0,"21":0,"22":0,"23":0},"f":{"0":0,"1":0,"2":0},"b":{"0":[0,0],"1":[0,0],"2":[0,0]}}
,"D:\\newBTL\\Badminton-manager-project\\Backend\\controllers\\centersController.js": {"path":"D:\\newBTL\\Badminton-manager-project\\Backend\\controllers\\centersController.js","statementMap":{"0":{"start":{"line":4,"column":26},"end":{"line":11,"column":1}},"1":{"start":{"line":5,"column":2},"end":{"line":10,"column":3}},"2":{"start":{"line":6,"column":20},"end":{"line":6,"column":49}},"3":{"start":{"line":7,"column":4},"end":{"line":7,"column":22}},"4":{"start":{"line":9,"column":4},"end":{"line":9,"column":53}},"5":{"start":{"line":14,"column":29},"end":{"line":24,"column":1}},"6":{"start":{"line":15,"column":2},"end":{"line":23,"column":3}},"7":{"start":{"line":16,"column":19},"end":{"line":16,"column":62}},"8":{"start":{"line":17,"column":4},"end":{"line":19,"column":5}},"9":{"start":{"line":18,"column":6},"end":{"line":18,"column":67}},"10":{"start":{"line":20,"column":4},"end":{"line":20,"column":21}},"11":{"start":{"line":22,"column":4},"end":{"line":22,"column":53}},"12":{"start":{"line":27,"column":28},"end":{"line":34,"column":1}},"13":{"start":{"line":28,"column":2},"end":{"line":33,"column":3}},"14":{"start":{"line":29,"column":19},"end":{"line":29,"column":55}},"15":{"start":{"line":30,"column":4},"end":{"line":30,"column":33}},"16":{"start":{"line":32,"column":4},"end":{"line":32,"column":53}},"17":{"start":{"line":37,"column":28},"end":{"line":47,"column":1}},"18":{"start":{"line":38,"column":2},"end":{"line":46,"column":3}},"19":{"start":{"line":39,"column":19},"end":{"line":39,"column":70}},"20":{"start":{"line":40,"column":4},"end":{"line":42,"column":5}},"21":{"start":{"line":41,"column":6},"end":{"line":41,"column":67}},"22":{"start":{"line":43,"column":4},"end":{"line":43,"column":21}},"23":{"start":{"line":45,"column":4},"end":{"line":45,"column":53}},"24":{"start":{"line":50,"column":28},"end":{"line":60,"column":1}},"25":{"start":{"line":51,"column":2},"end":{"line":59,"column":3}},"26":{"start":{"line":52,"column":19},"end":{"line":52,"column":60}},"27":{"start":{"line":53,"column":4},"end":{"line":55,"column":5}},"28":{"start":{"line":54,"column":6},"end":{"line":54,"column":67}},"29":{"start":{"line":56,"column":4},"end":{"line":56,"column":57}},"30":{"start":{"line":58,"column":4},"end":{"line":58,"column":53}}},"fnMap":{"0":{"name":"(anonymous_0)","decl":{"start":{"line":4,"column":26},"end":{"line":4,"column":27}},"loc":{"start":{"line":4,"column":46},"end":{"line":11,"column":1}},"line":4},"1":{"name":"(anonymous_1)","decl":{"start":{"line":14,"column":29},"end":{"line":14,"column":30}},"loc":{"start":{"line":14,"column":49},"end":{"line":24,"column":1}},"line":14},"2":{"name":"(anonymous_2)","decl":{"start":{"line":27,"column":28},"end":{"line":27,"column":29}},"loc":{"start":{"line":27,"column":48},"end":{"line":34,"column":1}},"line":27},"3":{"name":"(anonymous_3)","decl":{"start":{"line":37,"column":28},"end":{"line":37,"column":29}},"loc":{"start":{"line":37,"column":48},"end":{"line":47,"column":1}},"line":37},"4":{"name":"(anonymous_4)","decl":{"start":{"line":50,"column":28},"end":{"line":50,"column":29}},"loc":{"start":{"line":50,"column":48},"end":{"line":60,"column":1}},"line":50}},"branchMap":{"0":{"loc":{"start":{"line":17,"column":4},"end":{"line":19,"column":5}},"type":"if","locations":[{"start":{"line":17,"column":4},"end":{"line":19,"column":5}},{"start":{},"end":{}}],"line":17},"1":{"loc":{"start":{"line":40,"column":4},"end":{"line":42,"column":5}},"type":"if","locations":[{"start":{"line":40,"column":4},"end":{"line":42,"column":5}},{"start":{},"end":{}}],"line":40},"2":{"loc":{"start":{"line":53,"column":4},"end":{"line":55,"column":5}},"type":"if","locations":[{"start":{"line":53,"column":4},"end":{"line":55,"column":5}},{"start":{},"end":{}}],"line":53}},"s":{"0":0,"1":0,"2":0,"3":0,"4":0,"5":0,"6":0,"7":0,"8":0,"9":0,"10":0,"11":0,"12":0,"13":0,"14":0,"15":0,"16":0,"17":0,"18":0,"19":0,"20":0,"21":0,"22":0,"23":0,"24":0,"25":0,"26":0,"27":0,"28":0,"29":0,"30":0},"f":{"0":0,"1":0,"2":0,"3":0,"4":0},"b":{"0":[0,0],"1":[0,0],"2":[0,0]}}
,"D:\\newBTL\\Badminton-manager-project\\Backend\\controllers\\contactController.js": {"path":"D:\\newBTL\\Badminton-manager-project\\Backend\\controllers\\contactController.js","statementMap":{"0":{"start":{"line":3,"column":39},"end":{"line":15,"column":1}},"1":{"start":{"line":4,"column":2},"end":{"line":14,"column":3}},"2":{"start":{"line":5,"column":39},"end":{"line":5,"column":47}},"3":{"start":{"line":6,"column":4},"end":{"line":8,"column":5}},"4":{"start":{"line":7,"column":6},"end":{"line":7,"column":90}},"5":{"start":{"line":9,"column":20},"end":{"line":9,"column":74}},"6":{"start":{"line":10,"column":4},"end":{"line":10,"column":60}},"7":{"start":{"line":12,"column":4},"end":{"line":12,"column":52}},"8":{"start":{"line":13,"column":4},"end":{"line":13,"column":87}}},"fnMap":{"0":{"name":"(anonymous_0)","decl":{"start":{"line":3,"column":39},"end":{"line":3,"column":40}},"loc":{"start":{"line":3,"column":59},"end":{"line":15,"column":1}},"line":3}},"branchMap":{"0":{"loc":{"start":{"line":6,"column":4},"end":{"line":8,"column":5}},"type":"if","locations":[{"start":{"line":6,"column":4},"end":{"line":8,"column":5}},{"start":{},"end":{}}],"line":6},"1":{"loc":{"start":{"line":6,"column":8},"end":{"line":6,"column":37}},"type":"binary-expr","locations":[{"start":{"line":6,"column":8},"end":{"line":6,"column":15}},{"start":{"line":6,"column":19},"end":{"line":6,"column":25}},{"start":{"line":6,"column":29},"end":{"line":6,"column":37}}],"line":6}},"s":{"0":0,"1":0,"2":0,"3":0,"4":0,"5":0,"6":0,"7":0,"8":0},"f":{"0":0},"b":{"0":[0,0],"1":[0,0,0]}}
,"D:\\newBTL\\Badminton-manager-project\\Backend\\controllers\\inventoryController.js": {"path":"D:\\newBTL\\Badminton-manager-project\\Backend\\controllers\\inventoryController.js","statementMap":{"0":{"start":{"line":8,"column":2},"end":{"line":14,"column":3}},"1":{"start":{"line":9,"column":77},"end":{"line":9,"column":85}},"2":{"start":{"line":10,"column":19},"end":{"line":10,"column":110}},"3":{"start":{"line":11,"column":4},"end":{"line":11,"column":76}},"4":{"start":{"line":13,"column":4},"end":{"line":13,"column":14}},"5":{"start":{"line":22,"column":2},"end":{"line":28,"column":3}},"6":{"start":{"line":23,"column":38},"end":{"line":23,"column":47}},"7":{"start":{"line":24,"column":20},"end":{"line":24,"column":76}},"8":{"start":{"line":25,"column":4},"end":{"line":25,"column":32}},"9":{"start":{"line":27,"column":4},"end":{"line":27,"column":14}},"10":{"start":{"line":32,"column":2},"end":{"line":38,"column":3}},"11":{"start":{"line":33,"column":35},"end":{"line":33,"column":44}},"12":{"start":{"line":34,"column":18},"end":{"line":34,"column":72}},"13":{"start":{"line":35,"column":4},"end":{"line":35,"column":30}},"14":{"start":{"line":37,"column":4},"end":{"line":37,"column":14}},"15":{"start":{"line":42,"column":2},"end":{"line":53,"column":3}},"16":{"start":{"line":43,"column":67},"end":{"line":43,"column":75}},"17":{"start":{"line":44,"column":29},"end":{"line":49,"column":6}},"18":{"start":{"line":50,"column":4},"end":{"line":50,"column":43}},"19":{"start":{"line":52,"column":4},"end":{"line":52,"column":51}}},"fnMap":{"0":{"name":"importStock","decl":{"start":{"line":7,"column":22},"end":{"line":7,"column":33}},"loc":{"start":{"line":7,"column":50},"end":{"line":15,"column":1}},"line":7},"1":{"name":"getStockHistory","decl":{"start":{"line":21,"column":22},"end":{"line":21,"column":37}},"loc":{"start":{"line":21,"column":54},"end":{"line":29,"column":1}},"line":21},"2":{"name":"getInventoryList","decl":{"start":{"line":31,"column":22},"end":{"line":31,"column":38}},"loc":{"start":{"line":31,"column":55},"end":{"line":39,"column":1}},"line":31},"3":{"name":"sellStock","decl":{"start":{"line":41,"column":22},"end":{"line":41,"column":31}},"loc":{"start":{"line":41,"column":42},"end":{"line":54,"column":1}},"line":41}},"branchMap":{},"s":{"0":0,"1":0,"2":0,"3":0,"4":0,"5":0,"6":0,"7":0,"8":0,"9":0,"10":0,"11":0,"12":0,"13":0,"14":0,"15":0,"16":0,"17":0,"18":0,"19":0},"f":{"0":0,"1":0,"2":0,"3":0},"b":{}}
,"D:\\newBTL\\Badminton-manager-project\\Backend\\controllers\\newsController.js": {"path":"D:\\newBTL\\Badminton-manager-project\\Backend\\controllers\\newsController.js","statementMap":{"0":{"start":{"line":13,"column":33},"end":{"line":21,"column":1}},"1":{"start":{"line":14,"column":2},"end":{"line":20,"column":3}},"2":{"start":{"line":15,"column":17},"end":{"line":15,"column":35}},"3":{"start":{"line":16,"column":4},"end":{"line":16,"column":50}},"4":{"start":{"line":18,"column":4},"end":{"line":18,"column":56}},"5":{"start":{"line":19,"column":4},"end":{"line":19,"column":77}},"6":{"start":{"line":24,"column":26},"end":{"line":31,"column":1}},"7":{"start":{"line":25,"column":2},"end":{"line":30,"column":3}},"8":{"start":{"line":26,"column":20},"end":{"line":26,"column":43}},"9":{"start":{"line":27,"column":4},"end":{"line":27,"column":34}},"10":{"start":{"line":29,"column":4},"end":{"line":29,"column":53}},"11":{"start":{"line":34,"column":27},"end":{"line":44,"column":1}},"12":{"start":{"line":35,"column":2},"end":{"line":43,"column":3}},"13":{"start":{"line":36,"column":17},"end":{"line":36,"column":51}},"14":{"start":{"line":37,"column":4},"end":{"line":39,"column":5}},"15":{"start":{"line":38,"column":6},"end":{"line":38,"column":65}},"16":{"start":{"line":40,"column":4},"end":{"line":40,"column":31}},"17":{"start":{"line":42,"column":4},"end":{"line":42,"column":53}},"18":{"start":{"line":47,"column":26},"end":{"line":57,"column":1}},"19":{"start":{"line":48,"column":2},"end":{"line":56,"column":3}},"20":{"start":{"line":49,"column":24},"end":{"line":49,"column":65}},"21":{"start":{"line":50,"column":4},"end":{"line":52,"column":5}},"22":{"start":{"line":51,"column":6},"end":{"line":51,"column":65}},"23":{"start":{"line":53,"column":4},"end":{"line":53,"column":38}},"24":{"start":{"line":55,"column":4},"end":{"line":55,"column":53}},"25":{"start":{"line":60,"column":26},"end":{"line":70,"column":1}},"26":{"start":{"line":61,"column":2},"end":{"line":69,"column":3}},"27":{"start":{"line":62,"column":24},"end":{"line":62,"column":55}},"28":{"start":{"line":63,"column":4},"end":{"line":65,"column":5}},"29":{"start":{"line":64,"column":6},"end":{"line":64,"column":65}},"30":{"start":{"line":66,"column":4},"end":{"line":66,"column":67}},"31":{"start":{"line":68,"column":4},"end":{"line":68,"column":53}}},"fnMap":{"0":{"name":"(anonymous_0)","decl":{"start":{"line":13,"column":33},"end":{"line":13,"column":34}},"loc":{"start":{"line":13,"column":53},"end":{"line":21,"column":1}},"line":13},"1":{"name":"(anonymous_1)","decl":{"start":{"line":24,"column":26},"end":{"line":24,"column":27}},"loc":{"start":{"line":24,"column":46},"end":{"line":31,"column":1}},"line":24},"2":{"name":"(anonymous_2)","decl":{"start":{"line":34,"column":27},"end":{"line":34,"column":28}},"loc":{"start":{"line":34,"column":47},"end":{"line":44,"column":1}},"line":34},"3":{"name":"(anonymous_3)","decl":{"start":{"line":47,"column":26},"end":{"line":47,"column":27}},"loc":{"start":{"line":47,"column":46},"end":{"line":57,"column":1}},"line":47},"4":{"name":"(anonymous_4)","decl":{"start":{"line":60,"column":26},"end":{"line":60,"column":27}},"loc":{"start":{"line":60,"column":46},"end":{"line":70,"column":1}},"line":60}},"branchMap":{"0":{"loc":{"start":{"line":37,"column":4},"end":{"line":39,"column":5}},"type":"if","locations":[{"start":{"line":37,"column":4},"end":{"line":39,"column":5}},{"start":{},"end":{}}],"line":37},"1":{"loc":{"start":{"line":50,"column":4},"end":{"line":52,"column":5}},"type":"if","locations":[{"start":{"line":50,"column":4},"end":{"line":52,"column":5}},{"start":{},"end":{}}],"line":50},"2":{"loc":{"start":{"line":63,"column":4},"end":{"line":65,"column":5}},"type":"if","locations":[{"start":{"line":63,"column":4},"end":{"line":65,"column":5}},{"start":{},"end":{}}],"line":63}},"s":{"0":0,"1":0,"2":0,"3":0,"4":0,"5":0,"6":0,"7":0,"8":0,"9":0,"10":0,"11":0,"12":0,"13":0,"14":0,"15":0,"16":0,"17":0,"18":0,"19":0,"20":0,"21":0,"22":0,"23":0,"24":0,"25":0,"26":0,"27":0,"28":0,"29":0,"30":0,"31":0},"f":{"0":0,"1":0,"2":0,"3":0,"4":0},"b":{"0":[0,0],"1":[0,0],"2":[0,0]}}
,"D:\\newBTL\\Badminton-manager-project\\Backend\\controllers\\ratingController.js": {"path":"D:\\newBTL\\Badminton-manager-project\\Backend\\controllers\\ratingController.js","statementMap":{"0":{"start":{"line":9,"column":36},"end":{"line":18,"column":1}},"1":{"start":{"line":10,"column":2},"end":{"line":17,"column":3}},"2":{"start":{"line":11,"column":25},"end":{"line":11,"column":34}},"3":{"start":{"line":12,"column":20},"end":{"line":12,"column":77}},"4":{"start":{"line":13,"column":4},"end":{"line":13,"column":38}},"5":{"start":{"line":15,"column":4},"end":{"line":15,"column":53}},"6":{"start":{"line":16,"column":4},"end":{"line":16,"column":87}},"7":{"start":{"line":23,"column":2},"end":{"line":30,"column":3}},"8":{"start":{"line":24,"column":25},"end":{"line":24,"column":35}},"9":{"start":{"line":25,"column":4},"end":{"line":25,"column":58}},"10":{"start":{"line":26,"column":20},"end":{"line":26,"column":68}},"11":{"start":{"line":27,"column":4},"end":{"line":27,"column":22}},"12":{"start":{"line":29,"column":4},"end":{"line":29,"column":14}},"13":{"start":{"line":37,"column":2},"end":{"line":46,"column":3}},"14":{"start":{"line":38,"column":19},"end":{"line":38,"column":29}},"15":{"start":{"line":39,"column":20},"end":{"line":39,"column":60}},"16":{"start":{"line":40,"column":4},"end":{"line":42,"column":5}},"17":{"start":{"line":41,"column":6},"end":{"line":41,"column":67}},"18":{"start":{"line":43,"column":4},"end":{"line":43,"column":57}},"19":{"start":{"line":45,"column":4},"end":{"line":45,"column":14}}},"fnMap":{"0":{"name":"(anonymous_0)","decl":{"start":{"line":9,"column":36},"end":{"line":9,"column":37}},"loc":{"start":{"line":9,"column":56},"end":{"line":18,"column":1}},"line":9},"1":{"name":"getRatingsByCenterController","decl":{"start":{"line":22,"column":22},"end":{"line":22,"column":50}},"loc":{"start":{"line":22,"column":67},"end":{"line":31,"column":1}},"line":22},"2":{"name":"deleteRatingController","decl":{"start":{"line":36,"column":22},"end":{"line":36,"column":44}},"loc":{"start":{"line":36,"column":61},"end":{"line":47,"column":1}},"line":36}},"branchMap":{"0":{"loc":{"start":{"line":16,"column":15},"end":{"line":16,"column":34}},"type":"binary-expr","locations":[{"start":{"line":16,"column":15},"end":{"line":16,"column":27}},{"start":{"line":16,"column":31},"end":{"line":16,"column":34}}],"line":16},"1":{"loc":{"start":{"line":16,"column":52},"end":{"line":16,"column":83}},"type":"binary-expr","locations":[{"start":{"line":16,"column":52},"end":{"line":16,"column":65}},{"start":{"line":16,"column":69},"end":{"line":16,"column":83}}],"line":16},"2":{"loc":{"start":{"line":40,"column":4},"end":{"line":42,"column":5}},"type":"if","locations":[{"start":{"line":40,"column":4},"end":{"line":42,"column":5}},{"start":{},"end":{}}],"line":40}},"s":{"0":0,"1":0,"2":0,"3":0,"4":0,"5":0,"6":0,"7":0,"8":0,"9":0,"10":0,"11":0,"12":0,"13":0,"14":0,"15":0,"16":0,"17":0,"18":0,"19":0},"f":{"0":0,"1":0,"2":0},"b":{"0":[0,0],"1":[0,0],"2":[0,0]}}
,"D:\\newBTL\\Badminton-manager-project\\Backend\\controllers\\reportController.js": {"path":"D:\\newBTL\\Badminton-manager-project\\Backend\\controllers\\reportController.js","statementMap":{"0":{"start":{"line":4,"column":2},"end":{"line":10,"column":3}},"1":{"start":{"line":5,"column":45},"end":{"line":5,"column":54}},"2":{"start":{"line":6,"column":19},"end":{"line":6,"column":74}},"3":{"start":{"line":7,"column":4},"end":{"line":7,"column":46}},"4":{"start":{"line":9,"column":4},"end":{"line":9,"column":14}},"5":{"start":{"line":14,"column":2},"end":{"line":21,"column":3}},"6":{"start":{"line":15,"column":31},"end":{"line":15,"column":40}},"7":{"start":{"line":16,"column":4},"end":{"line":16,"column":98}},"8":{"start":{"line":16,"column":15},"end":{"line":16,"column":98}},"9":{"start":{"line":17,"column":19},"end":{"line":17,"column":73}},"10":{"start":{"line":18,"column":4},"end":{"line":18,"column":46}},"11":{"start":{"line":20,"column":4},"end":{"line":20,"column":14}}},"fnMap":{"0":{"name":"getRevenueAndCost","decl":{"start":{"line":3,"column":22},"end":{"line":3,"column":39}},"loc":{"start":{"line":3,"column":56},"end":{"line":11,"column":1}},"line":3},"1":{"name":"getMonthlyReport","decl":{"start":{"line":13,"column":22},"end":{"line":13,"column":38}},"loc":{"start":{"line":13,"column":55},"end":{"line":22,"column":1}},"line":13}},"branchMap":{"0":{"loc":{"start":{"line":16,"column":4},"end":{"line":16,"column":98}},"type":"if","locations":[{"start":{"line":16,"column":4},"end":{"line":16,"column":98}},{"start":{},"end":{}}],"line":16}},"s":{"0":0,"1":0,"2":0,"3":0,"4":0,"5":0,"6":0,"7":0,"8":0,"9":0,"10":0,"11":0},"f":{"0":0,"1":0},"b":{"0":[0,0]}}
,"D:\\newBTL\\Badminton-manager-project\\Backend\\controllers\\sellhistoryController.js": {"path":"D:\\newBTL\\Badminton-manager-project\\Backend\\controllers\\sellhistoryController.js","statementMap":{"0":{"start":{"line":5,"column":2},"end":{"line":10,"column":3}},"1":{"start":{"line":6,"column":21},"end":{"line":6,"column":56}},"2":{"start":{"line":7,"column":4},"end":{"line":7,"column":48}},"3":{"start":{"line":9,"column":4},"end":{"line":9,"column":14}},"4":{"start":{"line":15,"column":2},"end":{"line":21,"column":3}},"5":{"start":{"line":16,"column":20},"end":{"line":16,"column":28}},"6":{"start":{"line":17,"column":23},"end":{"line":17,"column":63}},"7":{"start":{"line":18,"column":4},"end":{"line":18,"column":62}},"8":{"start":{"line":20,"column":4},"end":{"line":20,"column":14}}},"fnMap":{"0":{"name":"getAll","decl":{"start":{"line":4,"column":22},"end":{"line":4,"column":28}},"loc":{"start":{"line":4,"column":45},"end":{"line":11,"column":1}},"line":4},"1":{"name":"create","decl":{"start":{"line":14,"column":22},"end":{"line":14,"column":28}},"loc":{"start":{"line":14,"column":45},"end":{"line":22,"column":1}},"line":14}},"branchMap":{},"s":{"0":0,"1":0,"2":0,"3":0,"4":0,"5":0,"6":0,"7":0,"8":0},"f":{"0":0,"1":0},"b":{}}
,"D:\\newBTL\\Badminton-manager-project\\Backend\\controllers\\userController.js": {"path":"D:\\newBTL\\Badminton-manager-project\\Backend\\controllers\\userController.js","statementMap":{"0":{"start":{"line":5,"column":22},"end":{"line":7,"column":1}},"1":{"start":{"line":6,"column":2},"end":{"line":6,"column":80}},"2":{"start":{"line":12,"column":38},"end":{"line":36,"column":1}},"3":{"start":{"line":13,"column":2},"end":{"line":35,"column":3}},"4":{"start":{"line":14,"column":4},"end":{"line":14,"column":53}},"5":{"start":{"line":15,"column":17},"end":{"line":15,"column":52}},"6":{"start":{"line":16,"column":18},"end":{"line":16,"column":41}},"7":{"start":{"line":17,"column":4},"end":{"line":27,"column":7}},"8":{"start":{"line":29,"column":4},"end":{"line":29,"column":54}},"9":{"start":{"line":30,"column":4},"end":{"line":34,"column":5}},"10":{"start":{"line":31,"column":6},"end":{"line":31,"column":53}},"11":{"start":{"line":33,"column":6},"end":{"line":33,"column":77}},"12":{"start":{"line":41,"column":35},"end":{"line":95,"column":1}},"13":{"start":{"line":42,"column":2},"end":{"line":42,"column":38}},"14":{"start":{"line":43,"column":23},"end":{"line":43,"column":60}},"15":{"start":{"line":44,"column":2},"end":{"line":94,"column":3}},"16":{"start":{"line":45,"column":37},"end":{"line":45,"column":45}},"17":{"start":{"line":46,"column":6},"end":{"line":49,"column":7}},"18":{"start":{"line":47,"column":10},"end":{"line":47,"column":49}},"19":{"start":{"line":48,"column":10},"end":{"line":48,"column":97}},"20":{"start":{"line":50,"column":6},"end":{"line":50,"column":43}},"21":{"start":{"line":51,"column":30},"end":{"line":51,"column":72}},"22":{"start":{"line":52,"column":6},"end":{"line":52,"column":46}},"23":{"start":{"line":54,"column":6},"end":{"line":54,"column":32}},"24":{"start":{"line":55,"column":6},"end":{"line":60,"column":9}},"25":{"start":{"line":62,"column":6},"end":{"line":62,"column":35}},"26":{"start":{"line":64,"column":6},"end":{"line":64,"column":35}},"27":{"start":{"line":65,"column":6},"end":{"line":80,"column":9}},"28":{"start":{"line":81,"column":6},"end":{"line":81,"column":38}},"29":{"start":{"line":82,"column":6},"end":{"line":82,"column":45}},"30":{"start":{"line":84,"column":6},"end":{"line":84,"column":56}},"31":{"start":{"line":86,"column":23},"end":{"line":86,"column":26}},"32":{"start":{"line":87,"column":6},"end":{"line":91,"column":7}},"33":{"start":{"line":88,"column":10},"end":{"line":88,"column":27}},"34":{"start":{"line":89,"column":13},"end":{"line":91,"column":7}},"35":{"start":{"line":90,"column":10},"end":{"line":90,"column":27}},"36":{"start":{"line":92,"column":6},"end":{"line":92,"column":62}},"37":{"start":{"line":93,"column":6},"end":{"line":93,"column":45}},"38":{"start":{"line":100,"column":37},"end":{"line":127,"column":1}},"39":{"start":{"line":101,"column":2},"end":{"line":126,"column":3}},"40":{"start":{"line":102,"column":4},"end":{"line":104,"column":5}},"41":{"start":{"line":103,"column":6},"end":{"line":103,"column":81}},"42":{"start":{"line":106,"column":21},"end":{"line":120,"column":5}},"43":{"start":{"line":122,"column":4},"end":{"line":122,"column":60}},"44":{"start":{"line":124,"column":4},"end":{"line":124,"column":60}},"45":{"start":{"line":125,"column":4},"end":{"line":125,"column":69}},"46":{"start":{"line":132,"column":36},"end":{"line":154,"column":1}},"47":{"start":{"line":133,"column":2},"end":{"line":153,"column":3}},"48":{"start":{"line":134,"column":19},"end":{"line":134,"column":31}},"49":{"start":{"line":135,"column":20},"end":{"line":135,"column":28}},"50":{"start":{"line":138,"column":24},"end":{"line":138,"column":64}},"51":{"start":{"line":141,"column":4},"end":{"line":145,"column":7}},"52":{"start":{"line":147,"column":4},"end":{"line":147,"column":67}},"53":{"start":{"line":149,"column":4},"end":{"line":152,"column":7}},"54":{"start":{"line":159,"column":44},"end":{"line":175,"column":1}},"55":{"start":{"line":160,"column":2},"end":{"line":174,"column":3}},"56":{"start":{"line":161,"column":17},"end":{"line":161,"column":25}},"57":{"start":{"line":162,"column":41},"end":{"line":162,"column":49}},"58":{"start":{"line":163,"column":4},"end":{"line":165,"column":5}},"59":{"start":{"line":164,"column":6},"end":{"line":164,"column":93}},"60":{"start":{"line":166,"column":4},"end":{"line":168,"column":5}},"61":{"start":{"line":167,"column":6},"end":{"line":167,"column":103}},"62":{"start":{"line":169,"column":4},"end":{"line":169,"column":68}},"63":{"start":{"line":170,"column":4},"end":{"line":170,"column":80}},"64":{"start":{"line":172,"column":4},"end":{"line":172,"column":67}},"65":{"start":{"line":173,"column":4},"end":{"line":173,"column":69}},"66":{"start":{"line":180,"column":32},"end":{"line":214,"column":1}},"67":{"start":{"line":181,"column":2},"end":{"line":213,"column":3}},"68":{"start":{"line":183,"column":4},"end":{"line":187,"column":7}},"69":{"start":{"line":190,"column":4},"end":{"line":194,"column":7}},"70":{"start":{"line":197,"column":4},"end":{"line":209,"column":7}},"71":{"start":{"line":198,"column":6},"end":{"line":201,"column":7}},"72":{"start":{"line":199,"column":8},"end":{"line":199,"column":56}},"73":{"start":{"line":200,"column":8},"end":{"line":200,"column":89}},"74":{"start":{"line":204,"column":6},"end":{"line":208,"column":9}},"75":{"start":{"line":211,"column":4},"end":{"line":211,"column":42}},"76":{"start":{"line":212,"column":4},"end":{"line":212,"column":69}},"77":{"start":{"line":218,"column":34},"end":{"line":227,"column":1}},"78":{"start":{"line":219,"column":17},"end":{"line":219,"column":29}},"79":{"start":{"line":220,"column":2},"end":{"line":226,"column":3}},"80":{"start":{"line":221,"column":19},"end":{"line":221,"column":48}},"81":{"start":{"line":222,"column":4},"end":{"line":222,"column":58}},"82":{"start":{"line":224,"column":4},"end":{"line":224,"column":61}},"83":{"start":{"line":225,"column":4},"end":{"line":225,"column":76}},"84":{"start":{"line":232,"column":49},"end":{"line":242,"column":1}},"85":{"start":{"line":233,"column":2},"end":{"line":241,"column":3}},"86":{"start":{"line":234,"column":19},"end":{"line":234,"column":46}},"87":{"start":{"line":235,"column":19},"end":{"line":235,"column":31}},"88":{"start":{"line":236,"column":18},"end":{"line":236,"column":59}},"89":{"start":{"line":237,"column":4},"end":{"line":237,"column":39}},"90":{"start":{"line":239,"column":4},"end":{"line":239,"column":72}},"91":{"start":{"line":240,"column":4},"end":{"line":240,"column":69}},"92":{"start":{"line":247,"column":47},"end":{"line":257,"column":1}},"93":{"start":{"line":248,"column":20},"end":{"line":248,"column":28}},"94":{"start":{"line":250,"column":2},"end":{"line":256,"column":3}},"95":{"start":{"line":251,"column":19},"end":{"line":251,"column":60}},"96":{"start":{"line":252,"column":4},"end":{"line":252,"column":56}},"97":{"start":{"line":254,"column":4},"end":{"line":254,"column":58}},"98":{"start":{"line":255,"column":4},"end":{"line":255,"column":90}},"99":{"start":{"line":262,"column":39},"end":{"line":298,"column":1}},"100":{"start":{"line":263,"column":28},"end":{"line":263,"column":38}},"101":{"start":{"line":264,"column":2},"end":{"line":264,"column":63}},"102":{"start":{"line":265,"column":2},"end":{"line":265,"column":61}},"103":{"start":{"line":266,"column":26},"end":{"line":266,"column":34}},"104":{"start":{"line":268,"column":2},"end":{"line":297,"column":3}},"105":{"start":{"line":269,"column":4},"end":{"line":274,"column":5}},"106":{"start":{"line":270,"column":6},"end":{"line":273,"column":9}},"107":{"start":{"line":276,"column":19},"end":{"line":276,"column":73}},"108":{"start":{"line":278,"column":4},"end":{"line":284,"column":5}},"109":{"start":{"line":280,"column":6},"end":{"line":283,"column":9}},"110":{"start":{"line":287,"column":4},"end":{"line":290,"column":7}},"111":{"start":{"line":292,"column":4},"end":{"line":292,"column":50}},"112":{"start":{"line":293,"column":4},"end":{"line":296,"column":7}},"113":{"start":{"line":304,"column":28},"end":{"line":319,"column":1}},"114":{"start":{"line":305,"column":2},"end":{"line":318,"column":3}},"115":{"start":{"line":306,"column":41},"end":{"line":306,"column":49}},"116":{"start":{"line":307,"column":19},"end":{"line":307,"column":31}},"117":{"start":{"line":309,"column":22},"end":{"line":309,"column":85}},"118":{"start":{"line":311,"column":4},"end":{"line":311,"column":81}},"119":{"start":{"line":313,"column":4},"end":{"line":313,"column":53}},"120":{"start":{"line":314,"column":4},"end":{"line":316,"column":5}},"121":{"start":{"line":315,"column":6},"end":{"line":315,"column":71}},"122":{"start":{"line":317,"column":4},"end":{"line":317,"column":53}}},"fnMap":{"0":{"name":"(anonymous_0)","decl":{"start":{"line":5,"column":22},"end":{"line":5,"column":23}},"loc":{"start":{"line":5,"column":34},"end":{"line":7,"column":1}},"line":5},"1":{"name":"(anonymous_1)","decl":{"start":{"line":12,"column":38},"end":{"line":12,"column":39}},"loc":{"start":{"line":12,"column":58},"end":{"line":36,"column":1}},"line":12},"2":{"name":"(anonymous_2)","decl":{"start":{"line":41,"column":35},"end":{"line":41,"column":36}},"loc":{"start":{"line":41,"column":55},"end":{"line":95,"column":1}},"line":41},"3":{"name":"(anonymous_3)","decl":{"start":{"line":100,"column":37},"end":{"line":100,"column":38}},"loc":{"start":{"line":100,"column":57},"end":{"line":127,"column":1}},"line":100},"4":{"name":"(anonymous_4)","decl":{"start":{"line":132,"column":36},"end":{"line":132,"column":37}},"loc":{"start":{"line":132,"column":62},"end":{"line":154,"column":1}},"line":132},"5":{"name":"(anonymous_5)","decl":{"start":{"line":159,"column":44},"end":{"line":159,"column":45}},"loc":{"start":{"line":159,"column":64},"end":{"line":175,"column":1}},"line":159},"6":{"name":"(anonymous_6)","decl":{"start":{"line":180,"column":32},"end":{"line":180,"column":33}},"loc":{"start":{"line":180,"column":46},"end":{"line":214,"column":1}},"line":180},"7":{"name":"(anonymous_7)","decl":{"start":{"line":197,"column":24},"end":{"line":197,"column":25}},"loc":{"start":{"line":197,"column":33},"end":{"line":209,"column":5}},"line":197},"8":{"name":"(anonymous_8)","decl":{"start":{"line":218,"column":34},"end":{"line":218,"column":35}},"loc":{"start":{"line":218,"column":54},"end":{"line":227,"column":1}},"line":218},"9":{"name":"(anonymous_9)","decl":{"start":{"line":232,"column":49},"end":{"line":232,"column":50}},"loc":{"start":{"line":232,"column":69},"end":{"line":242,"column":1}},"line":232},"10":{"name":"(anonymous_10)","decl":{"start":{"line":247,"column":47},"end":{"line":247,"column":48}},"loc":{"start":{"line":247,"column":67},"end":{"line":257,"column":1}},"line":247},"11":{"name":"(anonymous_11)","decl":{"start":{"line":262,"column":39},"end":{"line":262,"column":40}},"loc":{"start":{"line":262,"column":59},"end":{"line":298,"column":1}},"line":262},"12":{"name":"(anonymous_12)","decl":{"start":{"line":304,"column":28},"end":{"line":304,"column":29}},"loc":{"start":{"line":304,"column":48},"end":{"line":319,"column":1}},"line":304}},"branchMap":{"0":{"loc":{"start":{"line":30,"column":4},"end":{"line":34,"column":5}},"type":"if","locations":[{"start":{"line":30,"column":4},"end":{"line":34,"column":5}},{"start":{"line":32,"column":11},"end":{"line":34,"column":5}}],"line":30},"1":{"loc":{"start":{"line":30,"column":8},"end":{"line":30,"column":44}},"type":"binary-expr","locations":[{"start":{"line":30,"column":8},"end":{"line":30,"column":28}},{"start":{"line":30,"column":32},"end":{"line":30,"column":44}}],"line":30},"2":{"loc":{"start":{"line":46,"column":6},"end":{"line":49,"column":7}},"type":"if","locations":[{"start":{"line":46,"column":6},"end":{"line":49,"column":7}},{"start":{},"end":{}}],"line":46},"3":{"loc":{"start":{"line":46,"column":10},"end":{"line":46,"column":32}},"type":"binary-expr","locations":[{"start":{"line":46,"column":10},"end":{"line":46,"column":19}},{"start":{"line":46,"column":23},"end":{"line":46,"column":32}}],"line":46},"4":{"loc":{"start":{"line":87,"column":6},"end":{"line":91,"column":7}},"type":"if","locations":[{"start":{"line":87,"column":6},"end":{"line":91,"column":7}},{"start":{"line":89,"column":13},"end":{"line":91,"column":7}}],"line":87},"5":{"loc":{"start":{"line":87,"column":10},"end":{"line":87,"column":98}},"type":"binary-expr","locations":[{"start":{"line":87,"column":10},"end":{"line":87,"column":55}},{"start":{"line":87,"column":59},"end":{"line":87,"column":98}}],"line":87},"6":{"loc":{"start":{"line":89,"column":13},"end":{"line":91,"column":7}},"type":"if","locations":[{"start":{"line":89,"column":13},"end":{"line":91,"column":7}},{"start":{},"end":{}}],"line":89},"7":{"loc":{"start":{"line":102,"column":4},"end":{"line":104,"column":5}},"type":"if","locations":[{"start":{"line":102,"column":4},"end":{"line":104,"column":5}},{"start":{},"end":{}}],"line":102},"8":{"loc":{"start":{"line":151,"column":15},"end":{"line":151,"column":81}},"type":"binary-expr","locations":[{"start":{"line":151,"column":15},"end":{"line":151,"column":28}},{"start":{"line":151,"column":32},"end":{"line":151,"column":81}}],"line":151},"9":{"loc":{"start":{"line":163,"column":4},"end":{"line":165,"column":5}},"type":"if","locations":[{"start":{"line":163,"column":4},"end":{"line":165,"column":5}},{"start":{},"end":{}}],"line":163},"10":{"loc":{"start":{"line":163,"column":8},"end":{"line":163,"column":36}},"type":"binary-expr","locations":[{"start":{"line":163,"column":8},"end":{"line":163,"column":20}},{"start":{"line":163,"column":24},"end":{"line":163,"column":36}}],"line":163},"11":{"loc":{"start":{"line":166,"column":4},"end":{"line":168,"column":5}},"type":"if","locations":[{"start":{"line":166,"column":4},"end":{"line":168,"column":5}},{"start":{},"end":{}}],"line":166},"12":{"loc":{"start":{"line":198,"column":6},"end":{"line":201,"column":7}},"type":"if","locations":[{"start":{"line":198,"column":6},"end":{"line":201,"column":7}},{"start":{},"end":{}}],"line":198},"13":{"loc":{"start":{"line":234,"column":19},"end":{"line":234,"column":46}},"type":"binary-expr","locations":[{"start":{"line":234,"column":19},"end":{"line":234,"column":35}},{"start":{"line":234,"column":39},"end":{"line":234,"column":46}}],"line":234},"14":{"loc":{"start":{"line":252,"column":15},"end":{"line":252,"column":41}},"type":"cond-expr","locations":[{"start":{"line":252,"column":32},"end":{"line":252,"column":35}},{"start":{"line":252,"column":38},"end":{"line":252,"column":41}}],"line":252},"15":{"loc":{"start":{"line":269,"column":4},"end":{"line":274,"column":5}},"type":"if","locations":[{"start":{"line":269,"column":4},"end":{"line":274,"column":5}},{"start":{},"end":{}}],"line":269},"16":{"loc":{"start":{"line":278,"column":4},"end":{"line":284,"column":5}},"type":"if","locations":[{"start":{"line":278,"column":4},"end":{"line":284,"column":5}},{"start":{},"end":{}}],"line":278},"17":{"loc":{"start":{"line":282,"column":17},"end":{"line":282,"column":75}},"type":"binary-expr","locations":[{"start":{"line":282,"column":17},"end":{"line":282,"column":31}},{"start":{"line":282,"column":35},"end":{"line":282,"column":75}}],"line":282},"18":{"loc":{"start":{"line":289,"column":15},"end":{"line":289,"column":63}},"type":"binary-expr","locations":[{"start":{"line":289,"column":15},"end":{"line":289,"column":29}},{"start":{"line":289,"column":33},"end":{"line":289,"column":63}}],"line":289},"19":{"loc":{"start":{"line":314,"column":4},"end":{"line":316,"column":5}},"type":"if","locations":[{"start":{"line":314,"column":4},"end":{"line":316,"column":5}},{"start":{},"end":{}}],"line":314}
[...]
olumn":4},"end":{"line":448,"column":5}},{"start":{},"end":{}}],"line":446},"60":{"loc":{"start":{"line":460,"column":4},"end":{"line":475,"column":5}},"type":"if","locations":[{"start":{"line":460,"column":4},"end":{"line":475,"column":5}},{"start":{},"end":{}}],"line":460},"61":{"loc":{"start":{"line":460,"column":8},"end":{"line":460,"column":71}},"type":"binary-expr","locations":[{"start":{"line":460,"column":8},"end":{"line":460,"column":18}},{"start":{"line":460,"column":22},"end":{"line":460,"column":71}}],"line":460},"62":{"loc":{"start":{"line":462,"column":8},"end":{"line":468,"column":9}},"type":"if","locations":[{"start":{"line":462,"column":8},"end":{"line":468,"column":9}},{"start":{},"end":{}}],"line":462},"63":{"loc":{"start":{"line":470,"column":8},"end":{"line":472,"column":9}},"type":"if","locations":[{"start":{"line":470,"column":8},"end":{"line":472,"column":9}},{"start":{},"end":{}}],"line":470},"64":{"loc":{"start":{"line":485,"column":4},"end":{"line":491,"column":5}},"type":"if","locations":[{"start":{"line":485,"column":4},"end":{"line":491,"column":5}},{"start":{},"end":{}}],"line":485},"65":{"loc":{"start":{"line":499,"column":4},"end":{"line":499,"column":53}},"type":"if","locations":[{"start":{"line":499,"column":4},"end":{"line":499,"column":53}},{"start":{},"end":{}}],"line":499},"66":{"loc":{"start":{"line":499,"column":31},"end":{"line":499,"column":52}},"type":"cond-expr","locations":[{"start":{"line":499,"column":45},"end":{"line":499,"column":48}},{"start":{"line":499,"column":51},"end":{"line":499,"column":52}}],"line":499},"67":{"loc":{"start":{"line":506,"column":50},"end":{"line":506,"column":66}},"type":"default-arg","locations":[{"start":{"line":506,"column":59},"end":{"line":506,"column":66}}],"line":506},"68":{"loc":{"start":{"line":514,"column":4},"end":{"line":530,"column":5}},"type":"if","locations":[{"start":{"line":514,"column":4},"end":{"line":530,"column":5}},{"start":{"line":520,"column":11},"end":{"line":530,"column":5}}],"line":514},"69":{"loc":{"start":{"line":520,"column":11},"end":{"line":530,"column":5}},"type":"if","locations":[{"start":{"line":520,"column":11},"end":{"line":530,"column":5}},{"start":{"line":524,"column":11},"end":{"line":530,"column":5}}],"line":520},"70":{"loc":{"start":{"line":524,"column":11},"end":{"line":530,"column":5}},"type":"if","locations":[{"start":{"line":524,"column":11},"end":{"line":530,"column":5}},{"start":{"line":528,"column":11},"end":{"line":530,"column":5}}],"line":524},"71":{"loc":{"start":{"line":580,"column":25},"end":{"line":580,"column":73}},"type":"binary-expr","locations":[{"start":{"line":580,"column":25},"end":{"line":580,"column":67}},{"start":{"line":580,"column":71},"end":{"line":580,"column":73}}],"line":580},"72":{"loc":{"start":{"line":581,"column":26},"end":{"line":581,"column":75}},"type":"binary-expr","locations":[{"start":{"line":581,"column":26},"end":{"line":581,"column":69}},{"start":{"line":581,"column":73},"end":{"line":581,"column":75}}],"line":581},"73":{"loc":{"start":{"line":583,"column":29},"end":{"line":583,"column":61}},"type":"binary-expr","locations":[{"start":{"line":583,"column":29},"end":{"line":583,"column":56}},{"start":{"line":583,"column":60},"end":{"line":583,"column":61}}],"line":583},"74":{"loc":{"start":{"line":584,"column":29},"end":{"line":584,"column":61}},"type":"binary-expr","locations":[{"start":{"line":584,"column":29},"end":{"line":584,"column":56}},{"start":{"line":584,"column":60},"end":{"line":584,"column":61}}],"line":584},"75":{"loc":{"start":{"line":585,"column":26},"end":{"line":585,"column":55}},"type":"binary-expr","locations":[{"start":{"line":585,"column":26},"end":{"line":585,"column":50}},{"start":{"line":585,"column":54},"end":{"line":585,"column":55}}],"line":585},"76":{"loc":{"start":{"line":586,"column":26},"end":{"line":586,"column":55}},"type":"binary-expr","locations":[{"start":{"line":586,"column":26},"end":{"line":586,"column":50}},{"start":{"line":586,"column":54},"end":{"line":586,"column":55}}],"line":586},"77":{"loc":{"start":{"line":589,"column":30},"end":{"line":589,"column":63}},"type":"binary-expr","locations":[{"start":{"line":589,"column":30},"end":{"line":589,"column":58}},{"start":{"line":589,"column":62},"end":{"line":589,"column":63}}],"line":589},"78":{"loc":{"start":{"line":590,"column":30},"end":{"line":590,"column":63}},"type":"binary-expr","locations":[{"start":{"line":590,"column":30},"end":{"line":590,"column":58}},{"start":{"line":590,"column":62},"end":{"line":590,"column":63}}],"line":590},"79":{"loc":{"start":{"line":591,"column":27},"end":{"line":591,"column":57}},"type":"binary-expr","locations":[{"start":{"line":591,"column":27},"end":{"line":591,"column":52}},{"start":{"line":591,"column":56},"end":{"line":591,"column":57}}],"line":591},"80":{"loc":{"start":{"line":592,"column":27},"end":{"line":592,"column":57}},"type":"binary-expr","locations":[{"start":{"line":592,"column":27},"end":{"line":592,"column":52}},{"start":{"line":592,"column":56},"end":{"line":592,"column":57}}],"line":592},"81":{"loc":{"start":{"line":628,"column":4},"end":{"line":630,"column":5}},"type":"if","locations":[{"start":{"line":628,"column":4},"end":{"line":630,"column":5}},{"start":{},"end":{}}],"line":628},"82":{"loc":{"start":{"line":671,"column":4},"end":{"line":673,"column":5}},"type":"if","locations":[{"start":{"line":671,"column":4},"end":{"line":673,"column":5}},{"start":{},"end":{}}],"line":671},"83":{"loc":{"start":{"line":677,"column":4},"end":{"line":683,"column":5}},"type":"if","locations":[{"start":{"line":677,"column":4},"end":{"line":683,"column":5}},{"start":{},"end":{}}],"line":677},"84":{"loc":{"start":{"line":678,"column":8},"end":{"line":680,"column":46}},"type":"binary-expr","locations":[{"start":{"line":678,"column":8},"end":{"line":678,"column":50}},{"start":{"line":679,"column":8},"end":{"line":679,"column":34}},{"start":{"line":680,"column":8},"end":{"line":680,"column":46}}],"line":678},"85":{"loc":{"start":{"line":702,"column":4},"end":{"line":704,"column":5}},"type":"if","locations":[{"start":{"line":702,"column":4},"end":{"line":704,"column":5}},{"start":{},"end":{}}],"line":702},"86":{"loc":{"start":{"line":702,"column":8},"end":{"line":702,"column":38}},"type":"binary-expr","locations":[{"start":{"line":702,"column":8},"end":{"line":702,"column":17}},{"start":{"line":702,"column":21},"end":{"line":702,"column":28}},{"start":{"line":702,"column":32},"end":{"line":702,"column":38}}],"line":702},"87":{"loc":{"start":{"line":706,"column":4},"end":{"line":708,"column":5}},"type":"if","locations":[{"start":{"line":706,"column":4},"end":{"line":708,"column":5}},{"start":{},"end":{}}],"line":706},"88":{"loc":{"start":{"line":706,"column":8},"end":{"line":706,"column":30}},"type":"binary-expr","locations":[{"start":{"line":706,"column":8},"end":{"line":706,"column":17}},{"start":{"line":706,"column":21},"end":{"line":706,"column":30}}],"line":706},"89":{"loc":{"start":{"line":711,"column":4},"end":{"line":728,"column":5}},"type":"if","locations":[{"start":{"line":711,"column":4},"end":{"line":728,"column":5}},{"start":{},"end":{}}],"line":711},"90":{"loc":{"start":{"line":711,"column":8},"end":{"line":711,"column":50}},"type":"binary-expr","locations":[{"start":{"line":711,"column":8},"end":{"line":711,"column":15}},{"start":{"line":711,"column":19},"end":{"line":711,"column":50}}],"line":711},"91":{"loc":{"start":{"line":714,"column":8},"end":{"line":716,"column":9}},"type":"if","locations":[{"start":{"line":714,"column":8},"end":{"line":716,"column":9}},{"start":{},"end":{}}],"line":714},"92":{"loc":{"start":{"line":751,"column":8},"end":{"line":753,"column":9}},"type":"if","locations":[{"start":{"line":751,"column":8},"end":{"line":753,"column":9}},{"start":{},"end":{}}],"line":751},"93":{"loc":{"start":{"line":756,"column":8},"end":{"line":758,"column":9}},"type":"if","locations":[{"start":{"line":756,"column":8},"end":{"line":758,"column":9}},{"start":{},"end":{}}],"line":756},"94":{"loc":{"start":{"line":768,"column":8},"end":{"line":774,"column":9}},"type":"if","locations":[{"start":{"line":768,"column":8},"end":{"line":774,"column":9}},{"start":{},"end":{}}],"line":768},"95":{"loc":{"start":{"line":803,"column":8},"end":{"line":803,"column":50}},"type":"if","locations":[{"start":{"line":803,"column":8},"end":{"line":803,"column":50}},{"start":{},"end":{}}],"line":803},"96":{"loc":{"start":{"line":803,"column":12},"end":{"line":803,"column":34}},"type":"binary-expr","locations":[{"start":{"line":803,"column":12},"end":{"line":803,"column":21}},{"start":{"line":803,"column":25},"end":{"line":803,"column":34}}],"line":803},"97":{"loc":{"start":{"line":804,"column":8},"end":{"line":804,"column":51}},"type":"if","locations":[{"start":{"line":804,"column":8},"end":{"line":804,"column":51}},{"start":{},"end":{}}],"line":804},"98":{"loc":{"start":{"line":804,"column":12},"end":{"line":804,"column":35}},"type":"binary-expr","locations":[{"start":{"line":804,"column":12},"end":{"line":804,"column":22}},{"start":{"line":804,"column":26},"end":{"line":804,"column":35}}],"line":804},"99":{"loc":{"start":{"line":805,"column":8},"end":{"line":805,"column":52}},"type":"if","locations":[{"start":{"line":805,"column":8},"end":{"line":805,"column":52}},{"start":{},"end":{}}],"line":805},"100":{"loc":{"start":{"line":805,"column":12},"end":{"line":805,"column":35}},"type":"binary-expr","locations":[{"start":{"line":805,"column":12},"end":{"line":805,"column":22}},{"start":{"line":805,"column":26},"end":{"line":805,"column":35}}],"line":805},"101":{"loc":{"start":{"line":806,"column":8},"end":{"line":806,"column":51}},"type":"if","locations":[{"start":{"line":806,"column":8},"end":{"line":806,"column":51}},{"start":{},"end":{}}],"line":806},"102":{"loc":{"start":{"line":806,"column":12},"end":{"line":806,"column":36}},"type":"binary-expr","locations":[{"start":{"line":806,"column":12},"end":{"line":806,"column":22}},{"start":{"line":806,"column":26},"end":{"line":806,"column":36}}],"line":806},"103":{"loc":{"start":{"line":811,"column":8},"end":{"line":824,"column":9}},"type":"if","locations":[{"start":{"line":811,"column":8},"end":{"line":824,"column":9}},{"start":{},"end":{}}],"line":811},"104":{"loc":{"start":{"line":811,"column":12},"end":{"line":811,"column":59}},"type":"binary-expr","locations":[{"start":{"line":811,"column":12},"end":{"line":811,"column":26}},{"start":{"line":811,"column":30},"end":{"line":811,"column":59}}],"line":811},"105":{"loc":{"start":{"line":813,"column":16},"end":{"line":822,"column":17}},"type":"if","locations":[{"start":{"line":813,"column":16},"end":{"line":822,"column":17}},{"start":{},"end":{}}],"line":813},"106":{"loc":{"start":{"line":816,"column":48},"end":{"line":816,"column":73}},"type":"binary-expr","locations":[{"start":{"line":816,"column":48},"end":{"line":816,"column":68}},{"start":{"line":816,"column":72},"end":{"line":816,"column":73}}],"line":816},"107":{"loc":{"start":{"line":818,"column":24},"end":{"line":820,"column":25}},"type":"if","locations":[{"start":{"line":818,"column":24},"end":{"line":820,"column":25}},{"start":{},"end":{}}],"line":818},"108":{"loc":{"start":{"line":830,"column":8},"end":{"line":833,"column":9}},"type":"if","locations":[{"start":{"line":830,"column":8},"end":{"line":833,"column":9}},{"start":{},"end":{}}],"line":830},"109":{"loc":{"start":{"line":837,"column":4},"end":{"line":845,"column":5}},"type":"if","locations":[{"start":{"line":837,"column":4},"end":{"line":845,"column":5}},{"start":{},"end":{}}],"line":837},"110":{"loc":{"start":{"line":843,"column":69},"end":{"line":843,"column":100}},"type":"cond-expr","locations":[{"start":{"line":843,"column":89},"end":{"line":843,"column":93}},{"start":{"line":843,"column":96},"end":{"line":843,"column":100}}],"line":843},"111":{"loc":{"start":{"line":849,"column":35},"end":{"line":849,"column":126}},"type":"cond-expr","locations":[{"start":{"line":849,"column":52},"end":{"line":849,"column":117}},{"start":{"line":849,"column":120},"end":{"line":849,"column":126}}],"line":849},"112":{"loc":{"start":{"line":865,"column":48},"end":{"line":865,"column":56}},"type":"default-arg","locations":[{"start":{"line":865,"column":55},"end":{"line":865,"column":56}}],"line":865},"113":{"loc":{"start":{"line":865,"column":58},"end":{"line":865,"column":68}},"type":"default-arg","locations":[{"start":{"line":865,"column":66},"end":{"line":865,"column":68}}],"line":865},"114":{"loc":{"start":{"line":891,"column":30},"end":{"line":891,"column":70}},"type":"cond-expr","locations":[{"start":{"line":891,"column":41},"end":{"line":891,"column":54}},{"start":{"line":891,"column":57},"end":{"line":891,"column":70}}],"line":891},"115":{"loc":{"start":{"line":898,"column":25},"end":{"line":898,"column":89}},"type":"cond-expr","locations":[{"start":{"line":898,"column":56},"end":{"line":898,"column":67}},{"start":{"line":898,"column":70},"end":{"line":898,"column":89}}],"line":898},"116":{"loc":{"start":{"line":901,"column":24},"end":{"line":901,"column":63}},"type":"cond-expr","locations":[{"start":{"line":901,"column":33},"end":{"line":901,"column":44}},{"start":{"line":901,"column":47},"end":{"line":901,"column":63}}],"line":901},"117":{"loc":{"start":{"line":905,"column":31},"end":{"line":905,"column":85}},"type":"cond-expr","locations":[{"start":{"line":905,"column":59},"end":{"line":905,"column":80}},{"start":{"line":905,"column":83},"end":{"line":905,"column":85}}],"line":905},"118":{"loc":{"start":{"line":921,"column":12},"end":{"line":932,"column":13}},"type":"if","locations":[{"start":{"line":921,"column":12},"end":{"line":932,"column":13}},{"start":{},"end":{}}],"line":921},"119":{"loc":{"start":{"line":936,"column":49},"end":{"line":936,"column":73}},"type":"binary-expr","locations":[{"start":{"line":936,"column":49},"end":{"line":936,"column":68}},{"start":{"line":936,"column":72},"end":{"line":936,"column":73}}],"line":936},"120":{"loc":{"start":{"line":946,"column":30},"end":{"line":946,"column":70}},"type":"cond-expr","locations":[{"start":{"line":946,"column":41},"end":{"line":946,"column":54}},{"start":{"line":946,"column":57},"end":{"line":946,"column":70}}],"line":946},"121":{"loc":{"start":{"line":957,"column":25},"end":{"line":957,"column":93}},"type":"cond-expr","locations":[{"start":{"line":957,"column":54},"end":{"line":957,"column":73}},{"start":{"line":957,"column":76},"end":{"line":957,"column":93}}],"line":957},"122":{"loc":{"start":{"line":960,"column":24},"end":{"line":960,"column":63}},"type":"cond-expr","locations":[{"start":{"line":960,"column":33},"end":{"line":960,"column":44}},{"start":{"line":960,"column":47},"end":{"line":960,"column":63}}],"line":960},"123":{"loc":{"start":{"line":966,"column":31},"end":{"line":966,"column":81}},"type":"cond-expr","locations":[{"start":{"line":966,"column":57},"end":{"line":966,"column":76}},{"start":{"line":966,"column":79},"end":{"line":966,"column":81}}],"line":966}},"s":{"0":0,"1":0,"2":0,"3":0,"4":0,"5":0,"6":0,"7":0,"8":0,"9":0,"10":0,"11":0,"12":0,"13":0,"14":0,"15":0,"16":0,"17":0,"18":0,"19":0,"20":0,"21":0,"22":0,"23":0,"24":0,"25":0,"26":0,"27":0,"28":0,"29":0,"30":0,"31":0,"32":0,"33":0,"34":0,"35":0,"36":0,"37":0,"38":0,"39":0,"40":0,"41":0,"42":0,"43":0,"44":0,"45":0,"46":0,"47":0,"48":0,"49":0,"50":0,"51":0,"52":0,"53":0,"54":0,"55":0,"56":0,"57":0,"58":0,"59":0,"60":0,"61":0,"62":0,"63":0,"64":0,"65":0,"66":0,"67":0,"68":0,"69":0,"70":0,"71":0,"72":0,"73":0,"74":0,"75":0,"76":0,"77":0,"78":0,"79":0,"80":0,"81":0,"82":0,"83":0,"84":0,"85":0,"86":0,"87":0,"88":0,"89":0,"90":0,"91":0,"92":0,"93":0,"94":0,"95":0,"96":0,"97":0,"98":0,"99":0,"100":0,"101":0,"102":0,"103":0,"104":0,"105":0,"106":0,"107":0,"108":0,"109":0,"110":0,"111":0,"112":0,"113":0,"114":0,"115":0,"116":0,"117":0,"118":0,"119":0,"120":0,"121":0,"122":0,"123":0,"124":0,"125":0,"126":0,"127":0,"128":0,"129":0,"130":0,"131":0,"132":0,"133":0,"134":0,"135":0,"136":0,"137":0,"138":0,"139":0,"140":0,"141":0,"142":0,"143":0,"144":0,"145":0,"146":0,"147":0,"148":0,"149":0,"150":0,"151":0,"152":0,"153":0,"154":0,"155":0,"156":0,"157":0,"158":0,"159":0,"160":0,"161":0,"162":0,"163":0,"164":0,"165":0,"166":0,"167":0,"168":0,"169":0,"170":0,"171":0,"172":0,"173":0,"174":0,"175":0,"176":0,"177":0,"178":0,"179":0,"180":0,"181":0,"182":0,"183":0,"184":0,"185":0,"186":0,"187":0,"188":0,"189":0,"190":0,"191":0,"192":0,"193":0,"194":0,"195":0,"196":0,"197":0,"198":0,"199":0,"200":0,"201":0,"202":0,"203":0,"204":0,"205":0,"206":0,"207":0,"208":0,"209":0,"210":0,"211":0,"212":0,"213":0,"214":0,"215":0,"216":0,"217":0,"218":0,"219":0,"220":0,"221":0,"222":0,"223":0,"224":0,"225":0,"226":0,"227":0,"228":0,"229":0,"230":0,"231":0,"232":0,"233":0,"234":0,"235":0,"236":0,"237":0,"238":0,"239":0,"240":0,"241":0,"242":0,"243":0,"244":0,"245":0,"246":0,"247":0,"248":0,"249":0,"250":0,"251":0,"252":0,"253":0,"254":0,"255":0,"256":0,"257":0,"258":0,"259":0,"260":0,"261":0,"262":0,"263":0,"264":0,"265":0,"266":0,"267":0,"268":0,"269":0,"270":0,"271":0,"272":0,"273":0,"274":0,"275":0,"276":0,"277":0,"278":0,"279":0,"280":0,"281":0,"282":0,"283":0,"284":0,"285":0,"286":0,"287":0,"288":0,"289":0,"290":0,"291":0,"292":0,"293":0,"294":0,"295":0,"296":0,"297":0,"298":0,"299":0,"300":0,"301":0,"302":0,"303":0,"304":0,"305":0,"306":0,"307":0,"308":0,"309":0,"310":0,"311":0,"312":0,"313":0,"314":0,"315":0,"316":0,"317":0,"318":0,"319":0,"320":0,"321":0,"322":0,"323":0,"324":0,"325":0,"326":0,"327":0,"328":0,"329":0,"330":0,"331":0,"332":0,"333":0,"334":0,"335":0,"336":0,"337":0,"338":0,"339":0,"340":0,"341":0,"342":0,"343":0,"344":0,"345":0,"346":0,"347":0,"348":0,"349":0,"350":0,"351":0,"352":0,"353":0,"354":0,"355":0,"356":0,"357":0,"358":0,"359":0,"360":0,"361":0,"362":0,"363":0,"364":0,"365":0,"366":0,"367":0,"368":0,"369":0,"370":0,"371":0,"372":0,"373":0,"374":0,"375":0,"376":0,"377":0,"378":0,"379":0,"380":0,"381":0,"382":0,"383":0,"384":0,"385":0,"386":0,"387":0,"388":0,"389":0,"390":0,"391":0,"392":0,"393":0,"394":0,"395":0,"396":0,"397":0,"398":0,"399":0,"400":0,"401":0,"402":0,"403":0,"404":0,"405":0,"406":0,"407":0,"408":0,"409":0,"410":0,"411":0,"412":0,"413":0,"414":0,"415":0,"416":0,"417":0,"418":0,"419":0,"420":0,"421":0,"422":0,"423":0,"424":0,"425":0,"426":0,"427":0,"428":0},"f":{"0":0,"1":0,"2":0,"3":0,"4":0,"5":0,"6":0,"7":0,"8":0,"9":0,"10":0,"11":0,"12":0,"13":0,"14":0,"15":0,"16":0,"17":0,"18":0,"19":0,"20":0,"21":0,"22":0,"23":0,"24":0,"25":0,"26":0,"27":0,"28":0,"29":0,"30":0,"31":0,"32":0,"33":0,"34":0,"35":0,"36":0,"37":0,"38":0},"b":{"0":[0,0],"1":[0,0],"2":[0,0],"3":[0,0],"4":[0,0],"5":[0,0],"6":[0,0],"7":[0,0],"8":[0,0],"9":[0,0],"10":[0,0],"11":[0,0],"12":[0,0],"13":[0,0],"14":[0,0],"15":[0,0],"16":[0,0],"17":[0,0],"18":[0,0,0,0,0],"19":[0,0],"20":[0,0],"21":[0,0],"22":[0,0],"23":[0,0],"24":[0,0],"25":[0,0],"26":[0,0],"27":[0,0],"28":[0,0],"29":[0,0],"30":[0,0],"31":[0,0],"32":[0,0],"33":[0,0],"34":[0,0],"35":[0,0],"36":[0,0,0],"37":[0,0],"38":[0,0],"39":[0,0],"40":[0,0],"41":[0,0],"42":[0,0],"43":[0,0],"44":[0,0],"45":[0,0],"46":[0,0],"47":[0,0],"48":[0,0],"49":[0,0],"50":[0,0],"51":[0,0],"52":[0],"53":[0,0],"54":[0,0],"55":[0,0],"56":[0,0],"57":[0,0],"58":[0],"59":[0,0],"60":[0,0],"61":[0,0],"62":[0,0],"63":[0,0],"64":[0,0],"65":[0,0],"66":[0,0],"67":[0],"68":[0,0],"69":[0,0],"70":[0,0],"71":[0,0],"72":[0,0],"73":[0,0],"74":[0,0],"75":[0,0],"76":[0,0],"77":[0,0],"78":[0,0],"79":[0,0],"80":[0,0],"81":[0,0],"82":[0,0],"83":[0,0],"84":[0,0,0],"85":[0,0],"86":[0,0,0],"87":[0,0],"88":[0,0],"89":[0,0],"90":[0,0],"91":[0,0],"92":[0,0],"93":[0,0],"94":[0,0],"95":[0,0],"96":[0,0],"97":[0,0],"98":[0,0],"99":[0,0],"100":[0,0],"101":[0,0],"102":[0,0],"103":[0,0],"104":[0,0],"105":[0,0],"106":[0,0],"107":[0,0],"108":[0,0],"109":[0,0],"110":[0,0],"111":[0,0],"112":[0],"113":[0],"114":[0,0],"115":[0,0],"116":[0,0],"117":[0,0],"118":[0,0],"119":[0,0],"120":[0,0],"121":[0,0],"122":[0,0],"123":[0,0]}}
}
