TN:
SF:Backend\index.js
FN:41,(anonymous_0)
FN:87,(anonymous_1)
FN:135,(anonymous_2)
FN:141,(anonymous_3)
FN:146,(anonymous_4)
FNF:5
FNH:0
FNDA:0,(anonymous_0)
FNDA:0,(anonymous_1)
FNDA:0,(anonymous_2)
FNDA:0,(anonymous_3)
FNDA:0,(anonymous_4)
DA:36,0
DA:37,0
DA:40,0
DA:41,0
DA:44,0
DA:60,0
DA:61,0
DA:69,0
DA:72,0
DA:87,0
DA:88,0
DA:93,0
DA:95,0
DA:99,0
DA:100,0
DA:101,0
DA:102,0
DA:103,0
DA:104,0
DA:105,0
DA:106,0
DA:107,0
DA:108,0
DA:109,0
DA:110,0
DA:111,0
DA:112,0
DA:113,0
DA:114,0
DA:115,0
DA:117,0
DA:120,0
DA:127,0
DA:128,0
DA:132,0
DA:133,0
DA:134,0
DA:135,0
DA:138,0
DA:141,0
DA:142,0
DA:146,0
DA:147,0
DA:148,0
LF:44
LH:0
BRDA:36,0,0,0
BRDA:36,0,1,0
BRDA:41,1,0,0
BRDA:41,1,1,0
BRDA:74,2,0,0
BRDA:74,2,1,0
BRDA:81,3,0,0
BRDA:81,3,1,0
BRDA:132,4,0,0
BRDA:132,4,1,0
BRDA:134,5,0,0
BRDA:134,5,1,0
BRF:12
BRH:0
end_of_record
TN:
SF:Backend\config\Mongodb.js
FN:9,(anonymous_0)
FNF:1
FNH:0
FNDA:0,(anonymous_0)
DA:3,0
DA:4,0
DA:9,0
DA:12,0
DA:13,0
DA:16,0
DA:19,0
DA:20,0
DA:22,0
DA:23,0
DA:24,0
DA:27,0
DA:28,0
DA:29,0
DA:31,0
DA:37,0
DA:39,0
DA:40,0
LF:18
LH:0
BRDA:3,0,0,0
BRDA:3,0,1,0
BRDA:12,1,0,0
BRDA:12,1,1,0
BRDA:22,2,0,0
BRDA:22,2,1,0
BRF:6
BRH:0
end_of_record
TN:
SF:Backend\config\dbChangeStream.js
FN:5,(anonymous_0)
FN:10,(anonymous_1)
FN:39,(anonymous_2)
FNF:3
FNH:0
FNDA:0,(anonymous_0)
FNDA:0,(anonymous_1)
FNDA:0,(anonymous_2)
DA:5,0
DA:6,0
DA:8,0
DA:10,0
DA:11,0
DA:13,0
DA:21,0
DA:22,0
DA:23,0
DA:27,0
DA:28,0
DA:30,0
DA:33,0
DA:35,0
DA:39,0
DA:40,0
DA:43,0
LF:17
LH:0
BRDA:13,0,0,0
BRDA:13,0,1,0
BRDA:14,1,0,0
BRDA:14,1,1,0
BRDA:14,1,2,0
BRDA:14,1,3,0
BRDA:14,1,4,0
BRDA:21,2,0,0
BRDA:21,2,1,0
BRF:9
BRH:0
end_of_record
TN:
SF:Backend\config\inMemoryCache.js
FNF:0
FNH:0
DA:4,0
LF:1
LH:0
BRF:0
BRH:0
end_of_record
TN:
SF:Backend\config\socket.js
FN:7,(anonymous_0)
FN:8,(anonymous_1)
FN:15,(anonymous_2)
FN:19,(anonymous_3)
FN:26,(anonymous_4)
FN:34,(anonymous_5)
FN:42,(anonymous_6)
FNF:7
FNH:0
FNDA:0,(anonymous_0)
FNDA:0,(anonymous_1)
FNDA:0,(anonymous_2)
FNDA:0,(anonymous_3)
FNDA:0,(anonymous_4)
FNDA:0,(anonymous_5)
FNDA:0,(anonymous_6)
DA:5,0
DA:7,0
DA:8,0
DA:9,0
DA:12,0
DA:15,0
DA:16,0
DA:19,0
DA:20,0
DA:21,0
DA:23,0
DA:26,0
DA:27,0
DA:28,0
DA:29,0
DA:30,0
DA:34,0
DA:35,0
DA:37,0
DA:42,0
DA:43,0
DA:44,0
DA:45,0
DA:46,0
DA:47,0
DA:48,0
DA:49,0
DA:50,0
DA:51,0
DA:52,0
DA:53,0
DA:55,0
DA:60,0
LF:33
LH:0
BRDA:45,0,0,0
BRDA:45,0,1,0
BRDA:45,1,0,0
BRDA:45,1,1,0
BRF:4
BRH:0
end_of_record
TN:
SF:Backend\controllers\accountController.js
FN:3,(anonymous_0)
FNF:1
FNH:0
FNDA:0,(anonymous_0)
DA:3,0
DA:4,0
DA:5,0
DA:6,0
DA:8,0
DA:14,0
DA:23,0
LF:7
LH:0
BRF:0
BRH:0
end_of_record
TN:
SF:Backend\controllers\adminController.js
FN:9,loginAdmin
FNF:1
FNH:0
FNDA:0,loginAdmin
DA:10,0
DA:11,0
DA:14,0
DA:15,0
DA:22,0
DA:25,0
DA:32,0
DA:43,0
DA:44,0
LF:9
LH:0
BRDA:14,0,0,0
BRDA:14,0,1,0
BRDA:14,1,0,0
BRDA:14,1,1,0
BRDA:46,2,0,0
BRDA:46,2,1,0
BRF:6
BRH:0
end_of_record
TN:
SF:Backend\controllers\billManageController.js
FN:4,(anonymous_0)
FN:22,(anonymous_1)
FN:49,(anonymous_2)
FN:76,(anonymous_3)
FN:94,(anonymous_4)
FN:127,(anonymous_5)
FNF:6
FNH:0
FNDA:0,(anonymous_0)
FNDA:0,(anonymous_1)
FNDA:0,(anonymous_2)
FNDA:0,(anonymous_3)
FNDA:0,(anonymous_4)
FNDA:0,(anonymous_5)
DA:4,0
DA:5,0
DA:6,0
DA:7,0
DA:13,0
DA:14,0
DA:22,0
DA:23,0
DA:24,0
DA:26,0
DA:27,0
DA:33,0
DA:34,0
DA:40,0
DA:41,0
DA:49,0
DA:50,0
DA:51,0
DA:53,0
DA:54,0
DA:60,0
DA:61,0
DA:67,0
DA:68,0
DA:76,0
DA:77,0
DA:78,0
DA:79,0
DA:85,0
DA:86,0
DA:94,0
DA:95,0
DA:96,0
DA:98,0
DA:99,0
DA:105,0
DA:112,0
DA:118,0
DA:119,0
DA:127,0
DA:128,0
DA:129,0
DA:131,0
DA:132,0
DA:138,0
DA:145,0
DA:151,0
DA:152,0
LF:48
LH:0
BRDA:16,0,0,0
BRDA:16,0,1,0
BRDA:26,1,0,0
BRDA:26,1,1,0
BRDA:26,2,0,0
BRDA:26,2,1,0
BRDA:43,3,0,0
BRDA:43,3,1,0
BRDA:53,4,0,0
BRDA:53,4,1,0
BRDA:70,5,0,0
BRDA:70,5,1,0
BRDA:88,6,0,0
BRDA:88,6,1,0
BRDA:98,7,0,0
BRDA:98,7,1,0
BRDA:98,8,0,0
BRDA:98,8,1,0
BRDA:98,8,2,0
BRDA:98,8,3,0
BRDA:121,9,0,0
BRDA:121,9,1,0
BRDA:131,10,0,0
BRDA:131,10,1,0
BRDA:131,11,0,0
BRDA:131,11,1,0
BRDA:131,11,2,0
BRDA:131,11,3,0
BRDA:154,12,0,0
BRDA:154,12,1,0
BRF:30
BRH:0
end_of_record
TN:
SF:Backend\controllers\bookingController.js
FN:16,(anonymous_0)
FN:29,(anonymous_1)
FN:46,(anonymous_2)
FN:68,(anonymous_3)
FN:85,(anonymous_4)
FN:96,(anonymous_5)
FN:108,(anonymous_6)
FN:128,(anonymous_7)
FN:144,(anonymous_8)
FN:155,(anonymous_9)
FN:184,(anonymous_10)
FNF:11
FNH:0
FNDA:0,(anonymous_0)
FNDA:0,(anonymous_1)
FNDA:0,(anonymous_2)
FNDA:0,(anonymous_3)
FNDA:0,(anonymous_4)
FNDA:0,(anonymous_5)
FNDA:0,(anonymous_6)
FNDA:0,(anonymous_7)
FNDA:0,(anonymous_8)
FNDA:0,(anonymous_9)
FNDA:0,(anonymous_10)
DA:16,0
DA:17,0
DA:19,0
DA:20,0
DA:21,0
DA:22,0
DA:24,0
DA:25,0
DA:29,0
DA:30,0
DA:31,0
DA:33,0
DA:34,0
DA:36,0
DA:37,0
DA:38,0
DA:40,0
DA:42,0
DA:46,0
DA:47,0
DA:48,0
DA:50,0
DA:52,0
DA:60,0
DA:62,0
DA:64,0
DA:68,0
DA:69,0
DA:70,0
DA:71,0
DA:72,0
DA:73,0
DA:74,0
DA:75,0
DA:76,0
DA:78,0
DA:80,0
DA:81,0
DA:85,0
DA:86,0
DA:87,0
DA:88,0
DA:89,0
DA:91,0
DA:92,0
DA:96,0
DA:97,0
DA:98,0
DA:99,0
DA:100,0
DA:101,0
DA:103,0
DA:104,0
DA:108,0
DA:109,0
DA:110,0
DA:111,0
DA:112,0
DA:117,0
DA:123,0
DA:124,0
DA:128,0
DA:129,0
DA:130,0
DA:131,0
DA:132,0
DA:138,0
DA:140,0
DA:144,0
DA:145,0
DA:146,0
DA:147,0
DA:148,0
DA:150,0
DA:151,0
DA:155,0
DA:156,0
DA:157,0
DA:158,0
DA:161,0
DA:167,0
DA:176,0
DA:177,0
DA:184,0
DA:185,0
DA:186,0
DA:187,0
DA:188,0
DA:189,0
DA:191,0
DA:193,0
DA:194,0
LF:92
LH:0
BRDA:21,0,0,0
BRDA:21,0,1,0
BRDA:75,1,0,0
BRDA:75,1,1,0
BRDA:158,2,0,0
BRDA:158,3,0,0
BRDA:179,4,0,0
BRDA:179,4,1,0
BRDA:188,5,0,0
BRDA:188,5,1,0
BRF:10
BRH:0
end_of_record
TN:
SF:Backend\controllers\centerController.js
FN:12,(anonymous_0)
FN:29,(anonymous_1)
FN:40,(anonymous_2)
FN:57,(anonymous_3)
FN:75,(anonymous_4)
FNF:5
FNH:0
FNDA:0,(anonymous_0)
FNDA:0,(anonymous_1)
FNDA:0,(anonymous_2)
FNDA:0,(anonymous_3)
FNDA:0,(anonymous_4)
DA:12,0
DA:13,0
DA:14,0
DA:15,0
DA:16,0
DA:21,0
DA:22,0
DA:29,0
DA:30,0
DA:31,0
DA:32,0
DA:33,0
DA:35,0
DA:36,0
DA:40,0
DA:41,0
DA:42,0
DA:43,0
DA:44,0
DA:46,0
DA:47,0
DA:48,0
DA:50,0
DA:52,0
DA:53,0
DA:57,0
DA:58,0
DA:59,0
DA:60,0
DA:61,0
DA:63,0
DA:64,0
DA:65,0
DA:67,0
DA:69,0
DA:70,0
DA:75,0
DA:76,0
DA:77,0
DA:78,0
DA:80,0
LF:41
LH:0
BRDA:43,0,0,0
BRDA:43,0,1,0
BRDA:47,1,0,0
BRDA:47,1,1,0
BRDA:60,2,0,0
BRDA:60,2,1,0
BRDA:64,3,0,0
BRDA:64,3,1,0
BRF:8
BRH:0
end_of_record
TN:
SF:Backend\controllers\centerStatusController.js
FN:5,(anonymous_0)
FN:19,(anonymous_1)
FN:40,(anonymous_2)
FNF:3
FNH:0
FNDA:0,(anonymous_0)
FNDA:0,(anonymous_1)
FNDA:0,(anonymous_2)
DA:5,0
DA:6,0
DA:8,0
DA:11,0
DA:13,0
DA:14,0
DA:19,0
DA:20,0
DA:21,0
DA:24,0
DA:25,0
DA:29,0
DA:32,0
DA:34,0
DA:35,0
DA:40,0
DA:41,0
DA:42,0
DA:45,0
DA:46,0
DA:50,0
DA:53,0
DA:55,0
DA:56,0
LF:24
LH:0
BRDA:24,0,0,0
BRDA:24,0,1,0
BRDA:24,1,0,0
BRDA:24,1,1,0
BRDA:45,2,0,0
BRDA:45,2,1,0
BRF:6
BRH:0
end_of_record
TN:
SF:Backend\controllers\centersController.js
FN:4,(anonymous_0)
FN:14,(anonymous_1)
FN:27,(anonymous_2)
FN:37,(anonymous_3)
FN:50,(anonymous_4)
FNF:5
FNH:0
FNDA:0,(anonymous_0)
FNDA:0,(anonymous_1)
FNDA:0,(anonymous_2)
FNDA:0,(anonymous_3)
FNDA:0,(anonymous_4)
DA:4,0
DA:5,0
DA:6,0
DA:7,0
DA:9,0
DA:14,0
DA:15,0
DA:16,0
DA:17,0
DA:18,0
DA:20,0
DA:22,0
DA:27,0
DA:28,0
DA:29,0
DA:30,0
DA:32,0
DA:37,0
DA:38,0
DA:39,0
DA:40,0
DA:41,0
DA:43,0
DA:45,0
DA:50,0
DA:51,0
DA:52,0
DA:53,0
DA:54,0
DA:56,0
DA:58,0
LF:31
LH:0
BRDA:17,0,0,0
BRDA:17,0,1,0
BRDA:40,1,0,0
BRDA:40,1,1,0
BRDA:53,2,0,0
BRDA:53,2,1,0
BRF:6
BRH:0
end_of_record
TN:
SF:Backend\controllers\contactController.js
FN:3,(anonymous_0)
FNF:1
FNH:0
FNDA:0,(anonymous_0)
DA:3,0
DA:4,0
DA:5,0
DA:6,0
DA:7,0
DA:9,0
DA:10,0
DA:12,0
DA:13,0
LF:9
LH:0
BRDA:6,0,0,0
BRDA:6,0,1,0
BRDA:6,1,0,0
BRDA:6,1,1,0
BRDA:6,1,2,0
BRF:5
BRH:0
end_of_record
TN:
SF:Backend\controllers\inventoryController.js
FN:7,importStock
FN:21,getStockHistory
FN:31,getInventoryList
FN:41,sellStock
FNF:4
FNH:0
FNDA:0,importStock
FNDA:0,getStockHistory
FNDA:0,getInventoryList
FNDA:0,sellStock
DA:8,0
DA:9,0
DA:10,0
DA:11,0
DA:13,0
DA:22,0
DA:23,0
DA:24,0
DA:25,0
DA:27,0
DA:32,0
DA:33,0
DA:34,0
DA:35,0
DA:37,0
DA:42,0
DA:43,0
DA:44,0
DA:50,0
DA:52,0
LF:20
LH:0
BRF:0
BRH:0
end_of_record
TN:
SF:Backend\controllers\newsController.js
FN:13,(anonymous_0)
FN:24,(anonymous_1)
FN:34,(anonymous_2)
FN:47,(anonymous_3)
FN:60,(anonymous_4)
FNF:5
FNH:0
FNDA:0,(anonymous_0)
FNDA:0,(anonymous_1)
FNDA:0,(anonymous_2)
FNDA:0,(anonymous_3)
FNDA:0,(anonymous_4)
DA:13,0
DA:14,0
DA:15,0
DA:16,0
DA:18,0
DA:19,0
DA:24,0
DA:25,0
DA:26,0
DA:27,0
DA:29,0
DA:34,0
DA:35,0
DA:36,0
DA:37,0
DA:38,0
DA:40,0
DA:42,0
DA:47,0
DA:48,0
DA:49,0
DA:50,0
DA:51,0
DA:53,0
DA:55,0
DA:60,0
DA:61,0
DA:62,0
DA:63,0
DA:64,0
DA:66,0
DA:68,0
LF:32
LH:0
BRDA:37,0,0,0
BRDA:37,0,1,0
BRDA:50,1,0,0
BRDA:50,1,1,0
BRDA:63,2,0,0
BRDA:63,2,1,0
BRF:6
BRH:0
end_of_record
TN:
SF:Backend\controllers\ratingController.js
FN:9,(anonymous_0)
FN:22,getRatingsByCenterController
FN:36,deleteRatingController
FNF:3
FNH:0
FNDA:0,(anonymous_0)
FNDA:0,getRatingsByCenterController
FNDA:0,deleteRatingController
DA:9,0
DA:10,0
DA:11,0
DA:12,0
DA:13,0
DA:15,0
DA:16,0
DA:23,0
DA:24,0
DA:25,0
DA:26,0
DA:27,0
DA:29,0
DA:37,0
DA:38,0
DA:39,0
DA:40,0
DA:41,0
DA:43,0
DA:45,0
LF:20
LH:0
BRDA:16,0,0,0
BRDA:16,0,1,0
BRDA:16,1,0,0
BRDA:16,1,1,0
BRDA:40,2,0,0
BRDA:40,2,1,0
BRF:6
BRH:0
end_of_record
TN:
SF:Backend\controllers\reportController.js
FN:3,getRevenueAndCost
FN:13,getMonthlyReport
FNF:2
FNH:0
FNDA:0,getRevenueAndCost
FNDA:0,getMonthlyReport
DA:4,0
DA:5,0
DA:6,0
DA:7,0
DA:9,0
DA:14,0
DA:15,0
DA:16,0
DA:17,0
DA:18,0
DA:20,0
LF:11
LH:0
BRDA:16,0,0,0
BRDA:16,0,1,0
BRF:2
BRH:0
end_of_record
TN:
SF:Backend\controllers\sellhistoryController.js
FN:4,getAll
FN:14,create
FNF:2
FNH:0
FNDA:0,getAll
FNDA:0,create
DA:5,0
DA:6,0
DA:7,0
DA:9,0
DA:15,0
DA:16,0
DA:17,0
DA:18,0
DA:20,0
LF:9
LH:0
BRF:0
BRH:0
end_of_record
TN:
SF:Backend\controllers\userController.js
FN:5,(anonymous_0)
FN:12,(anonymous_1)
FN:41,(anonymous_2)
FN:100,(anonymous_3)
FN:132,(anonymous_4)
FN:159,(anonymous_5)
FN:180,(anonymous_6)
FN:197,(anonymous_7)
FN:218,(anonymous_8)
FN:232,(anonymous_9)
FN:247,(anonymous_10)
FN:262,(anonymous_11)
FN:304,(anonymous_12)
FNF:13
FNH:0
FNDA:0,(anonymous_0)
FNDA:0,(anonymous_1)
FNDA:0,(anonymous_2)
FNDA:0,(anonymous_3)
FNDA:0,(anonymous_4)
FNDA:0,(anonymous_5)
FNDA:0,(anonymous_6)
FNDA:0,(anonymous_7)
FNDA:0,(anonymous_8)
FNDA:0,(anonymous_9)
FNDA:0,(anonymous_10)
FNDA:0,(anonymous_11)
FNDA:0,(anonymous_12)
DA:5,0
DA:6,0
DA:12,0
DA:13,0
DA:14,0
DA:15,0
DA:16,0
DA:17,0
DA:29,0
DA:30,0
DA:31,0
DA:33,0
DA:41,0
DA:42,0
DA:43,0
DA:44,0
DA:45,0
DA:46,0
DA:47,0
DA:48,0
DA:50,0
DA:51,0
DA:52,0
DA:54,0
DA:55,0
DA:62,0
DA:64,0
DA:65,0
DA:81,0
DA:82,0
DA:84,0
DA:86,0
DA:87,0
DA:88,0
DA:89,0
DA:90,0
DA:92,0
DA:93,0
DA:100,0
DA:101,0
DA:102,0
DA:103,0
DA:106,0
DA:122,0
DA:124,0
DA:125,0
DA:132,0
DA:133,0
DA:134,0
DA:135,0
DA:138,0
DA:141,0
DA:147,0
DA:149,0
DA:159,0
DA:160,0
DA:161,0
DA:162,0
DA:163,0
DA:164,0
DA:166,0
DA:167,0
DA:169,0
DA:170,0
DA:172,0
DA:173,0
DA:180,0
DA:181,0
DA:183,0
DA:190,0
DA:197,0
DA:198,0
DA:199,0
DA:200,0
DA:204,0
DA:211,0
DA:212,0
DA:218,0
DA:219,0
DA:220,0
DA:221,0
DA:222,0
DA:224,0
DA:225,0
DA:232,0
DA:233,0
DA:234,0
DA:235,0
DA:236,0
DA:237,0
DA:239,0
DA:240,0
DA:247,0
DA:248,0
DA:250,0
DA:251,0
DA:252,0
DA:254,0
DA:255,0
DA:262,0
DA:263,0
DA:264,0
DA:265,0
DA:266,0
DA:268,0
DA:269,0
DA:270,0
DA:276,0
DA:278,0
DA:280,0
DA:287,0
DA:292,0
DA:293,0
DA:304,0
DA:305,0
DA:306,0
DA:307,0
DA:309,0
DA:311,0
DA:313,0
DA:314,0
DA:315,0
DA:317,0
LF:123
LH:0
BRDA:30,0,0,0
BRDA:30,0,1,0
BRDA:30,1,0,0
BRDA:30,1,1,0
BRDA:46,2,0,0
BRDA:46,2,1,0
BRDA:46,3,0,0
BRDA:46,3,1,0
BRDA:87,4,0,0
BRDA:87,4,1,0
BRDA:87,5,0,0
BRDA:87,5,1,0
BRDA:89,6,0,0
BRDA:89,6,1,0
BRDA:102,7,0,0
BRDA:102,7,1,0
BRDA:151,8,0,0
BRDA:151,8,1,0
BRDA:163,9,0,0
BRDA:163,9,1,0
BRDA:163,10,0,0
BRDA:163,10,1,0
BRDA:166,11,0,0
BRDA:166,11,1,0
BRDA:198,12,0,0
BRDA:198,12,1,0
BRDA:234,13,0,0
BRDA:234,13,1,0
BRDA:252,14,0,0
BRDA:252,14,1,0
BRDA:269,15,0,0
BRDA:269,15,1,0
BRDA:278,16,0,0
BRDA:278,16,1,0
BRDA:282,17,0,0
BRDA:282,17,1,0
BRDA:289,18,0,0
BRDA:289,18,1,0
BRDA:314,19,0,0
BRDA:314,19,1,0
BRF:40
BRH:0
end_of_record
TN:
SF:Backend\controllers\userManageController.js
FN:4,(anonymous_0)
FN:20,(anonymous_1)
FNF:2
FNH:0
FNDA:0,(anonymous_0)
FNDA:0,(anonymous_1)
DA:4,0
DA:5,0
DA:6,0
DA:7,0
DA:12,0
DA:13,0
DA:20,0
DA:21,0
DA:22,0
DA:23,0
DA:24,0
DA:26,0
DA:27,0
DA:29,0
LF:14
LH:0
BRDA:13,0,0,0
BRDA:13,0,1,0
BRDA:23,1,0,0
BRDA:23,1,1,0
BRDA:29,2,0,0
BRDA:29,2,1,0
BRF:6
BRH:0
end_of_record
TN:
SF:Backend\middleware\authMiddleware.js
FN:6,(anonymous_0)
FN:80,(anonymous_1)
FN:91,(anonymous_2)
FNF:3
FNH:0
FNDA:0,(anonymous_0)
FNDA:0,(anonymous_1)
FNDA:0,(anonymous_2)
DA:6,0
DA:11,0
DA:12,0
DA:13,0
DA:14,0
DA:15,0
DA:16,0
DA:18,0
DA:25,0
DA:26,0
DA:32,0
DA:34,0
DA:37,0
DA:38,0
DA:45,0
DA:46,0
DA:47,0
DA:48,0
DA:53,0
DA:54,0
DA:55,0
DA:56,0
DA:57,0
DA:62,0
DA:64,0
DA:70,0
DA:72,0
DA:73,0
DA:80,0
DA:81,0
DA:82,0
DA:84,0
DA:91,0
DA:92,0
DA:93,0
DA:95,0
LF:36
LH:0
BRDA:11,0,0,0
BRDA:11,0,1,0
BRDA:14,1,0,0
BRDA:14,1,1,0
BRDA:25,2,0,0
BRDA:25,2,1,0
BRDA:28,3,0,0
BRDA:28,3,1,0
BRDA:37,4,0,0
BRDA:37,4,1,0
BRDA:45,5,0,0
BRDA:45,5,1,0
BRDA:47,6,0,0
BRDA:47,6,1,0
BRDA:54,7,0,0
BRDA:54,7,1,0
BRDA:56,8,0,0
BRDA:56,8,1,0
BRDA:81,9,0,0
BRDA:81,9,1,0
BRDA:92,10,0,0
BRDA:92,10,1,0
BRF:22
BRH:0
end_of_record
TN:
SF:Backend\middleware\csrfConfig.js
FN:5,(anonymous_0)
FNF:1
FNH:0
FNDA:0,(anonymous_0)
DA:3,0
DA:5,0
LF:2
LH:0
BRF:0
BRH:0
end_of_record
TN:
SF:Backend\middleware\rateLimitMiddleware.js
FNF:0
FNH:0
DA:4,0
DA:11,0
LF:2
LH:0
BRF:0
BRH:0
end_of_record
TN:
SF:Backend\middleware\uploadMiddleware.js
FN:19,(anonymous_0)
FN:43,(anonymous_1)
FN:54,(anonymous_2)
FN:64,(anonymous_3)
FN:66,(anonymous_4)
FNF:5
FNH:0
FNDA:0,(anonymous_0)
FNDA:0,(anonymous_1)
FNDA:0,(anonymous_2)
FNDA:0,(anonymous_3)
FNDA:0,(anonymous_4)
DA:14,0
DA:19,0
DA:20,0
DA:22,0
DA:23,0
DA:25,0
DA:27,0
DA:28,0
DA:29,0
DA:31,0
DA:32,0
DA:36,0
DA:37,0
DA:43,0
DA:44,0
DA:50,0
DA:51,0
DA:55,0
DA:56,0
DA:57,0
DA:59,0
DA:64,0
DA:66,0
DA:67,0
DA:69,0
DA:70,0
DA:72,0
DA:75,0
DA:77,0
DA:80,0
DA:81,0
DA:88,0
DA:89,0
DA:90,0
DA:91,0
DA:92,0
DA:94,0
DA:96,0
DA:98,0
DA:104,0
DA:106,0
DA:107,0
DA:108,0
DA:109,0
DA:111,0
DA:112,0
DA:117,0
DA:118,0
DA:121,0
DA:123,0
DA:124,0
LF:51
LH:0
BRDA:25,0,0,0
BRDA:25,0,1,0
BRDA:56,1,0,0
BRDA:56,1,1,0
BRDA:67,2,0,0
BRDA:67,2,1,0
BRDA:70,3,0,0
BRDA:70,3,1,0
BRDA:80,4,0,0
BRDA:80,4,1,0
BRDA:80,5,0,0
BRDA:80,5,1,0
BRDA:88,6,0,0
BRDA:88,6,1,0
BRF:14
BRH:0
end_of_record
TN:
SF:Backend\middleware\userMiddleware.js
FN:7,(anonymous_0)
FN:33,(anonymous_1)
FN:39,(anonymous_2)
FN:75,(anonymous_3)
FN:88,(anonymous_4)
FNF:5
FNH:0
FNDA:0,(anonymous_0)
FNDA:0,(anonymous_1)
FNDA:0,(anonymous_2)
FNDA:0,(anonymous_3)
FNDA:0,(anonymous_4)
DA:7,0
DA:8,0
DA:10,0
DA:13,0
DA:18,0
DA:20,0
DA:21,0
DA:24,0
DA:25,0
DA:27,0
DA:33,0
DA:34,0
DA:35,0
DA:39,0
DA:41,0
DA:42,0
DA:46,0
DA:47,0
DA:48,0
DA:49,0
DA:50,0
DA:52,0
DA:53,0
DA:55,0
DA:56,0
DA:58,0
DA:59,0
DA:61,0
DA:62,0
DA:64,0
DA:69,0
DA:70,0
DA:75,0
DA:76,0
DA:77,0
DA:78,0
DA:79,0
DA:81,0
DA:83,0
DA:84,0
DA:88,0
DA:89,0
DA:90,0
DA:103,0
DA:110,0
DA:111,0
DA:113,0
DA:114,0
LF:48
LH:0
BRDA:20,0,0,0
BRDA:20,0,1,0
BRDA:41,1,0,0
BRDA:41,1,1,0
BRDA:52,2,0,0
BRDA:52,2,1,0
BRDA:55,3,0,0
BRDA:55,3,1,0
BRDA:58,4,0,0
BRDA:58,4,1,0
BRDA:61,5,0,0
BRDA:61,5,1,0
BRDA:69,6,0,0
BRDA:69,6,1,0
BRDA:78,7,0,0
BRDA:78,7,1,0
BRF:16
BRH:0
end_of_record
TN:
SF:Backend\models\Inventories.js
FNF:0
FNH:0
DA:3,0
DA:25,0
DA:26,0
DA:27,0
DA:28,0
LF:5
LH:0
BRF:0
BRH:0
end_of_record
TN:
SF:Backend\models\admin.js
FNF:0
FNH:0
DA:3,0
DA:16,0
LF:2
LH:0
BRF:0
BRH:0
end_of_record
TN:
SF:Backend\models\bookings.js
FN:38,(anonymous_0)
FNF:1
FNH:0
FNDA:0,(anonymous_0)
DA:2,1
DA:4,1
DA:37,1
DA:38,0
DA:40,0
DA:41,0
DA:42,0
DA:43,0
DA:44,0
DA:45,0
DA:46,0
DA:47,0
DA:48,0
DA:49,0
DA:50,0
DA:55,0
DA:56,0
DA:57,0
DA:59,0
DA:60,0
DA:61,0
DA:63,0
DA:68,1
DA:71,1
DA:72,1
DA:73,1
DA:74,1
DA:75,1
DA:77,1
LF:29
LH:10
BRDA:37,0,0,0
BRDA:37,0,1,1
BRDA:40,1,0,0
BRDA:40,1,1,0
BRDA:40,2,0,0
BRDA:40,2,1,0
BRDA:48,3,0,0
BRDA:48,3,1,0
BRDA:55,4,0,0
BRDA:55,4,1,0
BRDA:55,5,0,0
BRDA:55,5,1,0
BRDA:56,6,0,0
BRDA:56,6,1,0
BRDA:60,7,0,0
BRDA:60,7,1,0
BRDA:77,8,0,1
BRDA:77,8,1,1
BRF:18
BRH:3
end_of_record
TN:
SF:Backend\models\centers.js
FNF:0
FNH:0
DA:2,1
DA:5,1
DA:31,1
DA:98,1
DA:99,1
DA:100,1
DA:102,1
LF:7
LH:7
BRF:0
BRH:0
end_of_record
TN:
SF:Backend\models\charts.js
FNF:0
FNH:0
DA:3,0
DA:5,0
DA:15,0
DA:16,0
DA:17,0
DA:24,0
LF:6
LH:0
BRF:0
BRH:0
end_of_record
TN:
SF:Backend\models\contacts.js
FNF:0
FNH:0
DA:2,0
DA:4,0
DA:23,0
DA:24,0
LF:4
LH:0
BRF:0
BRH:0
end_of_record
TN:
SF:Backend\models\courts.js
FNF:0
FNH:0
DA:3,1
DA:8,1
DA:9,1
LF:3
LH:3
BRF:0
BRH:0
end_of_record
TN:
SF:Backend\models\news.js
FNF:0
FNH:0
DA:2,0
DA:4,0
DA:13,0
DA:14,0
DA:15,0
DA:16,0
LF:6
LH:0
BRF:0
BRH:0
end_of_record
TN:
SF:Backend\models\ratings.js
FNF:0
FNH:0
DA:3,0
DA:28,0
DA:29,0
DA:30,0
DA:32,0
LF:5
LH:0
BRDA:32,0,0,0
BRDA:32,0,1,0
BRF:2
BRH:0
end_of_record
TN:
SF:Backend\models\sellhistory.js
FNF:0
FNH:0
DA:4,0
DA:12,0
DA:29,0
DA:30,0
DA:31,0
LF:5
LH:0
BRF:0
BRH:0
end_of_record
TN:
SF:Backend\models\stockhistory.js
FNF:0
FNH:0
DA:3,0
DA:18,0
DA:19,0
DA:20,0
DA:21,0
LF:5
LH:0
BRF:0
BRH:0
end_of_record
TN:
SF:Backend\models\users.js
FNF:0
FNH:0
DA:2,0
DA:4,0
DA:12,0
DA:83,0
DA:84,0
DA:85,0
DA:86,0
DA:87,0
LF:8
LH:0
BRDA:87,0,0,0
BRDA:87,0,1,0
BRF:2
BRH:0
end_of_record
TN:
SF:Backend\routes\accountRoutes.js
FNF:0
FNH:0
DA:6,0
DA:7,0
DA:9,0
LF:3
LH:0
BRF:0
BRH:0
end_of_record
TN:
SF:Backend\routes\adminRoute.js
FNF:0
FNH:0
DA:6,0
DA:9,0
LF:2
LH:0
BRF:0
BRH:0
end_of_record
TN:
SF:Backend\routes\billManageRoute.js
FNF:0
FNH:0
DA:6,0
DA:7,0
DA:10,0
DA:13,0
DA:16,0
DA:19,0
DA:22,0
DA:25,0
LF:8
LH:0
BRF:0
BRH:0
end_of_record
TN:
SF:Backend\routes\bookingRoute.js
FNF:0
FNH:0
DA:18,0
DA:19,0
DA:21,0
DA:23,0
DA:25,0
DA:28,0
DA:30,0
DA:32,0
DA:34,0
DA:36,0
DA:38,0
DA:40,0
DA:42,0
LF:13
LH:0
BRF:0
BRH:0
end_of_record
TN:
SF:Backend\routes\centerRoute.js
FNF:0
FNH:0
DA:5,0
DA:6,0
DA:9,0
DA:10,0
DA:11,0
DA:12,0
DA:13,0
LF:7
LH:0
BRF:0
BRH:0
end_of_record
TN:
SF:Backend\routes\centerStatusRoute.js
FNF:0
FNH:0
DA:9,0
DA:11,0
DA:18,0
DA:25,0
LF:4
LH:0
BRF:0
BRH:0
end_of_record
TN:
SF:Backend\routes\centersRoute.js
FNF:0
FNH:0
DA:10,0
DA:13,0
DA:16,0
DA:19,0
DA:22,0
DA:25,0
LF:6
LH:0
BRF:0
BRH:0
end_of_record
TN:
SF:Backend\routes\contactRoute.js
FNF:0
FNH:0
DA:6,0
DA:7,0
DA:10,0
LF:3
LH:0
BRF:0
BRH:0
end_of_record
TN:
SF:Backend\routes\inventoryClientRoutes.js
FNF:0
FNH:0
DA:9,0
DA:12,0
LF:2
LH:0
BRF:0
BRH:0
end_of_record
TN:
SF:Backend\routes\inventoryRoutes.js
FNF:0
FNH:0
DA:11,0
DA:12,0
DA:15,0
DA:18,0
DA:21,0
DA:24,0
LF:6
LH:0
BRF:0
BRH:0
end_of_record
TN:
SF:Backend\routes\newsClientRoute.js
FNF:0
FNH:0
DA:5,0
DA:8,0
LF:2
LH:0
BRF:0
BRH:0
end_of_record
TN:
SF:Backend\routes\newsRoutes.js
FNF:0
FNH:0
DA:13,0
DA:14,0
DA:16,0
DA:19,0
DA:22,0
DA:25,0
DA:28,0
LF:7
LH:0
BRF:0
BRH:0
end_of_record
TN:
SF:Backend\routes\ratingRoutes.js
FNF:0
FNH:0
DA:9,0
DA:10,0
DA:12,0
DA:14,0
DA:17,0
LF:5
LH:0
BRF:0
BRH:0
end_of_record
TN:
SF:Backend\routes\ratingsClientRoute.js
FNF:0
FNH:0
DA:5,0
DA:7,0
LF:2
LH:0
BRF:0
BRH:0
end_of_record
TN:
SF:Backend\routes\reportRoutes.js
FNF:0
FNH:0
DA:4,0
DA:6,0
DA:7,0
LF:3
LH:0
BRF:0
BRH:0
end_of_record
TN:
SF:Backend\routes\sellhistoryRoutes.js
FNF:0
FNH:0
DA:6,0
DA:7,0
DA:10,0
DA:13,0
LF:4
LH:0
BRF:0
BRH:0
end_of_record
TN:
SF:Backend\routes\sellhistoryRoutesClient.js
FNF:0
FNH:0
DA:6,0
DA:7,0
DA:10,0
LF:3
LH:0
BRF:0
BRH:0
end_of_record
TN:
SF:Backend\routes\userManageRoute.js
FNF:0
FNH:0
DA:7,0
DA:8,0
DA:11,0
DA:12,0
LF:4
LH:0
BRF:0
BRH:0
end_of_record
TN:
SF:Backend\routes\userRoute.js
FNF:0
FNH:0
DA:21,0
DA:22,0
DA:25,0
DA:26,0
DA:29,0
DA:30,0
DA:33,0
DA:34,0
DA:35,0
DA:36,0
DA:37,0
DA:38,0
DA:39,0
LF:13
LH:0
BRF:0
BRH:0
end_of_record
TN:
SF:Backend\services\accountService.js
FN:4,(anonymous_0)
FNF:1
FNH:0
FNDA:0,(anonymous_0)
DA:4,0
DA:5,0
DA:6,0
DA:9,0
DA:10,0
DA:11,0
DA:13,0
DA:14,0
DA:18,0
DA:19,0
DA:22,0
DA:23,0
LF:12
LH:0
BRDA:6,0,0,0
BRDA:6,0,1,0
BRDA:9,1,0,0
BRDA:9,1,1,0
BRDA:9,2,0,0
BRDA:9,2,1,0
BRDA:11,3,0,0
BRDA:11,3,1,0
BRDA:18,4,0,0
BRDA:18,4,1,0
BRF:10
BRH:0
end_of_record
TN:
SF:Backend\services\adminServices.js
FN:7,authenticateAdmin
FNF:1
FNH:0
FNDA:0,authenticateAdmin
DA:5,0
DA:8,0
DA:10,0
DA:11,0
DA:12,0
DA:16,0
DA:17,0
DA:18,0
DA:22,0
DA:29,0
DA:30,0
DA:35,0
DA:36,0
LF:13
LH:0
BRDA:11,0,0,0
BRDA:11,0,1,0
BRDA:17,1,0,0
BRDA:17,1,1,0
BRDA:36,2,0,0
BRDA:36,2,1,0
BRF:6
BRH:0
end_of_record
TN:
SF:Backend\services\billManageServices.js
FN:8,(anonymous_0)
FN:11,(anonymous_1)
FN:40,(anonymous_2)
FN:48,(anonymous_3)
FN:49,(anonymous_4)
FN:55,(anonymous_5)
FN:74,(anonymous_6)
FN:137,(anonymous_7)
FN:138,(anonymous_8)
FN:141,(anonymous_9)
FN:145,(anonymous_10)
FN:176,(anonymous_11)
FN:186,(anonymous_12)
FN:210,(anonymous_13)
FN:219,(anonymous_14)
FN:261,(anonymous_15)
FN:292,(anonymous_16)
FN:308,(anonymous_17)
FN:321,(anonymous_18)
FN:327,(anonymous_19)
FN:335,(anonymous_20)
FN:378,(anonymous_21)
FN:386,(anonymous_22)
FN:407,(anonymous_23)
FN:410,(anonymous_24)
FN:417,(anonymous_25)
FN:421,(anonymous_26)
FN:422,(anonymous_27)
FN:423,(anonymous_28)
FN:453,(anonymous_29)
FN:487,(anonymous_30)
FN:557,(anonymous_31)
FN:561,(anonymous_32)
FN:562,(anonymous_33)
FN:563,(anonymous_34)
FN:575,(anonymous_35)
FN:601,(anonymous_36)
FN:647,(anonymous_37)
FN:667,(anonymous_38)
FNF:39
FNH:0
FNDA:0,(anonymous_0)
FNDA:0,(anonymous_1)
FNDA:0,(anonymous_2)
FNDA:0,(anonymous_3)
FNDA:0,(anonymous_4)
FNDA:0,(anonymous_5)
FNDA:0,(anonymous_6)
FNDA:0,(anonymous_7)
FNDA:0,(anonymous_8)
FNDA:0,(anonymous_9)
FNDA:0,(anonymous_10)
FNDA:0,(anonymous_11)
FNDA:0,(anonymous_12)
FNDA:0,(anonymous_13)
FNDA:0,(anonymous_14)
FNDA:0,(anonymous_15)
FNDA:0,(anonymous_16)
FNDA:0,(anonymous_17)
FNDA:0,(anonymous_18)
FNDA:0,(anonymous_19)
FNDA:0,(anonymous_20)
FNDA:0,(anonymous_21)
FNDA:0,(anonymous_22)
FNDA:0,(anonymous_23)
FNDA:0,(anonymous_24)
FNDA:0,(anonymous_25)
FNDA:0,(anonymous_26)
FNDA:0,(anonymous_27)
FNDA:0,(anonymous_28)
FNDA:0,(anonymous_29)
FNDA:0,(anonymous_30)
FNDA:0,(anonymous_31)
FNDA:0,(anonymous_32)
FNDA:0,(anonymous_33)
FNDA:0,(anonymous_34)
FNDA:0,(anonymous_35)
FNDA:0,(anonymous_36)
FNDA:0,(anonymous_37)
FNDA:0,(anonymous_38)
DA:8,0
DA:9,0
DA:11,0
DA:12,0
DA:13,0
DA:14,0
DA:16,0
DA:17,0
DA:18,0
DA:20,0
DA:21,0
DA:23,0
DA:25,0
DA:26,0
DA:30,0
DA:31,0
DA:33,0
DA:36,0
DA:40,0
DA:41,0
DA:42,0
DA:48,0
DA:49,0
DA:51,0
DA:54,0
DA:56,0
DA:57,0
DA:58,0
DA:59,0
DA:62,0
DA:63,0
DA:66,0
DA:68,0
DA:69,0
DA:73,0
DA:75,0
DA:76,0
DA:77,0
DA:78,0
DA:81,0
DA:83,0
DA:101,0
DA:104,0
DA:106,0
DA:108,0
DA:111,0
DA:113,0
DA:114,0
DA:133,0
DA:134,0
DA:137,0
DA:138,0
DA:139,0
DA:141,0
DA:143,0
DA:145,0
DA:151,0
DA:154,0
DA:155,0
DA:156,0
DA:159,0
DA:160,0
DA:163,0
DA:165,0
DA:171,0
DA:172,0
DA:175,0
DA:177,0
DA:178,0
DA:179,0
DA:180,0
DA:183,0
DA:186,0
DA:187,0
DA:188,0
DA:190,0
DA:210,0
DA:212,0
DA:214,0
DA:219,0
DA:220,0
DA:221,0
DA:222,0
DA:223,0
DA:226,0
DA:227,0
DA:230,0
DA:231,0
DA:234,0
DA:235,0
DA:238,0
DA:241,0
DA:242,0
DA:243,0
DA:244,0
DA:247,0
DA:249,0
DA:254,0
DA:255,0
DA:256,0
DA:257,0
DA:260,0
DA:262,0
DA:263,0
DA:264,0
DA:265,0
DA:268,0
DA:270,0
DA:287,0
DA:292,0
DA:293,0
DA:294,0
DA:295,0
DA:298,0
DA:308,0
DA:316,0
DA:321,0
DA:322,0
DA:323,0
DA:327,0
DA:332,0
DA:335,0
DA:336,0
DA:338,0
DA:339,0
DA:341,0
DA:348,0
DA:349,0
DA:353,0
DA:354,0
DA:355,0
DA:361,0
DA:362,0
DA:363,0
DA:364,0
DA:365,0
DA:369,0
DA:375,0
DA:378,0
DA:379,0
DA:380,0
DA:381,0
DA:385,0
DA:386,0
DA:387,0
DA:390,0
DA:391,0
DA:394,0
DA:395,0
DA:398,0
DA:399,0
DA:400,0
DA:401,0
DA:402,0
DA:403,0
DA:405,0
DA:407,0
DA:410,0
DA:411,0
DA:412,0
DA:416,0
DA:417,0
DA:418,0
DA:419,0
DA:421,0
DA:423,0
DA:428,0
DA:429,0
DA:430,0
DA:431,0
DA:435,0
DA:436,0
DA:437,0
DA:445,0
DA:446,0
DA:448,0
DA:449,0
DA:453,0
DA:454,0
DA:455,0
DA:458,0
DA:459,0
DA:462,0
DA:463,0
DA:467,0
DA:468,0
DA:469,0
DA:471,0
DA:473,0
DA:474,0
DA:475,0
DA:477,0
DA:478,0
DA:481,0
DA:482,0
DA:486,0
DA:487,0
DA:488,0
DA:491,0
DA:492,0
DA:493,0
DA:496,0
DA:497,0
DA:501,0
DA:502,0
DA:506,0
DA:507,0
DA:511,0
DA:512,0
DA:516,0
DA:517,0
DA:518,0
DA:522,0
DA:526,0
DA:527,0
DA:528,0
DA:534,0
DA:539,0
DA:542,0
DA:543,0
DA:546,0
DA:547,0
DA:551,0
DA:552,0
DA:555,0
DA:557,0
DA:558,0
DA:559,0
DA:561,0
DA:563,0
DA:568,0
DA:569,0
DA:570,0
DA:575,0
DA:577,0
DA:578,0
DA:580,0
DA:582,0
DA:583,0
DA:584,0
DA:586,0
DA:587,0
DA:588,0
DA:592,0
DA:596,0
DA:597,0
DA:600,0
DA:602,0
DA:605,0
DA:606,0
DA:610,0
DA:611,0
DA:615,0
DA:616,0
DA:617,0
DA:618,0
DA:619,0
DA:626,0
DA:627,0
DA:628,0
DA:629,0
DA:630,0
DA:633,0
DA:634,0
DA:638,0
DA:640,0
DA:647,0
DA:659,0
DA:660,0
DA:662,0
DA:667,0
DA:680,0
DA:681,0
DA:683,0
DA:684,0
LF:275
LH:0
BRDA:9,0,0,0
BRDA:9,0,1,0
BRDA:9,1,0,0
BRDA:9,1,1,0
BRDA:17,2,0,0
BRDA:17,2,1,0
BRDA:20,3,0,0
BRDA:20,3,1,0
BRDA:30,4,0,0
BRDA:30,4,1,0
BRDA:57,5,0,0
BRDA:57,5,1,0
BRDA:57,6,0,0
BRDA:57,6,1,0
BRDA:59,7,0,0
BRDA:59,7,1,0
BRDA:63,8,0,0
BRDA:63,8,1,0
BRDA:76,9,0,0
BRDA:76,9,1,0
BRDA:113,10,0,0
BRDA:113,10,1,0
BRDA:139,11,0,0
BRDA:139,11,1,0
BRDA:151,12,0,0
BRDA:151,12,1,0
BRDA:154,13,0,0
BRDA:154,13,1,0
BRDA:154,14,0,0
BRDA:154,14,1,0
BRDA:154,14,2,0
BRDA:156,15,0,0
BRDA:156,15,1,0
BRDA:160,16,0,0
BRDA:160,16,1,0
BRDA:178,17,0,0
BRDA:178,17,1,0
BRDA:222,18,0,0
BRDA:222,18,1,0
BRDA:226,19,0,0
BRDA:226,19,1,0
BRDA:226,20,0,0
BRDA:226,20,1,0
BRDA:230,21,0,0
BRDA:230,21,1,0
BRDA:230,22,0,0
BRDA:230,22,1,0
BRDA:230,22,2,0
BRDA:234,23,0,0
BRDA:234,23,1,0
BRDA:234,24,0,0
BRDA:234,24,1,0
BRDA:241,25,0,0
BRDA:241,25,1,0
BRDA:255,26,0,0
BRDA:255,26,1,0
BRDA:255,27,0,0
BRDA:255,27,1,0
BRDA:263,28,0,0
BRDA:263,28,1,0
BRDA:294,29,0,0
BRDA:294,29,1,0
BRDA:294,30,0,0
BRDA:294,30,1,0
BRDA:348,31,0,0
BRDA:348,31,1,0
BRDA:348,32,0,0
BRDA:348,32,1,0
BRDA:348,32,2,0
BRDA:348,32,3,0
BRDA:348,32,4,0
BRDA:348,32,5,0
BRDA:363,33,0,0
BRDA:363,33,1,0
BRDA:402,34,0,0
BRDA:402,34,1,0
BRDA:420,35,0,0
BRDA:420,35,1,0
BRDA:420,35,2,0
BRDA:428,36,0,0
BRDA:428,36,1,0
BRDA:435,37,0,0
BRDA:435,37,1,0
BRDA:458,38,0,0
BRDA:458,38,1,0
BRDA:458,39,0,0
BRDA:458,39,1,0
BRDA:458,39,2,0
BRDA:458,39,3,0
BRDA:458,39,4,0
BRDA:458,39,5,0
BRDA:462,40,0,0
BRDA:462,40,1,0
BRDA:468,41,0,0
BRDA:468,41,1,0
BRDA:474,42,0,0
BRDA:474,42,1,0
BRDA:481,43,0,0
BRDA:481,43,1,0
BRDA:481,44,0,0
BRDA:481,44,1,0
BRDA:481,44,2,0
BRDA:496,45,0,0
BRDA:496,45,1,0
BRDA:496,46,0,0
BRDA:496,46,1,0
BRDA:496,46,2,0
BRDA:496,46,3,0
BRDA:496,46,4,0
BRDA:501,47,0,0
BRDA:501,47,1,0
BRDA:506,48,0,0
BRDA:506,48,1,0
BRDA:506,49,0,0
BRDA:506,49,1,0
BRDA:511,50,0,0
BRDA:511,50,1,0
BRDA:517,51,0,0
BRDA:517,51,1,0
BRDA:517,52,0,0
BRDA:517,52,1,0
BRDA:517,52,2,0
BRDA:546,53,0,0
BRDA:546,53,1,0
BRDA:551,54,0,0
BRDA:551,54,1,0
BRDA:551,55,0,0
BRDA:551,55,1,0
BRDA:560,56,0,0
BRDA:560,56,1,0
BRDA:560,56,2,0
BRDA:568,57,0,0
BRDA:568,57,1,0
BRDA:586,58,0,0
BRDA:586,58,1,0
BRDA:586,59,0,0
BRDA:586,59,1,0
BRDA:605,60,0,0
BRDA:605,60,1,0
BRDA:610,61,0,0
BRDA:610,61,1,0
BRDA:610,62,0,0
BRDA:610,62,1,0
BRDA:617,63,0,0
BRDA:617,63,1,0
BRDA:618,64,0,0
BRDA:618,64,1,0
BRDA:633,65,0,0
BRDA:633,65,1,0
BRF:149
BRH:0
end_of_record
TN:
SF:Backend\services\bookingServices.js
FN:12,(anonymous_0)
FN:19,(anonymous_1)
FN:34,(anonymous_2)
FN:64,(anonymous_3)
FN:97,(anonymous_4)
FN:98,(anonymous_5)
FN:112,(anonymous_6)
FN:153,(anonymous_7)
FN:190,(anonymous_8)
FN:236,(anonymous_9)
FN:237,(anonymous_10)
FN:249,(anonymous_11)
FN:321,(anonymous_12)
FN:324,(anonymous_13)
FN:336,(anonymous_14)
FN:340,(anonymous_15)
FN:345,(anonymous_16)
FN:350,(anonymous_17)
FN:370,(anonymous_18)
FN:403,(anonymous_19)
FN:412,(anonymous_20)
FN:413,(anonymous_21)
FN:418,(anonymous_22)
FN:450,(anonymous_23)
FN:456,(anonymous_24)
FN:479,(anonymous_25)
FN:497,(anonymous_26)
FN:510,(anonymous_27)
FN:519,(anonymous_28)
FN:522,(anonymous_29)
FN:525,(anonymous_30)
FN:566,(anonymous_31)
FN:584,(anonymous_32)
FN:601,(anonymous_33)
FN:602,(anonymous_34)
FN:611,(anonymous_35)
FN:636,(anonymous_36)
FN:666,(anonymous_37)
FN:673,(anonymous_38)
FN:693,(anonymous_39)
FNF:40
FNH:0
FNDA:0,(anonymous_0)
FNDA:0,(anonymous_1)
FNDA:0,(anonymous_2)
FNDA:0,(anonymous_3)
FNDA:0,(anonymous_4)
FNDA:0,(anonymous_5)
FNDA:0,(anonymous_6)
FNDA:0,(anonymous_7)
FNDA:0,(anonymous_8)
FNDA:0,(anonymous_9)
FNDA:0,(anonymous_10)
FNDA:0,(anonymous_11)
FNDA:0,(anonymous_12)
FNDA:0,(anonymous_13)
FNDA:0,(anonymous_14)
FNDA:0,(anonymous_15)
FNDA:0,(anonymous_16)
FNDA:0,(anonymous_17)
FNDA:0,(anonymous_18)
FNDA:0,(anonymous_19)
FNDA:0,(anonymous_20)
FNDA:0,(anonymous_21)
FNDA:0,(anonymous_22)
FNDA:0,(anonymous_23)
FNDA:0,(anonymous_24)
FNDA:0,(anonymous_25)
FNDA:0,(anonymous_26)
FNDA:0,(anonymous_27)
FNDA:0,(anonymous_28)
FNDA:0,(anonymous_29)
FNDA:0,(anonymous_30)
FNDA:0,(anonymous_31)
FNDA:0,(anonymous_32)
FNDA:0,(anonymous_33)
FNDA:0,(anonymous_34)
FNDA:0,(anonymous_35)
FNDA:0,(anonymous_36)
FNDA:0,(anonymous_37)
FNDA:0,(anonymous_38)
FNDA:0,(anonymous_39)
DA:10,0
DA:12,0
DA:15,0
DA:19,0
DA:24,0
DA:25,0
DA:34,0
DA:35,0
DA:36,0
DA:37,0
DA:38,0
DA:39,0
DA:40,0
DA:41,0
DA:44,0
DA:45,0
DA:48,0
DA:49,0
DA:52,0
DA:53,0
DA:54,0
DA:55,0
DA:57,0
DA:58,0
DA:59,0
DA:64,0
DA:65,0
DA:66,0
DA:67,0
DA:68,0
DA:69,0
DA:70,0
DA:73,0
DA:80,0
DA:81,0
DA:82,0
DA:83,0
DA:87,0
DA:88,0
DA:89,0
DA:90,0
DA:91,0
DA:92,0
DA:97,0
DA:98,0
DA:99,0
DA:101,0
DA:106,0
DA:112,0
DA:122,0
DA:124,0
DA:126,0
DA:127,0
DA:129,0
DA:130,0
DA:131,0
DA:132,0
DA:133,0
DA:135,0
DA:136,0
DA:137,0
DA:147,0
DA:153,0
DA:159,0
DA:162,0
DA:163,0
DA:164,0
DA:165,0
DA:167,0
DA:168,0
DA:169,0
DA:176,0
DA:177,0
DA:178,0
DA:181,0
DA:183,0
DA:185,0
DA:186,0
DA:190,0
DA:198,0
DA:199,0
DA:200,0
DA:201,0
DA:202,0
DA:203,0
DA:205,0
DA:211,0
DA:213,0
DA:215,0
DA:221,0
DA:222,0
DA:223,0
DA:224,0
DA:225,0
DA:227,0
DA:228,0
DA:229,0
DA:236,0
DA:237,0
DA:238,0
DA:240,0
DA:243,0
DA:249,0
DA:259,0
DA:261,0
DA:262,0
DA:263,0
DA:267,0
DA:268,0
DA:269,0
DA:270,0
DA:271,0
DA:272,0
DA:273,0
DA:277,0
DA:278,0
DA:279,0
DA:280,0
DA:281,0
DA:282,0
DA:283,0
DA:287,0
DA:288,0
DA:292,0
DA:293,0
DA:295,0
DA:296,0
DA:298,0
DA:299,0
DA:301,0
DA:302,0
DA:303,0
DA:306,0
DA:307,0
DA:308,0
DA:311,0
DA:313,0
DA:315,0
DA:316,0
DA:321,0
DA:322,0
DA:323,0
DA:324,0
DA:326,0
DA:327,0
DA:328,0
DA:331,0
DA:332,0
DA:336,0
DA:337,0
DA:338,0
DA:340,0
DA:342,0
DA:343,0
DA:344,0
DA:345,0
DA:346,0
DA:347,0
DA:348,0
DA:350,0
DA:351,0
DA:352,0
DA:353,0
DA:365,0
DA:366,0
DA:370,0
DA:373,0
DA:374,0
DA:375,0
DA:376,0
DA:378,0
DA:382,0
DA:385,0
DA:386,0
DA:388,0
DA:389,0
DA:390,0
DA:393,0
DA:403,0
DA:411,0
DA:412,0
DA:413,0
DA:414,0
DA:415,0
DA:416,0
DA:418,0
DA:419,0
DA:420,0
DA:421,0
DA:422,0
DA:427,0
DA:428,0
DA:433,0
DA:434,0
DA:445,0
DA:446,0
DA:450,0
DA:451,0
DA:452,0
DA:456,0
DA:457,0
DA:459,0
DA:460,0
DA:461,0
DA:464,0
DA:465,0
DA:466,0
DA:468,0
DA:469,0
DA:471,0
DA:472,0
DA:473,0
DA:475,0
DA:479,0
DA:480,0
DA:481,0
DA:483,0
DA:484,0
DA:485,0
DA:486,0
DA:487,0
DA:490,0
DA:491,0
DA:492,0
DA:494,0
DA:497,0
DA:498,0
DA:499,0
DA:501,0
DA:502,0
DA:508,0
DA:510,0
DA:511,0
DA:512,0
DA:513,0
DA:514,0
DA:515,0
DA:516,0
DA:519,0
DA:520,0
DA:521,0
DA:522,0
DA:523,0
DA:524,0
DA:525,0
DA:526,0
DA:527,0
DA:528,0
DA:529,0
DA:530,0
DA:532,0
DA:539,0
DA:540,0
DA:541,0
DA:543,0
DA:544,0
DA:545,0
DA:546,0
DA:547,0
DA:548,0
DA:551,0
DA:553,0
DA:554,0
DA:555,0
DA:556,0
DA:557,0
DA:558,0
DA:559,0
DA:560,0
DA:561,0
DA:562,0
DA:565,0
DA:566,0
DA:567,0
DA:569,0
DA:571,0
DA:584,0
DA:585,0
DA:587,0
DA:588,0
DA:589,0
DA:592,0
DA:595,0
DA:601,0
DA:602,0
DA:604,0
DA:607,0
DA:608,0
DA:610,0
DA:612,0
DA:613,0
DA:616,0
DA:618,0
DA:632,0
DA:634,0
DA:635,0
DA:636,0
DA:641,0
DA:643,0
DA:644,0
DA:656,0
DA:657,0
DA:658,0
DA:661,0
DA:662,0
DA:663,0
DA:665,0
DA:667,0
DA:668,0
DA:671,0
DA:673,0
DA:674,0
DA:675,0
DA:677,0
DA:693,0
DA:695,0
DA:703,0
DA:704,0
LF:318
LH:0
BRDA:19,0,0,0
BRDA:25,1,0,0
BRDA:25,1,1,0
BRDA:35,2,0,0
BRDA:35,2,1,0
BRDA:37,3,0,0
BRDA:37,3,1,0
BRDA:40,4,0,0
BRDA:40,4,1,0
BRDA:52,5,0,0
BRDA:52,5,1,0
BRDA:80,6,0,0
BRDA:80,6,1,0
BRDA:89,7,0,0
BRDA:89,7,1,0
BRDA:122,8,0,0
BRDA:122,8,1,0
BRDA:126,9,0,0
BRDA:126,9,1,0
BRDA:126,10,0,0
BRDA:126,10,1,0
BRDA:132,11,0,0
BRDA:132,11,1,0
BRDA:133,12,0,0
BRDA:133,12,1,0
BRDA:177,13,0,0
BRDA:177,13,1,0
BRDA:196,14,0,0
BRDA:213,15,0,0
BRDA:213,15,1,0
BRDA:221,16,0,0
BRDA:221,16,1,0
BRDA:259,17,0,0
BRDA:259,17,1,0
BRDA:269,18,0,0
BRDA:269,18,1,0
BRDA:271,19,0,0
BRDA:271,19,1,0
BRDA:271,20,0,0
BRDA:271,20,1,0
BRDA:307,21,0,0
BRDA:307,21,1,0
BRDA:326,22,0,0
BRDA:326,22,1,0
BRDA:326,23,0,0
BRDA:326,23,1,0
BRDA:342,24,0,0
BRDA:342,24,1,0
BRDA:344,25,0,0
BRDA:344,25,1,0
BRDA:347,26,0,0
BRDA:347,26,1,0
BRDA:352,27,0,0
BRDA:352,27,1,0
BRDA:352,28,0,0
BRDA:352,28,1,0
BRDA:356,29,0,0
BRDA:356,29,1,0
BRDA:373,30,0,0
BRDA:373,30,1,0
BRDA:375,31,0,0
BRDA:375,31,1,0
BRDA:415,32,0,0
BRDA:415,32,1,0
BRDA:420,33,0,0
BRDA:420,33,1,0
BRDA:420,34,0,0
BRDA:420,34,1,0
BRDA:421,35,0,0
BRDA:421,35,1,0
BRDA:425,36,0,0
BRDA:425,36,1,0
BRDA:427,37,0,0
BRDA:427,37,1,0
BRDA:431,38,0,0
BRDA:431,38,1,0
BRDA:433,39,0,0
BRDA:433,39,1,0
BRDA:437,40,0,0
BRDA:437,40,1,0
BRDA:459,41,0,0
BRDA:459,41,1,0
BRDA:471,42,0,0
BRDA:471,42,1,0
BRDA:480,43,0,0
BRDA:480,43,1,0
BRDA:485,44,0,0
BRDA:485,44,1,0
BRDA:512,45,0,0
BRDA:512,45,1,0
BRDA:512,46,0,0
BRDA:512,46,1,0
BRDA:513,47,0,0
BRDA:513,47,1,0
BRDA:513,48,0,0
BRDA:513,48,1,0
BRDA:514,49,0,0
BRDA:514,49,1,0
BRDA:514,50,0,0
BRDA:514,50,1,0
BRDA:515,51,0,0
BRDA:515,51,1,0
BRDA:515,52,0,0
BRDA:515,52,1,0
BRDA:521,53,0,0
BRDA:521,53,1,0
BRDA:521,54,0,0
BRDA:521,54,1,0
BRDA:524,55,0,0
BRDA:524,55,1,0
BRDA:527,56,0,0
BRDA:527,56,1,0
BRDA:529,57,0,0
BRDA:529,57,1,0
BRDA:546,58,0,0
BRDA:546,58,1,0
BRDA:554,59,0,0
BRDA:554,59,1,0
BRDA:560,60,0,0
BRDA:560,60,1,0
BRDA:567,61,0,0
BRDA:567,61,1,0
BRDA:584,62,0,0
BRDA:584,63,0,0
BRDA:613,64,0,0
BRDA:613,64,1,0
BRDA:620,65,0,0
BRDA:620,65,1,0
BRDA:623,66,0,0
BRDA:623,66,1,0
BRDA:627,67,0,0
BRDA:627,67,1,0
BRDA:643,68,0,0
BRDA:643,68,1,0
BRDA:658,69,0,0
BRDA:658,69,1,0
BRDA:668,70,0,0
BRDA:668,70,1,0
BRDA:679,71,0,0
BRDA:679,71,1,0
BRDA:682,72,0,0
BRDA:682,72,1,0
BRDA:688,73,0,0
BRDA:688,73,1,0
BRF:144
BRH:0
end_of_record
TN:
SF:Backend\services\centerService.js
FN:4,(anonymous_0)
FN:9,(anonymous_1)
FN:14,(anonymous_2)
FN:20,(anonymous_3)
FN:25,(anonymous_4)
FNF:5
FNH:0
FNDA:0,(anonymous_0)
FNDA:0,(anonymous_1)
FNDA:0,(anonymous_2)
FNDA:0,(anonymous_3)
FNDA:0,(anonymous_4)
DA:4,0
DA:5,0
DA:9,0
DA:10,0
DA:14,0
DA:15,0
DA:16,0
DA:20,0
DA:21,0
DA:25,0
DA:26,0
LF:11
LH:0
BRF:0
BRH:0
end_of_record
TN:
SF:Backend\services\centerServices.js
FN:9,(anonymous_0)
FN:24,(anonymous_1)
FN:53,(anonymous_2)
FN:72,(anonymous_3)
FN:83,(anonymous_4)
FN:91,(anonymous_5)
FN:106,(anonymous_6)
FNF:7
FNH:0
FNDA:0,(anonymous_0)
FNDA:0,(anonymous_1)
FNDA:0,(anonymous_2)
FNDA:0,(anonymous_3)
FNDA:0,(anonymous_4)
FNDA:0,(anonymous_5)
FNDA:0,(anonymous_6)
DA:7,0
DA:9,0
DA:10,0
DA:11,0
DA:12,0
DA:13,0
DA:14,0
DA:15,0
DA:17,0
DA:18,0
DA:24,0
DA:25,0
DA:26,0
DA:29,0
DA:31,0
DA:32,0
DA:33,0
DA:37,0
DA:38,0
DA:42,0
DA:43,0
DA:44,0
DA:47,0
DA:48,0
DA:49,0
DA:53,0
DA:54,0
DA:55,0
DA:56,0
DA:57,0
DA:60,0
DA:61,0
DA:64,0
DA:66,0
DA:67,0
DA:72,0
DA:73,0
DA:74,0
DA:76,0
DA:77,0
DA:78,0
DA:80,0
DA:83,0
DA:84,0
DA:85,0
DA:86,0
DA:87,0
DA:90,0
DA:92,0
DA:94,0
DA:95,0
DA:99,0
DA:101,0
DA:102,0
DA:106,0
DA:107,0
DA:109,0
DA:113,0
DA:115,0
DA:120,0
DA:122,0
DA:123,0
LF:62
LH:0
BRDA:25,0,0,0
BRDA:25,0,1,0
BRDA:25,1,0,0
BRDA:25,1,1,0
BRDA:25,1,2,0
BRDA:32,2,0,0
BRDA:32,2,1,0
BRDA:37,3,0,0
BRDA:37,3,1,0
BRDA:37,4,0,0
BRDA:37,4,1,0
BRDA:37,4,2,0
BRDA:44,5,0,0
BRDA:44,5,1,0
BRDA:44,6,0,0
BRDA:44,6,1,0
BRDA:48,7,0,0
BRDA:48,7,1,0
BRDA:54,8,0,0
BRDA:54,8,1,0
BRDA:54,9,0,0
BRDA:54,9,1,0
BRDA:57,10,0,0
BRDA:57,10,1,0
BRDA:60,11,0,0
BRDA:60,11,1,0
BRDA:73,12,0,0
BRDA:73,12,1,0
BRDA:77,13,0,0
BRDA:77,13,1,0
BRF:30
BRH:0
end_of_record
TN:
SF:Backend\services\contactServices.js
FN:3,(anonymous_0)
FNF:1
FNH:0
FNDA:0,(anonymous_0)
DA:3,0
DA:4,0
DA:5,0
DA:6,0
DA:7,0
DA:9,0
LF:6
LH:0
BRF:0
BRH:0
end_of_record
TN:
SF:Backend\services\inventoriesService.js
FN:4,importStock
FN:47,getStockHistory
FN:69,getInventoryList
FN:86,sellStock
FNF:4
FNH:0
FNDA:0,importStock
FNDA:0,getStockHistory
FNDA:0,getInventoryList
FNDA:0,sellStock
DA:5,0
DA:6,0
DA:9,0
DA:10,0
DA:14,0
DA:15,0
DA:16,0
DA:20,0
DA:21,0
DA:24,0
DA:25,0
DA:32,0
DA:44,0
DA:48,0
DA:49,0
DA:50,0
DA:51,0
DA:53,0
DA:54,0
DA:55,0
DA:56,0
DA:62,0
DA:70,0
DA:71,0
DA:72,0
DA:73,0
DA:74,0
DA:75,0
DA:76,0
DA:77,0
DA:80,0
DA:87,0
DA:88,0
DA:91,0
DA:92,0
DA:96,0
DA:97,0
DA:100,0
DA:101,0
DA:105,0
DA:106,0
DA:113,0
DA:123,0
DA:125,0
LF:44
LH:0
BRDA:5,0,0,0
BRDA:5,0,1,0
BRDA:9,1,0,0
BRDA:9,1,1,0
BRDA:15,2,0,0
BRDA:15,2,1,0
BRDA:35,3,0,0
BRDA:35,3,1,0
BRDA:49,4,0,0
BRDA:49,4,1,0
BRDA:50,5,0,0
BRDA:50,5,1,0
BRDA:51,6,0,0
BRDA:51,6,1,0
BRDA:53,7,0,0
BRDA:53,7,1,0
BRDA:53,8,0,0
BRDA:53,8,1,0
BRDA:69,9,0,0
BRDA:71,10,0,0
BRDA:71,10,1,0
BRDA:72,11,0,0
BRDA:72,11,1,0
BRDA:73,12,0,0
BRDA:73,12,1,0
BRDA:74,13,0,0
BRDA:74,13,1,0
BRDA:74,14,0,0
BRDA:74,14,1,0
BRDA:76,15,0,0
BRDA:76,15,1,0
BRDA:77,16,0,0
BRDA:77,16,1,0
BRDA:87,17,0,0
BRDA:87,17,1,0
BRDA:91,18,0,0
BRDA:91,18,1,0
BRDA:97,19,0,0
BRDA:97,19,1,0
BRDA:100,20,0,0
BRDA:100,20,1,0
BRF:41
BRH:0
end_of_record
TN:
SF:Backend\services\newsService.js
FN:7,(anonymous_0)
FN:13,(anonymous_1)
FN:18,(anonymous_2)
FN:23,(anonymous_3)
FN:27,(anonymous_4)
FNF:5
FNH:0
FNDA:0,(anonymous_0)
FNDA:0,(anonymous_1)
FNDA:0,(anonymous_2)
FNDA:0,(anonymous_3)
FNDA:0,(anonymous_4)
DA:7,0
DA:8,0
DA:9,0
DA:13,0
DA:14,0
DA:18,0
DA:19,0
DA:23,0
DA:24,0
DA:27,0
DA:28,0
DA:30,0
DA:31,0
DA:33,0
LF:14
LH:0
BRF:0
BRH:0
end_of_record
TN:
SF:Backend\services\ratingService.js
FN:11,getRatingsByCenter
FN:21,deleteRatingById
FN:25,(anonymous_2)
FNF:3
FNH:0
FNDA:0,getRatingsByCenter
FNDA:0,deleteRatingById
FNDA:0,(anonymous_2)
DA:12,0
DA:22,0
DA:25,0
DA:26,0
DA:27,0
DA:31,0
DA:32,0
LF:7
LH:0
BRDA:26,0,0,0
BRDA:26,0,1,0
BRF:2
BRH:0
end_of_record
TN:
SF:Backend\services\reportServices.js
FN:4,calculateReport
FN:18,(anonymous_1)
FN:19,(anonymous_2)
FN:30,calculateMonthlyReport
FN:31,(anonymous_4)
FN:43,(anonymous_5)
FN:48,(anonymous_6)
FN:53,(anonymous_7)
FNF:8
FNH:0
FNDA:0,calculateReport
FNDA:0,(anonymous_1)
FNDA:0,(anonymous_2)
FNDA:0,calculateMonthlyReport
FNDA:0,(anonymous_4)
FNDA:0,(anonymous_5)
FNDA:0,(anonymous_6)
FNDA:0,(anonymous_7)
DA:5,0
DA:6,0
DA:7,0
DA:8,0
DA:9,0
DA:10,0
DA:13,0
DA:18,0
DA:19,0
DA:21,0
DA:31,0
DA:38,0
DA:43,0
DA:44,0
DA:45,0
DA:48,0
DA:49,0
DA:50,0
DA:53,0
DA:54,0
DA:57,0
LF:21
LH:0
BRDA:6,0,0,0
BRDA:6,0,1,0
BRDA:7,1,0,0
BRDA:7,1,1,0
BRDA:7,2,0,0
BRDA:7,2,1,0
BRDA:9,3,0,0
BRDA:9,3,1,0
BRDA:10,4,0,0
BRDA:10,4,1,0
BRF:10
BRH:0
end_of_record
TN:
SF:Backend\services\sellhistoryService.js
FN:8,getAllSellHistories
FN:23,createSellHistory
FN:34,(anonymous_2)
FNF:3
FNH:0
FNDA:0,getAllSellHistories
FNDA:0,createSellHistory
FNDA:0,(anonymous_2)
DA:9,0
DA:25,0
DA:26,0
DA:27,0
DA:28,0
DA:29,0
DA:30,0
DA:34,0
DA:40,0
DA:48,0
LF:10
LH:0
BRDA:27,0,0,0
BRDA:27,0,1,0
BRDA:28,1,0,0
BRDA:28,1,1,0
BRF:4
BRH:0
end_of_record
TN:
SF:Backend\services\userManageServices.js
FN:3,(anonymous_0)
FN:16,(anonymous_1)
FNF:2
FNH:0
FNDA:0,(anonymous_0)
FNDA:0,(anonymous_1)
DA:3,0
DA:4,0
DA:5,0
DA:6,0
DA:7,0
DA:9,0
DA:11,0
DA:16,0
DA:17,0
DA:18,0
DA:19,0
DA:20,0
DA:22,0
DA:23,0
DA:24,0
DA:26,0
DA:28,0
LF:17
LH:0
BRDA:6,0,0,0
BRDA:6,0,1,0
BRDA:6,1,0,0
BRDA:6,1,1,0
BRDA:11,2,0,0
BRDA:11,2,1,0
BRDA:19,3,0,0
BRDA:19,3,1,0
BRDA:23,4,0,0
BRDA:23,4,1,0
BRDA:28,5,0,0
BRDA:28,5,1,0
BRF:12
BRH:0
end_of_record
TN:
SF:Backend\services\userServices.js
FN:34,(anonymous_0)
FN:36,(anonymous_1)
FN:42,(anonymous_2)
FN:126,(anonymous_3)
FN:153,(anonymous_4)
FN:208,(anonymous_5)
FN:266,(anonymous_6)
FN:282,(anonymous_7)
FN:316,(anonymous_8)
FN:345,(anonymous_9)
FN:358,(anonymous_10)
FN:370,(anonymous_11)
FN:402,(anonymous_12)
FN:422,(anonymous_13)
FN:431,(anonymous_14)
FN:445,(anonymous_15)
FN:460,(anonymous_16)
FN:469,(anonymous_17)
FN:483,(anonymous_18)
FN:498,(anonymous_19)
FN:506,(anonymous_20)
FN:625,(anonymous_21)
FN:668,(anonymous_22)
FN:701,(anonymous_23)
FN:748,(anonymous_24)
FN:788,(anonymous_25)
FN:801,(anonymous_26)
FN:810,(anonymous_27)
FN:812,(anonymous_28)
FN:814,(anonymous_29)
FN:848,(anonymous_30)
FN:865,(anonymous_31)
FN:879,(anonymous_32)
FN:880,(anonymous_33)
FN:889,(anonymous_34)
FN:914,(anonymous_35)
FN:944,(anonymous_36)
FN:951,(anonymous_37)
FN:970,(anonymous_38)
FNF:39
FNH:0
FNDA:0,(anonymous_0)
FNDA:0,(anonymous_1)
FNDA:0,(anonymous_2)
FNDA:0,(anonymous_3)
FNDA:0,(anonymous_4)
FNDA:0,(anonymous_5)
FNDA:0,(anonymous_6)
FNDA:0,(anonymous_7)
FNDA:0,(anonymous_8)
FNDA:0,(anonymous_9)
FNDA:0,(anonymous_10)
FNDA:0,(anonymous_11)
FNDA:0,(anonymous_12)
FNDA:0,(anonymous_13)
FNDA:0,(anonymous_14)
FNDA:0,(anonymous_15)
FNDA:0,(anonymous_16)
FNDA:0,(anonymous_17)
FNDA:0,(anonymous_18)
FNDA:0,(anonymous_19)
FNDA:0,(anonymous_20)
FNDA:0,(anonymous_21)
FNDA:0,(anonymous_22)
FNDA:0,(anonymous_23)
FNDA:0,(anonymous_24)
FNDA:0,(anonymous_25)
FNDA:0,(anonymous_26)
FNDA:0,(anonymous_27)
FNDA:0,(anonymous_28)
FNDA:0,(anonymous_29)
FNDA:0,(anonymous_30)
FNDA:0,(anonymous_31)
FNDA:0,(anonymous_32)
FNDA:0,(anonymous_33)
FNDA:0,(anonymous_34)
FNDA:0,(anonymous_35)
FNDA:0,(anonymous_36)
FNDA:0,(anonymous_37)
FNDA:0,(anonymous_38)
DA:17,0
DA:20,0
DA:21,0
DA:23,0
DA:24,0
DA:26,0
DA:34,0
DA:35,0
DA:36,0
DA:42,0
DA:43,0
DA:44,0
DA:47,0
DA:49,0
DA:50,0
DA:51,0
DA:52,0
DA:55,0
DA:56,0
DA:58,0
DA:65,0
DA:66,0
DA:68,0
DA:69,0
DA:70,0
DA:71,0
DA:72,0
DA:73,0
DA:75,0
DA:78,0
DA:79,0
DA:80,0
DA:81,0
DA:82,0
DA:84,0
DA:88,0
DA:91,0
DA:92,0
DA:96,0
DA:97,0
DA:98,0
DA:99,0
DA:102,0
DA:103,0
DA:106,0
DA:112,0
DA:113,0
DA:118,0
DA:126,0
DA:127,0
DA:128,0
DA:129,0
DA:132,0
DA:133,0
DA:136,0
DA:137,0
DA:139,0
DA:147,0
DA:153,0
DA:154,0
DA:156,0
DA:157,0
DA:161,0
DA:162,0
DA:163,0
DA:164,0
DA:165,0
DA:168,0
DA:170,0
DA:172,0
DA:175,0
DA:176,0
DA:177,0
DA:178,0
DA:179,0
DA:181,0
DA:182,0
DA:183,0
DA:188,0
DA:189,0
DA:190,0
DA:192,0
DA:199,0
DA:200,0
DA:202,0
DA:208,0
DA:209,0
DA:210,0
DA:211,0
DA:212,0
DA:216,0
DA:218,0
DA:219,0
DA:220,0
DA:224,0
DA:225,0
DA:226,0
DA:232,0
DA:233,0
DA:234,0
DA:235,0
DA:236,0
DA:237,0
DA:238,0
DA:240,0
DA:241,0
DA:247,0
DA:254,0
DA:255,0
DA:257,0
DA:259,0
DA:266,0
DA:267,0
DA:268,0
DA:269,0
DA:272,0
DA:273,0
DA:274,0
DA:275,0
DA:276,0
DA:282,0
DA:283,0
DA:285,0
DA:286,0
DA:287,0
DA:290,0
DA:291,0
DA:292,0
DA:295,0
DA:296,0
DA:301,0
DA:302,0
DA:305,0
DA:306,0
DA:308,0
DA:309,0
DA:316,0
DA:317,0
DA:318,0
DA:322,0
DA:324,0
DA:330,0
DA:331,0
DA:333,0
DA:335,0
DA:337,0
DA:338,0
DA:345,0
DA:346,0
DA:351,0
DA:352,0
DA:358,0
DA:359,0
DA:364,0
DA:370,0
DA:371,0
DA:372,0
DA:373,0
DA:374,0
DA:375,0
DA:376,0
DA:377,0
DA:378,0
DA:379,0
DA:380,0
DA:381,0
DA:384,0
DA:389,0
DA:394,0
DA:396,0
DA:402,0
DA:403,0
DA:404,0
DA:406,0
DA:407,0
DA:410,0
DA:422,0
DA:423,0
DA:424,0
DA:425,0
DA:426,0
DA:427,0
DA:429,0
DA:431,0
DA:432,0
DA:433,0
DA:435,0
DA:436,0
DA:439,0
DA:445,0
DA:446,0
DA:447,0
DA:449,0
DA:450,0
DA:453,0
DA:460,0
DA:461,0
DA:462,0
DA:463,0
DA:464,0
DA:465,0
DA:467,0
DA:469,0
DA:470,0
DA:471,0
DA:473,0
DA:474,0
DA:477,0
DA:483,0
DA:484,0
DA:485,0
DA:486,0
DA:487,0
DA:488,0
DA:490,0
DA:492,0
DA:498,0
DA:499,0
DA:500,0
DA:506,0
DA:507,0
DA:508,0
DA:509,0
DA:510,0
DA:514,0
DA:515,0
DA:516,0
DA:517,0
DA:518,0
DA:519,0
DA:520,0
DA:521,0
DA:522,0
DA:523,0
DA:524,0
DA:525,0
DA:526,0
DA:527,0
DA:529,0
DA:533,0
DA:580,0
DA:581,0
DA:583,0
DA:584,0
DA:585,0
DA:586,0
DA:587,0
DA:589,0
DA:590,0
DA:591,0
DA:592,0
DA:593,0
DA:595,0
DA:603,0
DA:625,0
DA:626,0
DA:628,0
DA:629,0
DA:633,0
DA:634,0
DA:635,0
DA:638,0
DA:639,0
DA:640,0
DA:643,0
DA:644,0
DA:645,0
DA:652,0
DA:653,0
DA:654,0
DA:656,0
DA:658,0
DA:659,0
DA:660,0
DA:661,0
DA:668,0
DA:669,0
DA:671,0
DA:672,0
DA:676,0
DA:677,0
DA:682,0
DA:686,0
DA:687,0
DA:690,0
DA:691,0
DA:692,0
DA:693,0
DA:695,0
DA:701,0
DA:702,0
DA:703,0
DA:706,0
DA:707,0
DA:711,0
DA:713,0
DA:714,0
DA:715,0
DA:718,0
DA:719,0
DA:720,0
DA:722,0
DA:730,0
DA:737,0
DA:738,0
DA:740,0
DA:742,0
DA:748,0
DA:749,0
DA:750,0
DA:751,0
DA:752,0
DA:755,0
DA:756,0
DA:757,0
DA:760,0
DA:763,0
DA:768,0
DA:770,0
DA:776,0
DA:777,0
DA:778,0
DA:780,0
DA:781,0
DA:788,0
DA:789,0
DA:790,0
DA:792,0
DA:793,0
DA:799,0
DA:801,0
DA:802,0
DA:803,0
DA:804,0
DA:805,0
DA:806,0
DA:807,0
DA:810,0
DA:811,0
DA:812,0
DA:813,0
DA:814,0
DA:815,0
DA:816,0
DA:817,0
DA:818,0
DA:819,0
DA:827,0
DA:828,0
DA:829,0
DA:830,0
DA:831,0
DA:832,0
DA:836,0
DA:837,0
DA:838,0
DA:839,0
DA:840,0
DA:841,0
DA:842,0
DA:843,0
DA:844,0
DA:847,0
DA:848,0
DA:849,0
DA:852,0
DA:865,0
DA:866,0
DA:867,0
DA:868,0
DA:869,0
DA:871,0
DA:873,0
DA:879,0
DA:880,0
DA:882,0
DA:885,0
DA:886,0
DA:888,0
DA:890,0
DA:891,0
DA:894,0
DA:896,0
DA:910,0
DA:912,0
DA:913,0
DA:914,0
DA:919,0
DA:921,0
DA:922,0
DA:934,0
DA:935,0
DA:936,0
DA:939,0
DA:940,0
DA:941,0
DA:943,0
DA:945,0
DA:946,0
DA:949,0
DA:951,0
DA:952,0
DA:953,0
DA:955,0
DA:970,0
DA:972,0
DA:980,0
DA:981,0
LF:408
LH:0
BRDA:47,0,0,0
BRDA:47,0,1,0
BRDA:47,1,0,0
BRDA:47,1,1,0
BRDA:49,2,0,0
BRDA:49,2,1,0
BRDA:49,3,0,0
BRDA:49,3,1,0
BRDA:51,4,0,0
BRDA:51,4,1,0
BRDA:55,5,0,0
BRDA:55,5,1,0
BRDA:55,6,0,0
BRDA:55,6,1,0
BRDA:68,7,0,0
BRDA:68,7,1,0
BRDA:70,8,0,0
BRDA:70,8,1,0
BRDA:72,9,0,0
BRDA:72,9,1,0
BRDA:78,10,0,0
BRDA:78,10,1,0
BRDA:79,11,0,0
BRDA:79,11,1,0
BRDA:81,12,0,0
BRDA:81,12,1,0
BRDA:91,13,0,0
BRDA:91,13,1,0
BRDA:96,14,0,0
BRDA:96,14,1,0
BRDA:96,15,0,0
BRDA:96,15,1,0
BRDA:98,16,0,0
BRDA:98,16,1,0
BRDA:102,17,0,0
BRDA:102,17,1,0
BRDA:106,18,0,0
BRDA:106,18,1,0
BRDA:106,18,2,0
BRDA:106,18,3,0
BRDA:106,18,4,0
BRDA:112,19,0,0
BRDA:112,19,1,0
BRDA:127,20,0,0
BRDA:127,20,1,0
BRDA:128,21,0,0
BRDA:128,21,1,0
BRDA:129,22,0,0
BRDA:129,22,1,0
BRDA:132,23,0,0
BRDA:132,23,1,0
BRDA:145,24,0,0
BRDA:145,24,1,0
BRDA:156,25,0,0
BRDA:156,25,1,0
BRDA:161,26,0,0
BRDA:161,26,1,0
BRDA:161,27,0,0
BRDA:161,27,1,0
BRDA:170,28,0,0
BRDA:170,28,1,0
BRDA:175,29,0,0
BRDA:175,29,1,0
BRDA:211,30,0,0
BRDA:211,30,1,0
BRDA:216,31,0,0
BRDA:216,31,1,0
BRDA:216,32,0,0
BRDA:216,32,1,0
BRDA:219,33,0,0
BRDA:219,33,1,0
BRDA:225,34,0,0
BRDA:225,34,1,0
BRDA:233,35,0,0
BRDA:233,35,1,0
BRDA:233,36,0,0
BRDA:233,36,1,0
BRDA:233,36,2,0
BRDA:240,37,0,0
BRDA:240,37,1,0
BRDA:268,38,0,0
BRDA:268,38,1,0
BRDA:286,39,0,0
BRDA:286,39,1,0
BRDA:290,40,0,0
BRDA:290,40,1,0
BRDA:295,41,0,0
BRDA:295,41,1,0
BRDA:330,42,0,0
BRDA:330,42,1,0
BRDA:372,43,0,0
BRDA:372,43,1,0
BRDA:372,44,0,0
BRDA:372,44,1,0
BRDA:374,45,0,0
BRDA:374,45,1,0
BRDA:374,46,0,0
BRDA:374,46,1,0
BRDA:376,47,0,0
BRDA:376,47,1,0
BRDA:376,48,0,0
BRDA:376,48,1,0
BRDA:378,49,0,0
BRDA:378,49,1,0
BRDA:378,50,0,0
BRDA:378,50,1,0
BRDA:380,51,0,0
BRDA:380,51,1,0
BRDA:402,52,0,0
BRDA:403,53,0,0
BRDA:403,53,1,0
BRDA:422,54,0,0
BRDA:422,54,1,0
BRDA:422,55,0,0
BRDA:422,55,1,0
BRDA:424,56,0,0
BRDA:424,56,1,0
BRDA:432,57,0,0
BRDA:432,57,1,0
BRDA:445,58,0,0
BRDA:446,59,0,0
BRDA:446,59,1,0
BRDA:460,60,0,0
BRDA:460,60,1,0
BRDA:460,61,0,0
BRDA:460,61,1,0
BRDA:462,62,0,0
BRDA:462,62,1,0
BRDA:470,63,0,0
BRDA:470,63,1,0
BRDA:485,64,0,0
BRDA:485,64,1,0
BRDA:499,65,0,0
BRDA:499,65,1,0
BRDA:499,66,0,0
BRDA:499,66,1,0
BRDA:506,67,0,0
BRDA:514,68,0,0
BRDA:514,68,1,0
BRDA:520,69,0,0
BRDA:520,69,1,0
BRDA:524,70,0,0
BRDA:524,70,1,0
BRDA:580,71,0,0
BRDA:580,71,1,0
BRDA:581,72,0,0
BRDA:581,72,1,0
BRDA:583,73,0,0
BRDA:583,73,1,0
BRDA:584,74,0,0
BRDA:584,74,1,0
BRDA:585,75,0,0
BRDA:585,75,1,0
BRDA:586,76,0,0
BRDA:586,76,1,0
BRDA:589,77,0,0
BRDA:589,77,1,0
BRDA:590,78,0,0
BRDA:590,78,1,0
BRDA:591,79,0,0
BRDA:591,79,1,0
BRDA:592,80,0,0
BRDA:592,80,1,0
BRDA:628,81,0,0
BRDA:628,81,1,0
BRDA:671,82,0,0
BRDA:671,82,1,0
BRDA:677,83,0,0
BRDA:677,83,1,0
BRDA:678,84,0,0
BRDA:678,84,1,0
BRDA:678,84,2,0
BRDA:702,85,0,0
BRDA:702,85,1,0
BRDA:702,86,0,0
BRDA:702,86,1,0
BRDA:702,86,2,0
BRDA:706,87,0,0
BRDA:706,87,1,0
BRDA:706,88,0,0
BRDA:706,88,1,0
BRDA:711,89,0,0
BRDA:711,89,1,0
BRDA:711,90,0,0
BRDA:711,90,1,0
BRDA:714,91,0,0
BRDA:714,91,1,0
BRDA:751,92,0,0
BRDA:751,92,1,0
BRDA:756,93,0,0
BRDA:756,93,1,0
BRDA:768,94,0,0
BRDA:768,94,1,0
BRDA:803,95,0,0
BRDA:803,95,1,0
BRDA:803,96,0,0
BRDA:803,96,1,0
BRDA:804,97,0,0
BRDA:804,97,1,0
BRDA:804,98,0,0
BRDA:804,98,1,0
BRDA:805,99,0,0
BRDA:805,99,1,0
BRDA:805,100,0,0
BRDA:805,100,1,0
BRDA:806,101,0,0
BRDA:806,101,1,0
BRDA:806,102,0,0
BRDA:806,102,1,0
BRDA:811,103,0,0
BRDA:811,103,1,0
BRDA:811,104,0,0
BRDA:811,104,1,0
BRDA:813,105,0,0
BRDA:813,105,1,0
BRDA:816,106,0,0
BRDA:816,106,1,0
BRDA:818,107,0,0
BRDA:818,107,1,0
BRDA:830,108,0,0
BRDA:830,108,1,0
BRDA:837,109,0,0
BRDA:837,109,1,0
BRDA:843,110,0,0
BRDA:843,110,1,0
BRDA:849,111,0,0
BRDA:849,111,1,0
BRDA:865,112,0,0
BRDA:865,113,0,0
BRDA:891,114,0,0
BRDA:891,114,1,0
BRDA:898,115,0,0
BRDA:898,115,1,0
BRDA:901,116,0,0
BRDA:901,116,1,0
BRDA:905,117,0,0
BRDA:905,117,1,0
BRDA:921,118,0,0
BRDA:921,118,1,0
BRDA:936,119,0,0
BRDA:936,119,1,0
BRDA:946,120,0,0
BRDA:946,120,1,0
BRDA:957,121,0,0
BRDA:957,121,1,0
BRDA:960,122,0,0
BRDA:960,122,1,0
BRDA:966,123,0,0
BRDA:966,123,1,0
BRF:249
BRH:0
end_of_record
